{"/Users/bjoer/Documents/GitHub/APXO/server/database.js": {"path":"/Users/bjoer/Documents/GitHub/APXO/server/database.js","statementMap":{"0":{"start":{"line":5,"column":0},"end":{"line":9,"column":1}},"1":{"start":{"line":6,"column":2},"end":{"line":6,"column":45}},"2":{"start":{"line":8,"column":2},"end":{"line":8,"column":18}},"3":{"start":{"line":12,"column":17},"end":{"line":37,"column":1}},"4":{"start":{"line":40,"column":18},"end":{"line":45,"column":27}},"5":{"start":{"line":48,"column":23},"end":{"line":55,"column":1}},"6":{"start":{"line":49,"column":2},"end":{"line":54,"column":3}},"7":{"start":{"line":50,"column":4},"end":{"line":50,"column":35}},"8":{"start":{"line":51,"column":4},"end":{"line":51,"column":67}},"9":{"start":{"line":53,"column":4},"end":{"line":53,"column":65}}},"fnMap":{"0":{"name":"(anonymous_0)","decl":{"start":{"line":48,"column":23},"end":{"line":48,"column":24}},"loc":{"start":{"line":48,"column":35},"end":{"line":55,"column":1}},"line":48}},"branchMap":{"0":{"loc":{"start":{"line":5,"column":0},"end":{"line":9,"column":1}},"type":"if","locations":[{"start":{"line":5,"column":0},"end":{"line":9,"column":1}},{"start":{"line":7,"column":7},"end":{"line":9,"column":1}}],"line":5},"1":{"loc":{"start":{"line":12,"column":17},"end":{"line":37,"column":1}},"type":"cond-expr","locations":[{"start":{"line":12,"column":57},"end":{"line":33,"column":1}},{"start":{"line":33,"column":4},"end":{"line":37,"column":1}}],"line":12},"2":{"loc":{"start":{"line":13,"column":8},"end":{"line":13,"column":42}},"type":"binary-expr","locations":[{"start":{"line":13,"column":8},"end":{"line":13,"column":27}},{"start":{"line":13,"column":31},"end":{"line":13,"column":42}}],"line":13},"3":{"loc":{"start":{"line":14,"column":17},"end":{"line":14,"column":46}},"type":"binary-expr","locations":[{"start":{"line":14,"column":17},"end":{"line":14,"column":36}},{"start":{"line":14,"column":40},"end":{"line":14,"column":46}}],"line":14},"4":{"loc":{"start":{"line":15,"column":12},"end":{"line":15,"column":44}},"type":"binary-expr","locations":[{"start":{"line":15,"column":12},"end":{"line":15,"column":31}},{"start":{"line":15,"column":35},"end":{"line":15,"column":44}}],"line":15},"5":{"loc":{"start":{"line":16,"column":12},"end":{"line":16,"column":45}},"type":"binary-expr","locations":[{"start":{"line":16,"column":12},"end":{"line":16,"column":31}},{"start":{"line":16,"column":35},"end":{"line":16,"column":45}}],"line":16},"6":{"loc":{"start":{"line":17,"column":12},"end":{"line":17,"column":49}},"type":"binary-expr","locations":[{"start":{"line":17,"column":12},"end":{"line":17,"column":35}},{"start":{"line":17,"column":39},"end":{"line":17,"column":49}}],"line":17},"7":{"loc":{"start":{"line":19,"column":11},"end":{"line":19,"column":71}},"type":"cond-expr","locations":[{"start":{"line":19,"column":52},"end":{"line":19,"column":63}},{"start":{"line":19,"column":66},"end":{"line":19,"column":71}}],"line":19},"8":{"loc":{"start":{"line":22,"column":8},"end":{"line":27,"column":10}},"type":"cond-expr","locations":[{"start":{"line":22,"column":40},"end":{"line":27,"column":5}},{"start":{"line":27,"column":8},"end":{"line":27,"column":10}}],"line":22},"9":{"loc":{"start":{"line":40,"column":18},"end":{"line":45,"column":27}},"type":"cond-expr","locations":[{"start":{"line":41,"column":4},"end":{"line":44,"column":5}},{"start":{"line":45,"column":4},"end":{"line":45,"column":27}}],"line":40},"10":{"loc":{"start":{"line":42,"column":6},"end":{"line":42,"column":145}},"type":"binary-expr","locations":[{"start":{"line":42,"column":6},"end":{"line":42,"column":30}},{"start":{"line":42,"column":34},"end":{"line":42,"column":145}}],"line":42}},"s":{"0":0,"1":0,"2":0,"3":0,"4":0,"5":0,"6":0,"7":0,"8":0,"9":0},"f":{"0":0},"b":{"0":[0,0],"1":[0,0],"2":[0,0],"3":[0,0],"4":[0,0],"5":[0,0],"6":[0,0],"7":[0,0],"8":[0,0],"9":[0,0],"10":[0,0]}}
,"/Users/bjoer/Documents/GitHub/APXO/server/gameService.js": {"path":"/Users/bjoer/Documents/GitHub/APXO/server/gameService.js","statementMap":{"0":{"start":{"line":6,"column":30},"end":{"line":6,"column":34}},"1":{"start":{"line":10,"column":4},"end":{"line":49,"column":5}},"2":{"start":{"line":12,"column":20},"end":{"line":15,"column":8}},"3":{"start":{"line":17,"column":6},"end":{"line":46,"column":7}},"4":{"start":{"line":19,"column":8},"end":{"line":45,"column":11}},"5":{"start":{"line":48,"column":6},"end":{"line":48,"column":40}},"6":{"start":{"line":51,"column":4},"end":{"line":51,"column":35}},"7":{"start":{"line":56,"column":20},"end":{"line":56,"column":54}},"8":{"start":{"line":57,"column":4},"end":{"line":64,"column":7}},"9":{"start":{"line":69,"column":4},"end":{"line":90,"column":5}},"10":{"start":{"line":70,"column":27},"end":{"line":70,"column":92}},"11":{"start":{"line":71,"column":6},"end":{"line":73,"column":7}},"12":{"start":{"line":72,"column":8},"end":{"line":72,"column":93}},"13":{"start":{"line":75,"column":19},"end":{"line":85,"column":8}},"14":{"start":{"line":87,"column":6},"end":{"line":87,"column":18}},"15":{"start":{"line":89,"column":6},"end":{"line":89,"column":18}},"16":{"start":{"line":95,"column":20},"end":{"line":95,"column":54}},"17":{"start":{"line":96,"column":18},"end":{"line":96,"column":45}},"18":{"start":{"line":97,"column":21},"end":{"line":97,"column":43}},"19":{"start":{"line":99,"column":26},"end":{"line":99,"column":56}},"20":{"start":{"line":100,"column":32},"end":{"line":100,"column":35}},"21":{"start":{"line":101,"column":27},"end":{"line":101,"column":80}},"22":{"start":{"line":104,"column":27},"end":{"line":108,"column":7}},"23":{"start":{"line":104,"column":46},"end":{"line":108,"column":5}},"24":{"start":{"line":110,"column":27},"end":{"line":110,"column":86}},"25":{"start":{"line":110,"column":63},"end":{"line":110,"column":82}},"26":{"start":{"line":112,"column":26},"end":{"line":112,"column":29}},"27":{"start":{"line":115,"column":4},"end":{"line":118,"column":5}},"28":{"start":{"line":116,"column":6},"end":{"line":116,"column":56}},"29":{"start":{"line":117,"column":6},"end":{"line":117,"column":106}},"30":{"start":{"line":121,"column":24},"end":{"line":121,"column":26}},"31":{"start":{"line":122,"column":4},"end":{"line":142,"column":5}},"32":{"start":{"line":123,"column":24},"end":{"line":123,"column":62}},"33":{"start":{"line":124,"column":24},"end":{"line":124,"column":63}},"34":{"start":{"line":127,"column":31},"end":{"line":131,"column":7}},"35":{"start":{"line":133,"column":6},"end":{"line":133,"column":57}},"36":{"start":{"line":135,"column":6},"end":{"line":141,"column":9}},"37":{"start":{"line":145,"column":27},"end":{"line":145,"column":87}},"38":{"start":{"line":145,"column":62},"end":{"line":145,"column":83}},"39":{"start":{"line":146,"column":28},"end":{"line":159,"column":5}},"40":{"start":{"line":161,"column":4},"end":{"line":161,"column":56}},"41":{"start":{"line":163,"column":4},"end":{"line":163,"column":136}},"42":{"start":{"line":164,"column":4},"end":{"line":164,"column":105}},"43":{"start":{"line":166,"column":4},"end":{"line":173,"column":6}},"44":{"start":{"line":178,"column":20},"end":{"line":178,"column":54}},"45":{"start":{"line":179,"column":28},"end":{"line":179,"column":50}},"46":{"start":{"line":180,"column":28},"end":{"line":180,"column":63}},"47":{"start":{"line":182,"column":4},"end":{"line":182,"column":56}},"48":{"start":{"line":183,"column":4},"end":{"line":183,"column":19}},"49":{"start":{"line":188,"column":20},"end":{"line":188,"column":54}},"50":{"start":{"line":189,"column":28},"end":{"line":189,"column":50}},"51":{"start":{"line":190,"column":28},"end":{"line":190,"column":95}},"52":{"start":{"line":192,"column":4},"end":{"line":192,"column":56}},"53":{"start":{"line":193,"column":4},"end":{"line":193,"column":19}},"54":{"start":{"line":198,"column":20},"end":{"line":198,"column":54}},"55":{"start":{"line":199,"column":28},"end":{"line":199,"column":50}},"56":{"start":{"line":200,"column":28},"end":{"line":200,"column":94}},"57":{"start":{"line":202,"column":4},"end":{"line":202,"column":56}},"58":{"start":{"line":203,"column":4},"end":{"line":203,"column":19}},"59":{"start":{"line":208,"column":20},"end":{"line":208,"column":54}},"60":{"start":{"line":209,"column":28},"end":{"line":209,"column":50}},"61":{"start":{"line":210,"column":28},"end":{"line":210,"column":67}},"62":{"start":{"line":212,"column":4},"end":{"line":212,"column":56}},"63":{"start":{"line":213,"column":4},"end":{"line":213,"column":19}},"64":{"start":{"line":218,"column":20},"end":{"line":218,"column":54}},"65":{"start":{"line":219,"column":18},"end":{"line":219,"column":45}},"66":{"start":{"line":222,"column":25},"end":{"line":222,"column":71}},"67":{"start":{"line":225,"column":25},"end":{"line":225,"column":27}},"68":{"start":{"line":226,"column":4},"end":{"line":254,"column":5}},"69":{"start":{"line":227,"column":19},"end":{"line":227,"column":58}},"70":{"start":{"line":227,"column":35},"end":{"line":227,"column":57}},"71":{"start":{"line":228,"column":6},"end":{"line":253,"column":7}},"72":{"start":{"line":230,"column":31},"end":{"line":230,"column":97}},"73":{"start":{"line":231,"column":8},"end":{"line":231,"column":59}},"74":{"start":{"line":234,"column":28},"end":{"line":247,"column":10}},"75":{"start":{"line":249,"column":8},"end":{"line":252,"column":11}},"76":{"start":{"line":257,"column":4},"end":{"line":257,"column":46}},"77":{"start":{"line":259,"column":4},"end":{"line":259,"column":24}},"78":{"start":{"line":264,"column":20},"end":{"line":264,"column":54}},"79":{"start":{"line":265,"column":18},"end":{"line":265,"column":45}},"80":{"start":{"line":268,"column":25},"end":{"line":275,"column":6}},"81":{"start":{"line":278,"column":22},"end":{"line":278,"column":31}},"82":{"start":{"line":279,"column":4},"end":{"line":314,"column":7}},"83":{"start":{"line":280,"column":23},"end":{"line":280,"column":41}},"84":{"start":{"line":281,"column":6},"end":{"line":292,"column":7}},"85":{"start":{"line":282,"column":8},"end":{"line":291,"column":11}},"86":{"start":{"line":294,"column":20},"end":{"line":294,"column":43}},"87":{"start":{"line":295,"column":6},"end":{"line":307,"column":9}},"88":{"start":{"line":309,"column":6},"end":{"line":309,"column":41}},"89":{"start":{"line":310,"column":6},"end":{"line":310,"column":37}},"90":{"start":{"line":311,"column":6},"end":{"line":311,"column":55}},"91":{"start":{"line":312,"column":6},"end":{"line":312,"column":49}},"92":{"start":{"line":313,"column":6},"end":{"line":313,"column":53}},"93":{"start":{"line":316,"column":30},"end":{"line":316,"column":60}},"94":{"start":{"line":319,"column":24},"end":{"line":325,"column":43}},"95":{"start":{"line":319,"column":43},"end":{"line":325,"column":5}},"96":{"start":{"line":324,"column":78},"end":{"line":324,"column":94}},"97":{"start":{"line":325,"column":23},"end":{"line":325,"column":42}},"98":{"start":{"line":327,"column":4},"end":{"line":334,"column":6}},"99":{"start":{"line":331,"column":33},"end":{"line":331,"column":46}},"100":{"start":{"line":339,"column":4},"end":{"line":346,"column":7}},"101":{"start":{"line":351,"column":30},"end":{"line":351,"column":56}},"102":{"start":{"line":353,"column":4},"end":{"line":359,"column":7}},"103":{"start":{"line":364,"column":20},"end":{"line":364,"column":54}},"104":{"start":{"line":365,"column":24},"end":{"line":365,"column":51}},"105":{"start":{"line":368,"column":22},"end":{"line":390,"column":6}},"106":{"start":{"line":369,"column":6},"end":{"line":389,"column":7}},"107":{"start":{"line":371,"column":8},"end":{"line":380,"column":10}},"108":{"start":{"line":383,"column":8},"end":{"line":388,"column":10}},"109":{"start":{"line":392,"column":4},"end":{"line":403,"column":6}},"110":{"start":{"line":408,"column":20},"end":{"line":408,"column":54}},"111":{"start":{"line":409,"column":18},"end":{"line":409,"column":45}},"112":{"start":{"line":410,"column":21},"end":{"line":410,"column":43}},"113":{"start":{"line":411,"column":26},"end":{"line":411,"column":54}},"114":{"start":{"line":413,"column":33},"end":{"line":413,"column":74}},"115":{"start":{"line":414,"column":25},"end":{"line":414,"column":58}},"116":{"start":{"line":417,"column":32},"end":{"line":421,"column":9}},"117":{"start":{"line":418,"column":32},"end":{"line":418,"column":78}},"118":{"start":{"line":419,"column":34},"end":{"line":419,"column":88}},"119":{"start":{"line":420,"column":6},"end":{"line":420,"column":39}},"120":{"start":{"line":424,"column":23},"end":{"line":424,"column":49}},"121":{"start":{"line":425,"column":29},"end":{"line":425,"column":54}},"122":{"start":{"line":426,"column":26},"end":{"line":426,"column":67}},"123":{"start":{"line":429,"column":30},"end":{"line":429,"column":78}},"124":{"start":{"line":430,"column":26},"end":{"line":430,"column":27}},"125":{"start":{"line":432,"column":4},"end":{"line":438,"column":5}},"126":{"start":{"line":434,"column":6},"end":{"line":434,"column":69}},"127":{"start":{"line":435,"column":11},"end":{"line":438,"column":5}},"128":{"start":{"line":437,"column":6},"end":{"line":437,"column":71}},"129":{"start":{"line":441,"column":21},"end":{"line":441,"column":86}},"130":{"start":{"line":444,"column":25},"end":{"line":444,"column":57}},"131":{"start":{"line":445,"column":4},"end":{"line":448,"column":7}},"132":{"start":{"line":451,"column":4},"end":{"line":453,"column":5}},"133":{"start":{"line":452,"column":6},"end":{"line":452,"column":27}},"134":{"start":{"line":456,"column":33},"end":{"line":464,"column":5}},"135":{"start":{"line":466,"column":28},"end":{"line":469,"column":5}},"136":{"start":{"line":471,"column":4},"end":{"line":471,"column":56}},"137":{"start":{"line":473,"column":4},"end":{"line":473,"column":214}},"138":{"start":{"line":475,"column":4},"end":{"line":475,"column":32}},"139":{"start":{"line":480,"column":17},"end":{"line":480,"column":60}},"140":{"start":{"line":481,"column":4},"end":{"line":484,"column":5}},"141":{"start":{"line":482,"column":6},"end":{"line":482,"column":45}},"142":{"start":{"line":483,"column":6},"end":{"line":483,"column":69}},"143":{"start":{"line":489,"column":4},"end":{"line":544,"column":5}},"144":{"start":{"line":491,"column":6},"end":{"line":491,"column":60}},"145":{"start":{"line":494,"column":6},"end":{"line":521,"column":24}},"146":{"start":{"line":524,"column":6},"end":{"line":524,"column":47}},"147":{"start":{"line":527,"column":6},"end":{"line":527,"column":45}},"148":{"start":{"line":530,"column":6},"end":{"line":530,"column":37}},"149":{"start":{"line":533,"column":27},"end":{"line":533,"column":61}},"150":{"start":{"line":535,"column":6},"end":{"line":535,"column":65}},"151":{"start":{"line":536,"column":6},"end":{"line":540,"column":8}},"152":{"start":{"line":542,"column":6},"end":{"line":542,"column":59}},"153":{"start":{"line":543,"column":6},"end":{"line":543,"column":51}},"154":{"start":{"line":549,"column":4},"end":{"line":604,"column":5}},"155":{"start":{"line":551,"column":6},"end":{"line":551,"column":76}},"156":{"start":{"line":554,"column":22},"end":{"line":554,"column":56}},"157":{"start":{"line":555,"column":6},"end":{"line":582,"column":9}},"158":{"start":{"line":585,"column":6},"end":{"line":585,"column":74}},"159":{"start":{"line":590,"column":6},"end":{"line":590,"column":37}},"160":{"start":{"line":593,"column":27},"end":{"line":593,"column":61}},"161":{"start":{"line":595,"column":6},"end":{"line":595,"column":79}},"162":{"start":{"line":596,"column":6},"end":{"line":600,"column":8}},"163":{"start":{"line":602,"column":6},"end":{"line":602,"column":62}},"164":{"start":{"line":603,"column":6},"end":{"line":603,"column":54}}},"fnMap":{"0":{"name":"(anonymous_0)","decl":{"start":{"line":9,"column":2},"end":{"line":9,"column":3}},"loc":{"start":{"line":9,"column":39},"end":{"line":52,"column":3}},"line":9},"1":{"name":"(anonymous_1)","decl":{"start":{"line":55,"column":2},"end":{"line":55,"column":3}},"loc":{"start":{"line":55,"column":32},"end":{"line":65,"column":3}},"line":55},"2":{"name":"(anonymous_2)","decl":{"start":{"line":68,"column":2},"end":{"line":68,"column":3}},"loc":{"start":{"line":68,"column":48},"end":{"line":91,"column":3}},"line":68},"3":{"name":"(anonymous_3)","decl":{"start":{"line":94,"column":2},"end":{"line":94,"column":3}},"loc":{"start":{"line":94,"column":34},"end":{"line":174,"column":3}},"line":94},"4":{"name":"(anonymous_4)","decl":{"start":{"line":104,"column":37},"end":{"line":104,"column":38}},"loc":{"start":{"line":104,"column":46},"end":{"line":108,"column":5}},"line":104},"5":{"name":"(anonymous_5)","decl":{"start":{"line":110,"column":49},"end":{"line":110,"column":50}},"loc":{"start":{"line":110,"column":63},"end":{"line":110,"column":82}},"line":110},"6":{"name":"(anonymous_6)","decl":{"start":{"line":145,"column":46},"end":{"line":145,"column":47}},"loc":{"start":{"line":145,"column":62},"end":{"line":145,"column":83}},"line":145},"7":{"name":"(anonymous_7)","decl":{"start":{"line":177,"column":2},"end":{"line":177,"column":3}},"loc":{"start":{"line":177,"column":44},"end":{"line":184,"column":3}},"line":177},"8":{"name":"(anonymous_8)","decl":{"start":{"line":187,"column":2},"end":{"line":187,"column":3}},"loc":{"start":{"line":187,"column":39},"end":{"line":194,"column":3}},"line":187},"9":{"name":"(anonymous_9)","decl":{"start":{"line":197,"column":2},"end":{"line":197,"column":3}},"loc":{"start":{"line":197,"column":38},"end":{"line":204,"column":3}},"line":197},"10":{"name":"(anonymous_10)","decl":{"start":{"line":207,"column":2},"end":{"line":207,"column":3}},"loc":{"start":{"line":207,"column":26},"end":{"line":214,"column":3}},"line":207},"11":{"name":"(anonymous_11)","decl":{"start":{"line":217,"column":2},"end":{"line":217,"column":3}},"loc":{"start":{"line":217,"column":47},"end":{"line":260,"column":3}},"line":217},"12":{"name":"(anonymous_12)","decl":{"start":{"line":227,"column":30},"end":{"line":227,"column":31}},"loc":{"start":{"line":227,"column":35},"end":{"line":227,"column":57}},"line":227},"13":{"name":"(anonymous_13)","decl":{"start":{"line":263,"column":2},"end":{"line":263,"column":3}},"loc":{"start":{"line":263,"column":34},"end":{"line":335,"column":3}},"line":263},"14":{"name":"(anonymous_14)","decl":{"start":{"line":279,"column":25},"end":{"line":279,"column":26}},"loc":{"start":{"line":279,"column":35},"end":{"line":314,"column":5}},"line":279},"15":{"name":"(anonymous_15)","decl":{"start":{"line":319,"column":34},"end":{"line":319,"column":35}},"loc":{"start":{"line":319,"column":43},"end":{"line":325,"column":5}},"line":319},"16":{"name":"(anonymous_16)","decl":{"start":{"line":324,"column":64},"end":{"line":324,"column":65}},"loc":{"start":{"line":324,"column":78},"end":{"line":324,"column":94}},"line":324},"17":{"name":"(anonymous_17)","decl":{"start":{"line":325,"column":13},"end":{"line":325,"column":14}},"loc":{"start":{"line":325,"column":23},"end":{"line":325,"column":42}},"line":325},"18":{"name":"(anonymous_18)","decl":{"start":{"line":331,"column":25},"end":{"line":331,"column":26}},"loc":{"start":{"line":331,"column":33},"end":{"line":331,"column":46}},"line":331},"19":{"name":"(anonymous_19)","decl":{"start":{"line":338,"column":2},"end":{"line":338,"column":3}},"loc":{"start":{"line":338,"column":41},"end":{"line":347,"column":3}},"line":338},"20":{"name":"(anonymous_20)","decl":{"start":{"line":350,"column":2},"end":{"line":350,"column":3}},"loc":{"start":{"line":350,"column":81},"end":{"line":360,"column":3}},"line":350},"21":{"name":"(anonymous_21)","decl":{"start":{"line":363,"column":2},"end":{"line":363,"column":3}},"loc":{"start":{"line":363,"column":52},"end":{"line":404,"column":3}},"line":363},"22":{"name":"(anonymous_22)","decl":{"start":{"line":368,"column":38},"end":{"line":368,"column":39}},"loc":{"start":{"line":368,"column":46},"end":{"line":390,"column":5}},"line":368},"23":{"name":"(anonymous_23)","decl":{"start":{"line":407,"column":2},"end":{"line":407,"column":3}},"loc":{"start":{"line":407,"column":37},"end":{"line":476,"column":3}},"line":407},"24":{"name":"(anonymous_24)","decl":{"start":{"line":417,"column":45},"end":{"line":417,"column":46}},"loc":{"start":{"line":417,"column":60},"end":{"line":421,"column":5}},"line":417},"25":{"name":"(anonymous_25)","decl":{"start":{"line":479,"column":2},"end":{"line":479,"column":3}},"loc":{"start":{"line":479,"column":36},"end":{"line":485,"column":3}},"line":479},"26":{"name":"(anonymous_26)","decl":{"start":{"line":488,"column":2},"end":{"line":488,"column":3}},"loc":{"start":{"line":488,"column":30},"end":{"line":545,"column":3}},"line":488},"27":{"name":"(anonymous_27)","decl":{"start":{"line":548,"column":2},"end":{"line":548,"column":3}},"loc":{"start":{"line":548,"column":34},"end":{"line":605,"column":3}},"line":548}},"branchMap":{"0":{"loc":{"start":{"line":10,"column":4},"end":{"line":49,"column":5}},"type":"if","locations":[{"start":{"line":10,"column":4},"end":{"line":49,"column":5}},{"start":{},"end":{}}],"line":10},"1":{"loc":{"start":{"line":17,"column":6},"end":{"line":46,"column":7}},"type":"if","locations":[{"start":{"line":17,"column":6},"end":{"line":46,"column":7}},{"start":{},"end":{}}],"line":17},"2":{"loc":{"start":{"line":71,"column":6},"end":{"line":73,"column":7}},"type":"if","locations":[{"start":{"line":71,"column":6},"end":{"line":73,"column":7}},{"start":{},"end":{}}],"line":71},"3":{"loc":{"start":{"line":97,"column":21},"end":{"line":97,"column":43}},"type":"binary-expr","locations":[{"start":{"line":97,"column":21},"end":{"line":97,"column":37}},{"start":{"line":97,"column":41},"end":{"line":97,"column":43}}],"line":97},"4":{"loc":{"start":{"line":99,"column":26},"end":{"line":99,"column":56}},"type":"binary-expr","locations":[{"start":{"line":99,"column":26},"end":{"line":99,"column":48}},{"start":{"line":99,"column":52},"end":{"line":99,"column":56}}],"line":99},"5":{"loc":{"start":{"line":107,"column":17},"end":{"line":107,"column":55}},"type":"binary-expr","locations":[{"start":{"line":107,"column":17},"end":{"line":107,"column":50}},{"start":{"line":107,"column":54},"end":{"line":107,"column":55}}],"line":107},"6":{"loc":{"start":{"line":115,"column":4},"end":{"line":118,"column":5}},"type":"if","locations":[{"start":{"line":115,"column":4},"end":{"line":118,"column":5}},{"start":{},"end":{}}],"line":115},"7":{"loc":{"start":{"line":123,"column":24},"end":{"line":123,"column":62}},"type":"binary-expr","locations":[{"start":{"line":123,"column":24},"end":{"line":123,"column":57}},{"start":{"line":123,"column":61},"end":{"line":123,"column":62}}],"line":123},"8":{"loc":{"start":{"line":179,"column":28},"end":{"line":179,"column":50}},"type":"binary-expr","locations":[{"start":{"line":179,"column":28},"end":{"line":179,"column":44}},{"start":{"line":179,"column":48},"end":{"line":179,"column":50}}],"line":179},"9":{"loc":{"start":{"line":189,"column":28},"end":{"line":189,"column":50}},"type":"binary-expr","locations":[{"start":{"line":189,"column":28},"end":{"line":189,"column":44}},{"start":{"line":189,"column":48},"end":{"line":189,"column":50}}],"line":189},"10":{"loc":{"start":{"line":199,"column":28},"end":{"line":199,"column":50}},"type":"binary-expr","locations":[{"start":{"line":199,"column":28},"end":{"line":199,"column":44}},{"start":{"line":199,"column":48},"end":{"line":199,"column":50}}],"line":199},"11":{"loc":{"start":{"line":209,"column":28},"end":{"line":209,"column":50}},"type":"binary-expr","locations":[{"start":{"line":209,"column":28},"end":{"line":209,"column":44}},{"start":{"line":209,"column":48},"end":{"line":209,"column":50}}],"line":209},"12":{"loc":{"start":{"line":228,"column":6},"end":{"line":253,"column":7}},"type":"if","locations":[{"start":{"line":228,"column":6},"end":{"line":253,"column":7}},{"start":{},"end":{}}],"line":228},"13":{"loc":{"start":{"line":230,"column":42},"end":{"line":230,"column":63}},"type":"binary-expr","locations":[{"start":{"line":230,"column":42},"end":{"line":230,"column":58}},{"start":{"line":230,"column":62},"end":{"line":230,"column":63}}],"line":230},"14":{"loc":{"start":{"line":230,"column":78},"end":{"line":230,"column":96}},"type":"binary-expr","locations":[{"start":{"line":230,"column":78},"end":{"line":230,"column":91}},{"start":{"line":230,"column":95},"end":{"line":230,"column":96}}],"line":230},"15":{"loc":{"start":{"line":281,"column":6},"end":{"line":292,"column":7}},"type":"if","locations":[{"start":{"line":281,"column":6},"end":{"line":292,"column":7}},{"start":{},"end":{}}],"line":281},"16":{"loc":{"start":{"line":321,"column":25},"end":{"line":321,"column":46}},"type":"binary-expr","locations":[{"start":{"line":321,"column":25},"end":{"line":321,"column":41}},{"start":{"line":321,"column":45},"end":{"line":321,"column":46}}],"line":321},"17":{"loc":{"start":{"line":323,"column":16},"end":{"line":323,"column":44}},"type":"binary-expr","locations":[{"start":{"line":323,"column":16},"end":{"line":323,"column":37}},{"start":{"line":323,"column":41},"end":{"line":323,"column":44}}],"line":323},"18":{"loc":{"start":{"line":324,"column":30},"end":{"line":324,"column":55}},"type":"binary-expr","locations":[{"start":{"line":324,"column":30},"end":{"line":324,"column":49}},{"start":{"line":324,"column":53},"end":{"line":324,"column":55}}],"line":324},"19":{"loc":{"start":{"line":324,"column":85},"end":{"line":324,"column":93}},"type":"binary-expr","locations":[{"start":{"line":324,"column":85},"end":{"line":324,"column":88}},{"start":{"line":324,"column":92},"end":{"line":324,"column":93}}],"line":324},"20":{"loc":{"start":{"line":338,"column":29},"end":{"line":338,"column":39}},"type":"default-arg","locations":[{"start":{"line":338,"column":37},"end":{"line":338,"column":39}}],"line":338},"21":{"loc":{"start":{"line":363,"column":35},"end":{"line":363,"column":50}},"type":"default-arg","locations":[{"start":{"line":363,"column":46},"end":{"line":363,"column":50}}],"line":363},"22":{"loc":{"start":{"line":369,"column":6},"end":{"line":389,"column":7}},"type":"if","locations":[{"start":{"line":369,"column":6},"end":{"line":389,"column":7}},{"start":{"line":381,"column":13},"end":{"line":389,"column":7}}],"line":369},"23":{"loc":{"start":{"line":369,"column":10},"end":{"line":369,"column":48}},"type":"binary-expr","locations":[{"start":{"line":369,"column":10},"end":{"line":369,"column":18}},{"start":{"line":369,"column":22},"end":{"line":369,"column":48}}],"line":369},"24":{"loc":{"start":{"line":410,"column":21},"end":{"line":410,"column":43}},"type":"binary-expr","locations":[{"start":{"line":410,"column":21},"end":{"line":410,"column":37}},{"start":{"line":410,"column":41},"end":{"line":410,"column":43}}],"line":410},"25":{"loc":{"start":{"line":411,"column":26},"end":{"line":411,"column":54}},"type":"binary-expr","locations":[{"start":{"line":411,"column":26},"end":{"line":411,"column":48}},{"start":{"line":411,"column":52},"end":{"line":411,"column":54}}],"line":411},"26":{"loc":{"start":{"line":413,"column":33},"end":{"line":413,"column":74}},"type":"binary-expr","locations":[{"start":{"line":413,"column":33},"end":{"line":413,"column":67}},{"start":{"line":413,"column":71},"end":{"line":413,"column":74}}],"line":413},"27":{"loc":{"start":{"line":414,"column":25},"end":{"line":414,"column":58}},"type":"binary-expr","locations":[{"start":{"line":414,"column":25},"end":{"line":414,"column":51}},{"start":{"line":414,"column":55},"end":{"line":414,"column":58}}],"line":414},"28":{"loc":{"start":{"line":418,"column":33},"end":{"line":418,"column":71}},"type":"binary-expr","locations":[{"start":{"line":418,"column":33},"end":{"line":418,"column":66}},{"start":{"line":418,"column":70},"end":{"line":418,"column":71}}],"line":418},"29":{"loc":{"start":{"line":424,"column":23},"end":{"line":424,"column":49}},"type":"binary-expr","locations":[{"start":{"line":424,"column":23},"end":{"line":424,"column":42}},{"start":{"line":424,"column":46},"end":{"line":424,"column":49}}],"line":424},"30":{"loc":{"start":{"line":432,"column":4},"end":{"line":438,"column":5}},"type":"if","locations":[{"start":{"line":432,"column":4},"end":{"line":438,"column":5}},{"start":{"line":435,"column":11},"end":{"line":438,"column":5}}],"line":432},"31":{"loc":{"start":{"line":435,"column":11},"end":{"line":438,"column":5}},"type":"if","locations":[{"start":{"line":435,"column":11},"end":{"line":438,"column":5}},{"start":{},"end":{}}],"line":435},"32":{"loc":{"start":{"line":444,"column":25},"end":{"line":444,"column":57}},"type":"binary-expr","locations":[{"start":{"line":444,"column":25},"end":{"line":444,"column":51}},{"start":{"line":444,"column":55},"end":{"line":444,"column":57}}],"line":444},"33":{"loc":{"start":{"line":451,"column":4},"end":{"line":453,"column":5}},"type":"if","locations":[{"start":{"line":451,"column":4},"end":{"line":453,"column":5}},{"start":{},"end":{}}],"line":451},"34":{"loc":{"start":{"line":473,"column":157},"end":{"line":473,"column":194}},"type":"binary-expr","locations":[{"start":{"line":473,"column":157},"end":{"line":473,"column":189}},{"start":{"line":473,"column":193},"end":{"line":473,"column":194}}],"line":473},"35":{"loc":{"start":{"line":481,"column":4},"end":{"line":484,"column":5}},"type":"if","locations":[{"start":{"line":481,"column":4},"end":{"line":484,"column":5}},{"start":{},"end":{}}],"line":481}},"s":{"0":0,"1":0,"2":0,"3":0,"4":0,"5":0,"6":0,"7":0,"8":0,"9":0,"10":0,"11":0,"12":0,"13":0,"14":0,"15":0,"16":0,"17":0,"18":0,"19":0,"20":0,"21":0,"22":0,"23":0,"24":0,"25":0,"26":0,"27":0,"28":0,"29":0,"30":0,"31":0,"32":0,"33":0,"34":0,"35":0,"36":0,"37":0,"38":0,"39":0,"40":0,"41":0,"42":0,"43":0,"44":0,"45":0,"46":0,"47":0,"48":0,"49":0,"50":0,"51":0,"52":0,"53":0,"54":0,"55":0,"56":0,"57":0,"58":0,"59":0,"60":0,"61":0,"62":0,"63":0,"64":0,"65":0,"66":0,"67":0,"68":0,"69":0,"70":0,"71":0,"72":0,"73":0,"74":0,"75":0,"76":0,"77":0,"78":0,"79":0,"80":0,"81":0,"82":0,"83":0,"84":0,"85":0,"86":0,"87":0,"88":0,"89":0,"90":0,"91":0,"92":0,"93":0,"94":0,"95":0,"96":0,"97":0,"98":0,"99":0,"100":0,"101":0,"102":0,"103":0,"104":0,"105":0,"106":0,"107":0,"108":0,"109":0,"110":0,"111":0,"112":0,"113":0,"114":0,"115":0,"116":0,"117":0,"118":0,"119":0,"120":0,"121":0,"122":0,"123":0,"124":0,"125":0,"126":0,"127":0,"128":0,"129":0,"130":0,"131":0,"132":0,"133":0,"134":0,"135":0,"136":0,"137":0,"138":0,"139":0,"140":0,"141":0,"142":0,"143":0,"144":0,"145":0,"146":0,"147":0,"148":0,"149":0,"150":0,"151":0,"152":0,"153":0,"154":0,"155":0,"156":0,"157":0,"158":0,"159":0,"160":0,"161":0,"162":0,"163":0,"164":0},"f":{"0":0,"1":0,"2":0,"3":0,"4":0,"5":0,"6":0,"7":0,"8":0,"9":0,"10":0,"11":0,"12":0,"13":0,"14":0,"15":0,"16":0,"17":0,"18":0,"19":0,"20":0,"21":0,"22":0,"23":0,"24":0,"25":0,"26":0,"27":0},"b":{"0":[0,0],"1":[0,0],"2":[0,0],"3":[0,0],"4":[0,0],"5":[0,0],"6":[0,0],"7":[0,0],"8":[0,0],"9":[0,0],"10":[0,0],"11":[0,0],"12":[0,0],"13":[0,0],"14":[0,0],"15":[0,0],"16":[0,0],"17":[0,0],"18":[0,0],"19":[0,0],"20":[0],"21":[0],"22":[0,0],"23":[0,0],"24":[0,0],"25":[0,0],"26":[0,0],"27":[0,0],"28":[0,0],"29":[0,0],"30":[0,0],"31":[0,0],"32":[0,0],"33":[0,0],"34":[0,0],"35":[0,0]}}
,"/Users/bjoer/Documents/GitHub/APXO/server/index.js": {"path":"/Users/bjoer/Documents/GitHub/APXO/server/index.js","statementMap":{"0":{"start":{"line":1,"column":0},"end":{"line":1,"column":22}}},"fnMap":{},"branchMap":{},"s":{"0":0},"f":{},"b":{}}
,"/Users/bjoer/Documents/GitHub/APXO/server/jest.config.js": {"path":"/Users/bjoer/Documents/GitHub/APXO/server/jest.config.js","statementMap":{"0":{"start":{"line":1,"column":0},"end":{"line":23,"column":2}}},"fnMap":{},"branchMap":{},"s":{"0":0},"f":{},"b":{}}
,"/Users/bjoer/Documents/GitHub/APXO/server/models.js": {"path":"/Users/bjoer/Documents/GitHub/APXO/server/models.js","statementMap":{"0":{"start":{"line":5,"column":20},"end":{"line":43,"column":2}},"1":{"start":{"line":46,"column":27},"end":{"line":92,"column":2}},"2":{"start":{"line":95,"column":27},"end":{"line":161,"column":2}},"3":{"start":{"line":164,"column":25},"end":{"line":198,"column":2}},"4":{"start":{"line":201,"column":0},"end":{"line":201,"column":87}},"5":{"start":{"line":202,"column":0},"end":{"line":202,"column":68}},"6":{"start":{"line":204,"column":0},"end":{"line":204,"column":73}},"7":{"start":{"line":205,"column":0},"end":{"line":205,"column":54}},"8":{"start":{"line":207,"column":0},"end":{"line":207,"column":85}},"9":{"start":{"line":208,"column":0},"end":{"line":208,"column":66}},"10":{"start":{"line":211,"column":21},"end":{"line":218,"column":1}},"11":{"start":{"line":212,"column":2},"end":{"line":217,"column":3}},"12":{"start":{"line":213,"column":4},"end":{"line":213,"column":42}},"13":{"start":{"line":214,"column":4},"end":{"line":214,"column":57}},"14":{"start":{"line":216,"column":4},"end":{"line":216,"column":60}}},"fnMap":{"0":{"name":"(anonymous_0)","decl":{"start":{"line":211,"column":21},"end":{"line":211,"column":22}},"loc":{"start":{"line":211,"column":33},"end":{"line":218,"column":1}},"line":211}},"branchMap":{},"s":{"0":0,"1":0,"2":0,"3":0,"4":0,"5":0,"6":0,"7":0,"8":0,"9":0,"10":0,"11":0,"12":0,"13":0,"14":0},"f":{"0":0},"b":{}}
,"/Users/bjoer/Documents/GitHub/APXO/server/server.js": {"path":"/Users/bjoer/Documents/GitHub/APXO/server/server.js","statementMap":{"0":{"start":{"line":11,"column":0},"end":{"line":15,"column":1}},"1":{"start":{"line":12,"column":2},"end":{"line":12,"column":45}},"2":{"start":{"line":14,"column":2},"end":{"line":14,"column":18}},"3":{"start":{"line":17,"column":12},"end":{"line":17,"column":21}},"4":{"start":{"line":18,"column":15},"end":{"line":18,"column":32}},"5":{"start":{"line":21,"column":20},"end":{"line":68,"column":1}},"6":{"start":{"line":24,"column":4},"end":{"line":24,"column":45}},"7":{"start":{"line":24,"column":17},"end":{"line":24,"column":45}},"8":{"start":{"line":26,"column":26},"end":{"line":38,"column":5}},"9":{"start":{"line":40,"column":24},"end":{"line":40,"column":48}},"10":{"start":{"line":42,"column":27},"end":{"line":42,"column":88}},"11":{"start":{"line":44,"column":20},"end":{"line":44,"column":51}},"12":{"start":{"line":47,"column":4},"end":{"line":56,"column":5}},"13":{"start":{"line":48,"column":6},"end":{"line":55,"column":7}},"14":{"start":{"line":49,"column":25},"end":{"line":49,"column":49}},"15":{"start":{"line":50,"column":8},"end":{"line":52,"column":9}},"16":{"start":{"line":51,"column":10},"end":{"line":51,"column":27}},"17":{"start":{"line":58,"column":4},"end":{"line":63,"column":5}},"18":{"start":{"line":59,"column":6},"end":{"line":59,"column":27}},"19":{"start":{"line":61,"column":6},"end":{"line":61,"column":45}},"20":{"start":{"line":62,"column":6},"end":{"line":62,"column":49}},"21":{"start":{"line":70,"column":11},"end":{"line":72,"column":2}},"22":{"start":{"line":74,"column":0},"end":{"line":74,"column":27}},"23":{"start":{"line":76,"column":0},"end":{"line":76,"column":36}},"24":{"start":{"line":77,"column":0},"end":{"line":77,"column":24}},"25":{"start":{"line":80,"column":0},"end":{"line":86,"column":3}},"26":{"start":{"line":81,"column":2},"end":{"line":85,"column":5}},"27":{"start":{"line":90,"column":2},"end":{"line":110,"column":3}},"28":{"start":{"line":92,"column":4},"end":{"line":92,"column":27}},"29":{"start":{"line":95,"column":4},"end":{"line":95,"column":25}},"30":{"start":{"line":97,"column":4},"end":{"line":97,"column":66}},"31":{"start":{"line":100,"column":17},"end":{"line":100,"column":41}},"32":{"start":{"line":101,"column":4},"end":{"line":105,"column":7}},"33":{"start":{"line":102,"column":6},"end":{"line":102,"column":52}},"34":{"start":{"line":103,"column":6},"end":{"line":103,"column":75}},"35":{"start":{"line":104,"column":6},"end":{"line":104,"column":90}},"36":{"start":{"line":108,"column":4},"end":{"line":108,"column":57}},"37":{"start":{"line":109,"column":4},"end":{"line":109,"column":20}},"38":{"start":{"line":114,"column":23},"end":{"line":114,"column":27}},"39":{"start":{"line":115,"column":18},"end":{"line":115,"column":22}},"40":{"start":{"line":116,"column":28},"end":{"line":116,"column":32}},"41":{"start":{"line":121,"column":2},"end":{"line":123,"column":3}},"42":{"start":{"line":122,"column":4},"end":{"line":122,"column":41}},"43":{"start":{"line":126,"column":25},"end":{"line":126,"column":29}},"44":{"start":{"line":129,"column":2},"end":{"line":142,"column":21}},"45":{"start":{"line":130,"column":4},"end":{"line":141,"column":5}},"46":{"start":{"line":131,"column":22},"end":{"line":131,"column":63}},"47":{"start":{"line":132,"column":6},"end":{"line":138,"column":7}},"48":{"start":{"line":133,"column":8},"end":{"line":133,"column":48}},"49":{"start":{"line":134,"column":8},"end":{"line":134,"column":35}},"50":{"start":{"line":137,"column":8},"end":{"line":137,"column":35}},"51":{"start":{"line":140,"column":6},"end":{"line":140,"column":61}},"52":{"start":{"line":144,"column":2},"end":{"line":144,"column":97}},"53":{"start":{"line":149,"column":2},"end":{"line":153,"column":3}},"54":{"start":{"line":150,"column":4},"end":{"line":150,"column":41}},"55":{"start":{"line":151,"column":4},"end":{"line":151,"column":33}},"56":{"start":{"line":152,"column":4},"end":{"line":152,"column":53}},"57":{"start":{"line":158,"column":2},"end":{"line":207,"column":3}},"58":{"start":{"line":159,"column":24},"end":{"line":159,"column":65}},"59":{"start":{"line":160,"column":24},"end":{"line":160,"column":58}},"60":{"start":{"line":163,"column":29},"end":{"line":163,"column":52}},"61":{"start":{"line":166,"column":4},"end":{"line":204,"column":5}},"62":{"start":{"line":167,"column":24},"end":{"line":201,"column":7}},"63":{"start":{"line":169,"column":10},"end":{"line":189,"column":11}},"64":{"start":{"line":171,"column":12},"end":{"line":180,"column":14}},"65":{"start":{"line":183,"column":12},"end":{"line":188,"column":14}},"66":{"start":{"line":203,"column":6},"end":{"line":203,"column":48}},"67":{"start":{"line":206,"column":4},"end":{"line":206,"column":59}},"68":{"start":{"line":211,"column":0},"end":{"line":545,"column":3}},"69":{"start":{"line":212,"column":2},"end":{"line":212,"column":44}},"70":{"start":{"line":214,"column":2},"end":{"line":262,"column":3}},"71":{"start":{"line":216,"column":24},"end":{"line":216,"column":65}},"72":{"start":{"line":217,"column":24},"end":{"line":217,"column":58}},"73":{"start":{"line":220,"column":22},"end":{"line":254,"column":5}},"74":{"start":{"line":222,"column":8},"end":{"line":242,"column":9}},"75":{"start":{"line":224,"column":10},"end":{"line":233,"column":12}},"76":{"start":{"line":236,"column":10},"end":{"line":241,"column":12}},"77":{"start":{"line":257,"column":4},"end":{"line":257,"column":40}},"78":{"start":{"line":260,"column":4},"end":{"line":260,"column":54}},"79":{"start":{"line":261,"column":4},"end":{"line":261,"column":54}},"80":{"start":{"line":265,"column":2},"end":{"line":283,"column":5}},"81":{"start":{"line":266,"column":4},"end":{"line":282,"column":5}},"82":{"start":{"line":267,"column":19},"end":{"line":267,"column":70}},"83":{"start":{"line":269,"column":6},"end":{"line":274,"column":9}},"84":{"start":{"line":277,"column":6},"end":{"line":277,"column":33}},"85":{"start":{"line":279,"column":6},"end":{"line":279,"column":50}},"86":{"start":{"line":281,"column":6},"end":{"line":281,"column":54}},"87":{"start":{"line":286,"column":2},"end":{"line":299,"column":5}},"88":{"start":{"line":287,"column":4},"end":{"line":298,"column":5}},"89":{"start":{"line":288,"column":6},"end":{"line":288,"column":30}},"90":{"start":{"line":291,"column":22},"end":{"line":291,"column":63}},"91":{"start":{"line":292,"column":6},"end":{"line":292,"column":57}},"92":{"start":{"line":294,"column":6},"end":{"line":294,"column":39}},"93":{"start":{"line":295,"column":6},"end":{"line":295,"column":37}},"94":{"start":{"line":297,"column":6},"end":{"line":297,"column":57}},"95":{"start":{"line":302,"column":2},"end":{"line":313,"column":5}},"96":{"start":{"line":303,"column":4},"end":{"line":312,"column":5}},"97":{"start":{"line":304,"column":6},"end":{"line":311,"column":7}},"98":{"start":{"line":305,"column":8},"end":{"line":305,"column":55}},"99":{"start":{"line":306,"column":8},"end":{"line":306,"column":35}},"100":{"start":{"line":307,"column":8},"end":{"line":307,"column":45}},"101":{"start":{"line":309,"column":8},"end":{"line":309,"column":62}},"102":{"start":{"line":310,"column":8},"end":{"line":310,"column":63}},"103":{"start":{"line":316,"column":2},"end":{"line":335,"column":5}},"104":{"start":{"line":317,"column":4},"end":{"line":334,"column":5}},"105":{"start":{"line":318,"column":19},"end":{"line":318,"column":76}},"106":{"start":{"line":319,"column":6},"end":{"line":330,"column":7}},"107":{"start":{"line":320,"column":8},"end":{"line":320,"column":35}},"108":{"start":{"line":323,"column":8},"end":{"line":329,"column":9}},"109":{"start":{"line":324,"column":26},"end":{"line":324,"column":67}},"110":{"start":{"line":325,"column":10},"end":{"line":328,"column":11}},"111":{"start":{"line":326,"column":12},"end":{"line":326,"column":52}},"112":{"start":{"line":327,"column":12},"end":{"line":327,"column":39}},"113":{"start":{"line":332,"column":6},"end":{"line":332,"column":60}},"114":{"start":{"line":333,"column":6},"end":{"line":333,"column":61}},"115":{"start":{"line":338,"column":2},"end":{"line":350,"column":5}},"116":{"start":{"line":339,"column":4},"end":{"line":349,"column":5}},"117":{"start":{"line":340,"column":6},"end":{"line":348,"column":7}},"118":{"start":{"line":341,"column":25},"end":{"line":341,"column":55}},"119":{"start":{"line":342,"column":8},"end":{"line":342,"column":42}},"120":{"start":{"line":343,"column":8},"end":{"line":343,"column":35}},"121":{"start":{"line":344,"column":8},"end":{"line":344,"column":49}},"122":{"start":{"line":346,"column":8},"end":{"line":346,"column":54}},"123":{"start":{"line":347,"column":8},"end":{"line":347,"column":54}},"124":{"start":{"line":353,"column":2},"end":{"line":382,"column":5}},"125":{"start":{"line":354,"column":4},"end":{"line":381,"column":5}},"126":{"start":{"line":355,"column":6},"end":{"line":380,"column":7}},"127":{"start":{"line":356,"column":24},"end":{"line":356,"column":65}},"128":{"start":{"line":359,"column":8},"end":{"line":366,"column":9}},"129":{"start":{"line":360,"column":10},"end":{"line":360,"column":74}},"130":{"start":{"line":361,"column":35},"end":{"line":361,"column":71}},"131":{"start":{"line":364,"column":10},"end":{"line":364,"column":57}},"132":{"start":{"line":365,"column":10},"end":{"line":365,"column":58}},"133":{"start":{"line":368,"column":29},"end":{"line":368,"column":78}},"134":{"start":{"line":369,"column":31},"end":{"line":369,"column":72}},"135":{"start":{"line":371,"column":8},"end":{"line":371,"column":90}},"136":{"start":{"line":372,"column":8},"end":{"line":372,"column":35}},"137":{"start":{"line":373,"column":8},"end":{"line":373,"column":135}},"138":{"start":{"line":373,"column":103},"end":{"line":373,"column":115}},"139":{"start":{"line":376,"column":8},"end":{"line":376,"column":35}},"140":{"start":{"line":378,"column":8},"end":{"line":378,"column":52}},"141":{"start":{"line":379,"column":8},"end":{"line":379,"column":52}},"142":{"start":{"line":385,"column":2},"end":{"line":397,"column":5}},"143":{"start":{"line":386,"column":4},"end":{"line":396,"column":5}},"144":{"start":{"line":387,"column":6},"end":{"line":395,"column":7}},"145":{"start":{"line":388,"column":8},"end":{"line":388,"column":50}},"146":{"start":{"line":389,"column":8},"end":{"line":389,"column":47}},"147":{"start":{"line":390,"column":8},"end":{"line":390,"column":35}},"148":{"start":{"line":391,"column":8},"end":{"line":391,"column":50}},"149":{"start":{"line":393,"column":8},"end":{"line":393,"column":67}},"150":{"start":{"line":394,"column":8},"end":{"line":394,"column":67}},"151":{"start":{"line":400,"column":2},"end":{"line":415,"column":5}},"152":{"start":{"line":401,"column":4},"end":{"line":414,"column":5}},"153":{"start":{"line":402,"column":6},"end":{"line":413,"column":7}},"154":{"start":{"line":403,"column":8},"end":{"line":403,"column":49}},"155":{"start":{"line":404,"column":8},"end":{"line":404,"column":46}},"156":{"start":{"line":405,"column":8},"end":{"line":405,"column":35}},"157":{"start":{"line":406,"column":8},"end":{"line":406,"column":48}},"158":{"start":{"line":409,"column":8},"end":{"line":409,"column":36}},"159":{"start":{"line":411,"column":8},"end":{"line":411,"column":65}},"160":{"start":{"line":412,"column":8},"end":{"line":412,"column":65}},"161":{"start":{"line":418,"column":2},"end":{"line":433,"column":5}},"162":{"start":{"line":419,"column":4},"end":{"line":432,"column":5}},"163":{"start":{"line":420,"column":6},"end":{"line":431,"column":7}},"164":{"start":{"line":421,"column":8},"end":{"line":421,"column":37}},"165":{"start":{"line":422,"column":8},"end":{"line":422,"column":30}},"166":{"start":{"line":423,"column":8},"end":{"line":423,"column":35}},"167":{"start":{"line":424,"column":8},"end":{"line":424,"column":43}},"168":{"start":{"line":427,"column":8},"end":{"line":427,"column":35}},"169":{"start":{"line":429,"column":8},"end":{"line":429,"column":52}},"170":{"start":{"line":430,"column":8},"end":{"line":430,"column":52}},"171":{"start":{"line":436,"column":2},"end":{"line":448,"column":5}},"172":{"start":{"line":437,"column":4},"end":{"line":447,"column":5}},"173":{"start":{"line":438,"column":6},"end":{"line":446,"column":7}},"174":{"start":{"line":439,"column":34},"end":{"line":439,"column":62}},"175":{"start":{"line":440,"column":8},"end":{"line":440,"column":56}},"176":{"start":{"line":441,"column":8},"end":{"line":441,"column":35}},"177":{"start":{"line":442,"column":8},"end":{"line":442,"column":44}},"178":{"start":{"line":444,"column":8},"end":{"line":444,"column":58}},"179":{"start":{"line":445,"column":8},"end":{"line":445,"column":57}},"180":{"start":{"line":451,"column":2},"end":{"line":475,"column":5}},"181":{"start":{"line":452,"column":4},"end":{"line":474,"column":5}},"182":{"start":{"line":453,"column":6},"end":{"line":471,"column":7}},"183":{"start":{"line":454,"column":8},"end":{"line":454,"column":59}},"184":{"start":{"line":455,"column":23},"end":{"line":455,"column":55}},"185":{"start":{"line":458,"column":8},"end":{"line":461,"column":11}},"186":{"start":{"line":464,"column":8},"end":{"line":464,"column":35}},"187":{"start":{"line":466,"column":8},"end":{"line":466,"column":45}},"188":{"start":{"line":467,"column":8},"end":{"line":467,"column":58}},"189":{"start":{"line":469,"column":8},"end":{"line":469,"column":56}},"190":{"start":{"line":470,"column":8},"end":{"line":470,"column":58}},"191":{"start":{"line":473,"column":6},"end":{"line":473,"column":66}},"192":{"start":{"line":478,"column":2},"end":{"line":502,"column":5}},"193":{"start":{"line":479,"column":4},"end":{"line":501,"column":5}},"194":{"start":{"line":480,"column":6},"end":{"line":498,"column":7}},"195":{"start":{"line":481,"column":8},"end":{"line":481,"column":80}},"196":{"start":{"line":482,"column":23},"end":{"line":482,"column":59}},"197":{"start":{"line":485,"column":8},"end":{"line":488,"column":11}},"198":{"start":{"line":491,"column":8},"end":{"line":491,"column":35}},"199":{"start":{"line":493,"column":8},"end":{"line":493,"column":45}},"200":{"start":{"line":494,"column":8},"end":{"line":494,"column":81}},"201":{"start":{"line":496,"column":8},"end":{"line":496,"column":64}},"202":{"start":{"line":497,"column":8},"end":{"line":497,"column":61}},"203":{"start":{"line":500,"column":6},"end":{"line":500,"column":66}},"204":{"start":{"line":505,"column":2},"end":{"line":513,"column":5}},"205":{"start":{"line":506,"column":4},"end":{"line":512,"column":5}},"206":{"start":{"line":507,"column":28},"end":{"line":507,"column":64}},"207":{"start":{"line":508,"column":6},"end":{"line":508,"column":50}},"208":{"start":{"line":510,"column":6},"end":{"line":510,"column":60}},"209":{"start":{"line":511,"column":6},"end":{"line":511,"column":59}},"210":{"start":{"line":516,"column":2},"end":{"line":523,"column":5}},"211":{"start":{"line":517,"column":4},"end":{"line":522,"column":5}},"212":{"start":{"line":518,"column":24},"end":{"line":518,"column":63}},"213":{"start":{"line":519,"column":6},"end":{"line":519,"column":44}},"214":{"start":{"line":521,"column":6},"end":{"line":521,"column":61}},"215":{"start":{"line":525,"column":2},"end":{"line":544,"column":5}},"216":{"start":{"line":526,"column":4},"end":{"line":526,"column":49}},"217":{"start":{"line":528,"column":4},"end":{"line":543,"column":5}},"218":{"start":{"line":530,"column":6},"end":{"line":530,"column":46}},"219":{"start":{"line":533,"column":6},"end":{"line":537,"column":7}},"220":{"start":{"line":534,"column":8},"end":{"line":534,"column":27}},"221":{"start":{"line":535,"column":24},"end":{"line":535,"column":65}},"222":{"start":{"line":536,"column":8},"end":{"line":536,"column":54}},"223":{"start":{"line":540,"column":6},"end":{"line":540,"column":33}},"224":{"start":{"line":542,"column":6},"end":{"line":542,"column":57}},"225":{"start":{"line":549,"column":18},"end":{"line":549,"column":59}},"226":{"start":{"line":550,"column":16},"end":{"line":550,"column":50}},"227":{"start":{"line":551,"column":19},"end":{"line":551,"column":41}},"228":{"start":{"line":553,"column":27},"end":{"line":553,"column":58}},"229":{"start":{"line":554,"column":24},"end":{"line":554,"column":102}},"230":{"start":{"line":555,"column":22},"end":{"line":555,"column":32}},"231":{"start":{"line":557,"column":25},"end":{"line":557,"column":27}},"232":{"start":{"line":559,"column":2},"end":{"line":581,"column":3}},"233":{"start":{"line":559,"column":19},"end":{"line":559,"column":20}},"234":{"start":{"line":560,"column":22},"end":{"line":560,"column":88}},"235":{"start":{"line":561,"column":30},"end":{"line":561,"column":130}},"236":{"start":{"line":564,"column":23},"end":{"line":564,"column":49}},"237":{"start":{"line":565,"column":29},"end":{"line":565,"column":92}},"238":{"start":{"line":566,"column":26},"end":{"line":566,"column":67}},"239":{"start":{"line":569,"column":25},"end":{"line":569,"column":99}},"240":{"start":{"line":571,"column":4},"end":{"line":577,"column":7}},"241":{"start":{"line":580,"column":4},"end":{"line":580,"column":60}},"242":{"start":{"line":580,"column":33},"end":{"line":580,"column":58}},"243":{"start":{"line":584,"column":2},"end":{"line":594,"column":3}},"244":{"start":{"line":585,"column":31},"end":{"line":588,"column":6}},"245":{"start":{"line":586,"column":25},"end":{"line":586,"column":70}},"246":{"start":{"line":586,"column":49},"end":{"line":586,"column":69}},"247":{"start":{"line":587,"column":6},"end":{"line":587,"column":48}},"248":{"start":{"line":590,"column":34},"end":{"line":590,"column":93}},"249":{"start":{"line":590,"column":77},"end":{"line":590,"column":89}},"250":{"start":{"line":591,"column":27},"end":{"line":591,"column":84}},"251":{"start":{"line":593,"column":4},"end":{"line":593,"column":55}},"252":{"start":{"line":596,"column":2},"end":{"line":599,"column":4}},"253":{"start":{"line":598,"column":65},"end":{"line":598,"column":140}},"254":{"start":{"line":598,"column":115},"end":{"line":598,"column":136}},"255":{"start":{"line":605,"column":23},"end":{"line":605,"column":61}},"256":{"start":{"line":607,"column":2},"end":{"line":645,"column":5}},"257":{"start":{"line":608,"column":22},"end":{"line":608,"column":48}},"258":{"start":{"line":609,"column":23},"end":{"line":609,"column":60}},"259":{"start":{"line":612,"column":21},"end":{"line":612,"column":58}},"260":{"start":{"line":613,"column":30},"end":{"line":613,"column":75}},"261":{"start":{"line":614,"column":33},"end":{"line":614,"column":87}},"262":{"start":{"line":615,"column":30},"end":{"line":615,"column":61}},"263":{"start":{"line":618,"column":17},"end":{"line":618,"column":56}},"264":{"start":{"line":619,"column":18},"end":{"line":619,"column":45}},"265":{"start":{"line":622,"column":29},"end":{"line":622,"column":41}},"266":{"start":{"line":625,"column":24},"end":{"line":625,"column":64}},"267":{"start":{"line":626,"column":24},"end":{"line":626,"column":75}},"268":{"start":{"line":627,"column":28},"end":{"line":627,"column":37}},"269":{"start":{"line":629,"column":22},"end":{"line":629,"column":65}},"270":{"start":{"line":630,"column":19},"end":{"line":630,"column":47}},"271":{"start":{"line":632,"column":4},"end":{"line":644,"column":6}},"272":{"start":{"line":650,"column":21},"end":{"line":650,"column":47}},"273":{"start":{"line":651,"column":27},"end":{"line":651,"column":59}},"274":{"start":{"line":654,"column":22},"end":{"line":654,"column":63}},"275":{"start":{"line":657,"column":25},"end":{"line":657,"column":50}},"276":{"start":{"line":658,"column":22},"end":{"line":658,"column":95}},"277":{"start":{"line":661,"column":23},"end":{"line":661,"column":61}},"278":{"start":{"line":663,"column":2},"end":{"line":689,"column":5}},"279":{"start":{"line":664,"column":22},"end":{"line":664,"column":48}},"280":{"start":{"line":665,"column":23},"end":{"line":665,"column":58}},"281":{"start":{"line":668,"column":17},"end":{"line":668,"column":66}},"282":{"start":{"line":669,"column":20},"end":{"line":669,"column":48}},"283":{"start":{"line":672,"column":17},"end":{"line":672,"column":43}},"284":{"start":{"line":675,"column":19},"end":{"line":675,"column":33}},"285":{"start":{"line":677,"column":4},"end":{"line":688,"column":6}},"286":{"start":{"line":694,"column":10},"end":{"line":694,"column":11}},"287":{"start":{"line":694,"column":17},"end":{"line":694,"column":18}},"288":{"start":{"line":695,"column":2},"end":{"line":695,"column":35}},"289":{"start":{"line":695,"column":17},"end":{"line":695,"column":35}},"290":{"start":{"line":696,"column":2},"end":{"line":696,"column":35}},"291":{"start":{"line":696,"column":17},"end":{"line":696,"column":35}},"292":{"start":{"line":697,"column":13},"end":{"line":697,"column":72}},"293":{"start":{"line":698,"column":2},"end":{"line":698,"column":28}},"294":{"start":{"line":703,"column":17},"end":{"line":703,"column":19}},"295":{"start":{"line":705,"column":2},"end":{"line":705,"column":40}},"296":{"start":{"line":705,"column":26},"end":{"line":705,"column":40}},"297":{"start":{"line":708,"column":26},"end":{"line":708,"column":58}},"298":{"start":{"line":709,"column":20},"end":{"line":709,"column":23}},"299":{"start":{"line":711,"column":31},"end":{"line":716,"column":4}},"300":{"start":{"line":712,"column":21},"end":{"line":712,"column":48}},"301":{"start":{"line":714,"column":29},"end":{"line":714,"column":76}},"302":{"start":{"line":715,"column":4},"end":{"line":715,"column":59}},"303":{"start":{"line":719,"column":26},"end":{"line":722,"column":4}},"304":{"start":{"line":720,"column":21},"end":{"line":720,"column":48}},"305":{"start":{"line":721,"column":4},"end":{"line":721,"column":55}},"306":{"start":{"line":725,"column":26},"end":{"line":727,"column":4}},"307":{"start":{"line":726,"column":4},"end":{"line":726,"column":48}},"308":{"start":{"line":730,"column":31},"end":{"line":730,"column":87}},"309":{"start":{"line":730,"column":71},"end":{"line":730,"column":83}},"310":{"start":{"line":733,"column":2},"end":{"line":745,"column":5}},"311":{"start":{"line":734,"column":21},"end":{"line":734,"column":66}},"312":{"start":{"line":738,"column":26},"end":{"line":738,"column":61}},"313":{"start":{"line":739,"column":18},"end":{"line":739,"column":52}},"314":{"start":{"line":740,"column":23},"end":{"line":740,"column":63}},"315":{"start":{"line":743,"column":29},"end":{"line":743,"column":54}},"316":{"start":{"line":744,"column":4},"end":{"line":744,"column":82}},"317":{"start":{"line":748,"column":22},"end":{"line":748,"column":82}},"318":{"start":{"line":748,"column":67},"end":{"line":748,"column":78}},"319":{"start":{"line":749,"column":2},"end":{"line":751,"column":5}},"320":{"start":{"line":750,"column":4},"end":{"line":750,"column":50}},"321":{"start":{"line":753,"column":2},"end":{"line":753,"column":16}},"322":{"start":{"line":758,"column":20},"end":{"line":758,"column":34}},"323":{"start":{"line":759,"column":14},"end":{"line":759,"column":33}},"324":{"start":{"line":760,"column":16},"end":{"line":764,"column":3}},"325":{"start":{"line":766,"column":22},"end":{"line":766,"column":23}},"326":{"start":{"line":767,"column":18},"end":{"line":767,"column":19}},"327":{"start":{"line":769,"column":2},"end":{"line":773,"column":5}},"328":{"start":{"line":770,"column":21},"end":{"line":770,"column":40}},"329":{"start":{"line":771,"column":4},"end":{"line":771,"column":30}},"330":{"start":{"line":772,"column":4},"end":{"line":772,"column":38}},"331":{"start":{"line":775,"column":2},"end":{"line":775,"column":57}},"332":{"start":{"line":775,"column":27},"end":{"line":775,"column":57}},"333":{"start":{"line":777,"column":18},"end":{"line":777,"column":43}},"334":{"start":{"line":778,"column":2},"end":{"line":778,"column":44}},"335":{"start":{"line":783,"column":14},"end":{"line":783,"column":38}},"336":{"start":{"line":784,"column":2},"end":{"line":784,"column":80}},"337":{"start":{"line":784,"column":54},"end":{"line":784,"column":75}},"338":{"start":{"line":789,"column":16},"end":{"line":789,"column":43}},"339":{"start":{"line":790,"column":14},"end":{"line":790,"column":38}},"340":{"start":{"line":793,"column":27},"end":{"line":793,"column":39}},"341":{"start":{"line":796,"column":24},"end":{"line":796,"column":51}},"342":{"start":{"line":797,"column":25},"end":{"line":797,"column":58}},"343":{"start":{"line":800,"column":29},"end":{"line":800,"column":48}},"344":{"start":{"line":802,"column":2},"end":{"line":802,"column":47}},"345":{"start":{"line":807,"column":14},"end":{"line":807,"column":38}},"346":{"start":{"line":808,"column":16},"end":{"line":812,"column":3}},"347":{"start":{"line":814,"column":18},"end":{"line":814,"column":19}},"348":{"start":{"line":817,"column":2},"end":{"line":820,"column":5}},"349":{"start":{"line":818,"column":21},"end":{"line":818,"column":40}},"350":{"start":{"line":819,"column":4},"end":{"line":819,"column":38}},"351":{"start":{"line":823,"column":24},"end":{"line":823,"column":51}},"352":{"start":{"line":824,"column":21},"end":{"line":824,"column":39}},"353":{"start":{"line":827,"column":24},"end":{"line":827,"column":33}},"354":{"start":{"line":830,"column":25},"end":{"line":830,"column":29}},"355":{"start":{"line":831,"column":25},"end":{"line":831,"column":68}},"356":{"start":{"line":834,"column":22},"end":{"line":834,"column":83}},"357":{"start":{"line":836,"column":2},"end":{"line":836,"column":81}},"358":{"start":{"line":839,"column":13},"end":{"line":839,"column":37}},"359":{"start":{"line":842,"column":0},"end":{"line":842,"column":19}}},"fnMap":{"0":{"name":"(anonymous_0)","decl":{"start":{"line":22,"column":10},"end":{"line":22,"column":11}},"loc":{"start":{"line":22,"column":38},"end":{"line":64,"column":3}},"line":22},"1":{"name":"(anonymous_1)","decl":{"start":{"line":80,"column":13},"end":{"line":80,"column":14}},"loc":{"start":{"line":80,"column":27},"end":{"line":86,"column":1}},"line":80},"2":{"name":"initializeServer","decl":{"start":{"line":89,"column":15},"end":{"line":89,"column":31}},"loc":{"start":{"line":89,"column":34},"end":{"line":111,"column":1}},"line":89},"3":{"name":"(anonymous_3)","decl":{"start":{"line":101,"column":24},"end":{"line":101,"column":25}},"loc":{"start":{"line":101,"column":30},"end":{"line":105,"column":5}},"line":101},"4":{"name":"startPoolingMarketUpdates","decl":{"start":{"line":119,"column":9},"end":{"line":119,"column":34}},"loc":{"start":{"line":119,"column":37},"end":{"line":145,"column":1}},"line":119},"5":{"name":"(anonymous_5)","decl":{"start":{"line":129,"column":38},"end":{"line":129,"column":39}},"loc":{"start":{"line":129,"column":50},"end":{"line":142,"column":3}},"line":129},"6":{"name":"stopPoolingMarketUpdates","decl":{"start":{"line":148,"column":9},"end":{"line":148,"column":33}},"loc":{"start":{"line":148,"column":36},"end":{"line":154,"column":1}},"line":148},"7":{"name":"broadcastGameState","decl":{"start":{"line":157,"column":15},"end":{"line":157,"column":33}},"loc":{"start":{"line":157,"column":36},"end":{"line":208,"column":1}},"line":157},"8":{"name":"(anonymous_8)","decl":{"start":{"line":168,"column":31},"end":{"line":168,"column":32}},"loc":{"start":{"line":168,"column":39},"end":{"line":190,"column":9}},"line":168},"9":{"name":"(anonymous_9)","decl":{"start":{"line":211,"column":20},"end":{"line":211,"column":21}},"loc":{"start":{"line":211,"column":38},"end":{"line":545,"column":1}},"line":211},"10":{"name":"(anonymous_10)","decl":{"start":{"line":221,"column":29},"end":{"line":221,"column":30}},"loc":{"start":{"line":221,"column":37},"end":{"line":243,"column":7}},"line":221},"11":{"name":"(anonymous_11)","decl":{"start":{"line":265,"column":28},"end":{"line":265,"column":29}},"loc":{"start":{"line":265,"column":48},"end":{"line":283,"column":3}},"line":265},"12":{"name":"(anonymous_12)","decl":{"start":{"line":286,"column":26},"end":{"line":286,"column":27}},"loc":{"start":{"line":286,"column":46},"end":{"line":299,"column":3}},"line":286},"13":{"name":"(anonymous_13)","decl":{"start":{"line":302,"column":34},"end":{"line":302,"column":35}},"loc":{"start":{"line":302,"column":54},"end":{"line":313,"column":3}},"line":302},"14":{"name":"(anonymous_14)","decl":{"start":{"line":316,"column":34},"end":{"line":316,"column":35}},"loc":{"start":{"line":316,"column":54},"end":{"line":335,"column":3}},"line":316},"15":{"name":"(anonymous_15)","decl":{"start":{"line":338,"column":26},"end":{"line":338,"column":27}},"loc":{"start":{"line":338,"column":38},"end":{"line":350,"column":3}},"line":338},"16":{"name":"(anonymous_16)","decl":{"start":{"line":353,"column":24},"end":{"line":353,"column":25}},"loc":{"start":{"line":353,"column":36},"end":{"line":382,"column":3}},"line":353},"17":{"name":"(anonymous_17)","decl":{"start":{"line":373,"column":91},"end":{"line":373,"column":92}},"loc":{"start":{"line":373,"column":103},"end":{"line":373,"column":115}},"line":373},"18":{"name":"(anonymous_18)","decl":{"start":{"line":385,"column":37},"end":{"line":385,"column":38}},"loc":{"start":{"line":385,"column":49},"end":{"line":397,"column":3}},"line":385},"19":{"name":"(anonymous_19)","decl":{"start":{"line":400,"column":36},"end":{"line":400,"column":37}},"loc":{"start":{"line":400,"column":48},"end":{"line":415,"column":3}},"line":400},"20":{"name":"(anonymous_20)","decl":{"start":{"line":418,"column":24},"end":{"line":418,"column":25}},"loc":{"start":{"line":418,"column":36},"end":{"line":433,"column":3}},"line":418},"21":{"name":"(anonymous_21)","decl":{"start":{"line":436,"column":29},"end":{"line":436,"column":30}},"loc":{"start":{"line":436,"column":41},"end":{"line":448,"column":3}},"line":436},"22":{"name":"(anonymous_22)","decl":{"start":{"line":451,"column":28},"end":{"line":451,"column":29}},"loc":{"start":{"line":451,"column":40},"end":{"line":475,"column":3}},"line":451},"23":{"name":"(anonymous_23)","decl":{"start":{"line":478,"column":32},"end":{"line":478,"column":33}},"loc":{"start":{"line":478,"column":44},"end":{"line":502,"column":3}},"line":478},"24":{"name":"(anonymous_24)","decl":{"start":{"line":505,"column":28},"end":{"line":505,"column":29}},"loc":{"start":{"line":505,"column":40},"end":{"line":513,"column":3}},"line":505},"25":{"name":"(anonymous_25)","decl":{"start":{"line":516,"column":34},"end":{"line":516,"column":35}},"loc":{"start":{"line":516,"column":46},"end":{"line":523,"column":3}},"line":516},"26":{"name":"(anonymous_26)","decl":{"start":{"line":525,"column":26},"end":{"line":525,"column":27}},"loc":{"start":{"line":525,"column":38},"end":{"line":544,"column":3}},"line":525},"27":{"name":"runMonthlySimulation","decl":{"start":{"line":548,"column":15},"end":{"line":548,"column":35}},"loc":{"start":{"line":548,"column":38},"end":{"line":600,"column":1}},"line":548},"28":{"name":"(anonymous_28)","decl":{"start":{"line":580,"column":22},"end":{"line":580,"column":23}},"loc":{"start":{"line":580,"column":33},"end":{"line":580,"column":58}},"line":580},"29":{"name":"(anonymous_29)","decl":{"start":{"line":585,"column":50},"end":{"line":585,"column":51}},"loc":{"start":{"line":585,"column":55},"end":{"line":588,"column":5}},"line":585},"30":{"name":"(anonymous_30)","decl":{"start":{"line":586,"column":44},"end":{"line":586,"column":45}},"loc":{"start":{"line":586,"column":49},"end":{"line":586,"column":69}},"line":586},"31":{"name":"(anonymous_31)","decl":{"start":{"line":590,"column":60},"end":{"line":590,"column":61}},"loc":{"start":{"line":590,"column":77},"end":{"line":590,"column":89}},"line":590},"32":{"name":"(anonymous_32)","decl":{"start":{"line":598,"column":49},"end":{"line":598,"column":50}},"loc":{"start":{"line":598,"column":65},"end":{"line":598,"column":140}},"line":598},"33":{"name":"(anonymous_33)","decl":{"start":{"line":598,"column":96},"end":{"line":598,"column":97}},"loc":{"start":{"line":598,"column":115},"end":{"line":598,"column":136}},"line":598},"34":{"name":"calculateMonthlyResults","decl":{"start":{"line":603,"column":9},"end":{"line":603,"column":32}},"loc":{"start":{"line":603,"column":84},"end":{"line":646,"column":1}},"line":603},"35":{"name":"(anonymous_35)","decl":{"start":{"line":607,"column":19},"end":{"line":607,"column":20}},"loc":{"start":{"line":607,"column":27},"end":{"line":645,"column":3}},"line":607},"36":{"name":"calculateRoundResults","decl":{"start":{"line":649,"column":9},"end":{"line":649,"column":30}},"loc":{"start":{"line":649,"column":48},"end":{"line":690,"column":1}},"line":649},"37":{"name":"(anonymous_37)","decl":{"start":{"line":663,"column":19},"end":{"line":663,"column":20}},"loc":{"start":{"line":663,"column":27},"end":{"line":689,"column":3}},"line":663},"38":{"name":"generateNormalRandom","decl":{"start":{"line":693,"column":9},"end":{"line":693,"column":29}},"loc":{"start":{"line":693,"column":52},"end":{"line":699,"column":1}},"line":693},"39":{"name":"calculateMarketShares","decl":{"start":{"line":702,"column":9},"end":{"line":702,"column":30}},"loc":{"start":{"line":702,"column":48},"end":{"line":754,"column":1}},"line":702},"40":{"name":"(anonymous_40)","decl":{"start":{"line":711,"column":41},"end":{"line":711,"column":42}},"loc":{"start":{"line":711,"column":49},"end":{"line":716,"column":3}},"line":711},"41":{"name":"(anonymous_41)","decl":{"start":{"line":719,"column":36},"end":{"line":719,"column":37}},"loc":{"start":{"line":719,"column":44},"end":{"line":722,"column":3}},"line":719},"42":{"name":"(anonymous_42)","decl":{"start":{"line":725,"column":51},"end":{"line":725,"column":52}},"loc":{"start":{"line":725,"column":75},"end":{"line":727,"column":3}},"line":725},"43":{"name":"(anonymous_43)","decl":{"start":{"line":730,"column":54},"end":{"line":730,"column":55}},"loc":{"start":{"line":730,"column":71},"end":{"line":730,"column":83}},"line":730},"44":{"name":"(anonymous_44)","decl":{"start":{"line":733,"column":16},"end":{"line":733,"column":17}},"loc":{"start":{"line":733,"column":33},"end":{"line":745,"column":3}},"line":733},"45":{"name":"(anonymous_45)","decl":{"start":{"line":748,"column":51},"end":{"line":748,"column":52}},"loc":{"start":{"line":748,"column":67},"end":{"line":748,"column":78}},"line":748},"46":{"name":"(anonymous_46)","decl":{"start":{"line":749,"column":30},"end":{"line":749,"column":31}},"loc":{"start":{"line":749,"column":40},"end":{"line":751,"column":3}},"line":749},"47":{"name":"calculateAveragePrice","decl":{"start":{"line":757,"column":9},"end":{"line":757,"column":30}},"loc":{"start":{"line":757,"column":37},"end":{"line":779,"column":1}},"line":757},"48":{"name":"(anonymous_48)","decl":{"start":{"line":769,"column":16},"end":{"line":769,"column":17}},"loc":{"start":{"line":769,"column":24},"end":{"line":773,"column":3}},"line":769},"49":{"name":"calculateTeamCapacity","decl":{"start":{"line":782,"column":9},"end":{"line":782,"column":30}},"loc":{"start":{"line":782,"column":37},"end":{"line":785,"column":1}},"line":782},"50":{"name":"(anonymous_50)","decl":{"start":{"line":784,"column":35},"end":{"line":784,"column":36}},"loc":{"start":{"line":784,"column":54},"end":{"line":784,"column":75}},"line":784},"51":{"name":"calculateRevenue","decl":{"start":{"line":788,"column":9},"end":{"line":788,"column":25}},"loc":{"start":{"line":788,"column":38},"end":{"line":803,"column":1}},"line":788},"52":{"name":"calculateCosts","decl":{"start":{"line":806,"column":9},"end":{"line":806,"column":23}},"loc":{"start":{"line":806,"column":36},"end":{"line":837,"column":1}},"line":806},"53":{"name":"(anonymous_53)","decl":{"start":{"line":817,"column":16},"end":{"line":817,"column":17}},"loc":{"start":{"line":817,"column":24},"end":{"line":820,"column":3}},"line":817}},"branchMap":{"0":{"loc":{"start":{"line":11,"column":0},"end":{"line":15,"column":1}},"type":"if","locations":[{"start":{"line":11,"column":0},"end":{"line":15,"column":1}},{"start":{"line":13,"column":7},"end":{"line":15,"column":1}}],"line":11},"1":{"loc":{"start":{"line":24,"column":4},"end":{"line":24,"column":45}},"type":"if","locations":[{"start":{"line":24,"column":4},"end":{"line":24,"column":45}},{"start":{},"end":{}}],"line":24},"2":{"loc":{"start":{"line":42,"column":27},"end":{"line":42,"column":88}},"type":"cond-expr","locations":[{"start":{"line":42,"column":41},"end":{"line":42,"column":72}},{"start":{"line":42,"column":75},"end":{"line":42,"column":88}}],"line":42},"3":{"loc":{"start":{"line":47,"column":4},"end":{"line":56,"column":5}},"type":"if","locations":[{"start":{"line":47,"column":4},"end":{"line":56,"column":5}},{"start":{},"end":{}}],"line":47},"4":{"loc":{"start":{"line":50,"column":8},"end":{"line":52,"column":9}},"type":"if","locations":[{"start":{"line":50,"column":8},"end":{"line":52,"column":9}},{"start":{},"end":{}}],"line":50},"5":{"loc":{"start":{"line":58,"column":4},"end":{"line":63,"column":5}},"type":"if","locations":[{"start":{"line":58,"column":4},"end":{"line":63,"column":5}},{"start":{"line":60,"column":11},"end":{"line":63,"column":5}}],"line":58},"6":{"loc":{"start":{"line":83,"column":17},"end":{"line":83,"column":54}},"type":"binary-expr","locations":[{"start":{"line":83,"column":17},"end":{"line":83,"column":37}},{"start":{"line":83,"column":41},"end":{"line":83,"column":54}}],"line":83},"7":{"loc":{"start":{"line":100,"column":17},"end":{"line":100,"column":41}},"type":"binary-expr","locations":[{"start":{"line":100,"column":17},"end":{"line":100,"column":33}},{"start":{"line":100,"column":37},"end":{"line":100,"column":41}}],"line":100},"8":{"loc":{"start":{"line":103,"column":34},"end":{"line":103,"column":71}},"type":"binary-expr","locations":[{"start":{"line":103,"column":34},"end":{"line":103,"column":54}},{"start":{"line":103,"column":58},"end":{"line":103,"column":71}}],"line":103},"9":{"loc":{"start":{"line":104,"column":35},"end":{"line":104,"column":86}},"type":"binary-expr","locations":[{"start":{"line":104,"column":35},"end":{"line":104,"column":59}},{"start":{"line":104,"column":63},"end":{"line":104,"column":86}}],"line":104},"10":{"loc":{"start":{"line":121,"column":2},"end":{"line":123,"column":3}},"type":"if","locations":[{"start":{"line":121,"column":2},"end":{"line":123,"column":3}},{"start":{},"end":{}}],"line":121},"11":{"loc":{"start":{"line":132,"column":6},"end":{"line":138,"column":7}},"type":"if","locations":[{"start":{"line":132,"column":6},"end":{"line":138,"column":7}},{"start":{"line":135,"column":13},"end":{"line":138,"column":7}}],"line":132},"12":{"loc":{"start":{"line":132,"column":10},"end":{"line":132,"column":77}},"type":"binary-expr","locations":[{"start":{"line":132,"column":10},"end":{"line":132,"column":57}},{"start":{"line":132,"column":61},"end":{"line":132,"column":77}}],"line":132},"13":{"loc":{"start":{"line":149,"column":2},"end":{"line":153,"column":3}},"type":"if","locations":[{"start":{"line":149,"column":2},"end":{"line":153,"column":3}},{"start":{},"end":{}}],"line":149},"14":{"loc":{"start":{"line":169,"column":10},"end":{"line":189,"column":11}},"type":"if","locations":[{"start":{"line":169,"column":10},"end":{"line":189,"column":11}},{"start":{"line":181,"column":17},"end":{"line":189,"column":11}}],"line":169},"15":{"loc":{"start":{"line":194,"column":23},"end":{"line":194,"column":63}},"type":"binary-expr","locations":[{"start":{"line":194,"column":23},"end":{"line":194,"column":49}},{"start":{"line":194,"column":53},"end":{"line":194,"column":63}}],"line":194},"16":{"loc":{"start":{"line":222,"column":8},"end":{"line":242,"column":9}},"type":"if","locations":[{"start":{"line":222,"column":8},"end":{"line":242,"column":9}},{"start":{"line":234,"column":15},"end":{"line":242,"column":9}}],"line":222},"17":{"loc":{"start":{"line":247,"column":21},"end":{"line":247,"column":61}},"type":"binary-expr","locations":[{"start":{"line":247,"column":21},"end":{"line":247,"column":47}},{"start":{"line":247,"column":51},"end":{"line":247,"column":61}}],"line":247},"18":{"loc":{"start":{"line":287,"column":4},"end":{"line":298,"column":5}},"type":"if","locations":[{"start":{"line":287,"column":4},"end":{"line":298,"column":5}},{"start":{"line":296,"column":11},"end":{"line":298,"column":5}}],"line":287},"19":{"loc":{"start":{"line":287,"column":22},"end":{"line":287,"column":62}},"type":"binary-expr","locations":[{"start":{"line":287,"column":22},"end":{"line":287,"column":48}},{"start":{"line":287,"column":52},"end":{"line":287,"column":62}}],"line":287},"20":{"loc":{"start":{"line":303,"column":4},"end":{"line":312,"column":5}},"type":"if","locations":[{"start":{"line":303,"column":4},"end":{"line":312,"column":5}},{"start":{},"end":{}}],"line":303},"21":{"loc":{"start":{"line":319,"column":6},"end":{"line":330,"column":7}},"type":"if","locations":[{"start":{"line":319,"column":6},"end":{"line":330,"column":7}},{"start":{},"end":{}}],"line":319},"22":{"loc":{"start":{"line":323,"column":8},"end":{"line":329,"column":9}},"type":"if","locations":[{"start":{"line":323,"column":8},"end":{"line":329,"column":9}},{"start":{},"end":{}}],"line":323},"23":{"loc":{"start":{"line":325,"column":10},"end":{"line":328,"column":11}},"type":"if","locations":[{"start":{"line":325,"column":10},"end":{"line":328,"column":11}},{"start":{},"end":{}}],"line":325},"24":{"loc":{"start":{"line":325,"column":14},"end":{"line":325,"column":81}},"type":"binary-expr","locations":[{"start":{"line":325,"column":14},"end":{"line":325,"column":61}},{"start":{"line":325,"column":65},"end":{"line":325,"column":81}}],"line":325},"25":{"loc":{"start":{"line":339,"column":4},"end":{"line":349,"column":5}},"type":"if","locations":[{"start":{"line":339,"column":4},"end":{"line":349,"column":5}},{"start":{},"end":{}}],"line":339},"26":{"loc":{"start":{"line":354,"column":4},"end":{"line":381,"column":5}},"type":"if","locations":[{"start":{"line":354,"column":4},"end":{"line":381,"column":5}},{"start":{},"end":{}}],"line":354},"27":{"loc":{"start":{"line":359,"column":8},"end":{"line":366,"column":9}},"type":"if","locations":[{"start":{"line":359,"column":8},"end":{"line":366,"column":9}},{"start":{},"end":{}}],"line":359},"28":{"loc":{"start":{"line":359,"column":12},"end":{"line":359,"column":80}},"type":"binary-expr","locations":[{"start":{"line":359,"column":12},"end":{"line":359,"column":38}},{"start":{"line":359,"column":42},"end":{"line":359,"column":80}}],"line":359},"29":{"loc":{"start":{"line":386,"column":4},"end":{"line":396,"column":5}},"type":"if","locations":[{"start":{"line":386,"column":4},"end":{"line":396,"column":5}},{"start":{},"end":{}}],"line":386},"30":{"loc":{"start":{"line":401,"column":4},"end":{"line":414,"column":5}},"type":"if","locations":[{"start":{"line":401,"column":4},"end":{"line":414,"column":5}},{"start":{},"end":{}}],"line":401},"31":{"loc":{"start":{"line":419,"column":4},"end":{"line":432,"column":5}},"type":"if","locations":[{"start":{"line":419,"column":4},"end":{"line":432,"column":5}},{"start":{},"end":{}}],"line":419},"32":{"loc":{"start":{"line":437,"column":4},"end":{"line":447,"column":5}},"type":"if","locations":[{"start":{"line":437,"column":4},"end":{"line":447,"column":5}},{"start":{},"end":{}}],"line":437},"33":{"loc":{"start":{"line":452,"column":4},"end":{"line":474,"column":5}},"type":"if","locations":[{"start":{"line":452,"column":4},"end":{"line":474,"column":5}},{"start":{"line":472,"column":11},"end":{"line":474,"column":5}}],"line":452},"34":{"loc":{"start":{"line":479,"column":4},"end":{"line":501,"column":5}},"type":"if","locations":[{"start":{"line":479,"column":4},"end":{"line":501,"column":5}},{"start":{"line":499,"column":11},"end":{"line":501,"column":5}}],"line":479},"35":{"loc":{"start":{"line":533,"column":6},"end":{"line":537,"column":7}},"type":"if","locations":[{"start":{"line":533,"column":6},"end":{"line":537,"column":7}},{"start":{},"end":{}}],"line":533},"36":{"loc":{"start":{"line":551,"column":19},"end":{"line":551,"column":41}},"type":"binary-expr","locations":[{"start":{"line":551,"column":19},"end":{"line":551,"column":35}},{"start":{"line":551,"column":39},"end":{"line":551,"column":41}}],"line":551},"37":{"loc":{"start":{"line":553,"column":27},"end":{"line":553,"column":58}},"type":"binary-expr","locations":[{"start":{"line":553,"column":27},"end":{"line":553,"column":52}},{"start":{"line":553,"column":56},"end":{"line":553,"column":58}}],"line":553},"38":{"loc":{"start":{"line":554,"column":33},"end":{"line":554,"column":101}},"type":"binary-expr","locations":[{"start":{"line":554,"column":33},"end":{"line":554,"column":55}},{"start":{"line":554,"column":59},"end":{"line":554,"column":101}}],"line":554},"39":{"loc":{"start":{"line":564,"column":23},"end":{"line":564,"column":49}},"type":"binary-expr","locations":[{"start":{"line":564,"column":23},"end":{"line":564,"column":42}},{"start":{"line":564,"column":46},"end":{"line":564,"column":49}}],"line":564},"40":{"loc":{"start":{"line":587,"column":13},"end":{"line":587,"column":47}},"type":"cond-expr","locations":[{"start":{"line":587,"column":26},"end":{"line":587,"column":43}},{"start":{"line":587,"column":46},"end":{"line":587,"column":47}}],"line":587},"41":{"loc":{"start":{"line":591,"column":38},"end":{"line":591,"column":59}},"type":"binary-expr","locations":[{"start":{"line":591,"column":38},"end":{"line":591,"column":54}},{"start":{"line":591,"column":58},"end":{"line":591,"column":59}}],"line":591},"42":{"loc":{"start":{"line":608,"column":22},"end":{"line":608,"column":48}},"type":"binary-expr","locations":[{"start":{"line":608,"column":22},"end":{"line":608,"column":43}},{"start":{"line":608,"column":47},"end":{"line":608,"column":48}}],"line":608},"43":{"loc":{"start":{"line":612,"column":21},"end":{"line":612,"column":58}},"type":"binary-expr","locations":[{"start":{"line":612,"column":21},"end":{"line":612,"column":53}},{"start":{"line":612,"column":57},"end":{"line":612,"column":58}}],"line":612},"44":{"loc":{"start":{"line":613,"column":31},"end":{"line":613,"column":68}},"type":"binary-expr","locations":[{"start":{"line":613,"column":31},"end":{"line":613,"column":63}},{"start":{"line":613,"column":67},"end":{"line":613,"column":68}}],"line":613},"45":{"loc":{"start":{"line":619,"column":18},"end":{"line":619,"column":45}},"type":"binary-expr","locations":[{"start":{"line":619,"column":18},"end":{"line":619,"column":38}},{"start":{"line":619,"column":42},"end":{"line":619,"column":45}}],"line":619},"46":{"loc":{"start":{"line":625,"column":36},"end":{"line":625,"column":63}},"type":"binary-expr","locations":[{"start":{"line":625,"column":36},"end":{"line":625,"column":57}},{"start":{"line":625,"column":61},"end":{"line":625,"column":63}}],"line":625},"47":{"loc":{"start":{"line":626,"column":48},"end":{"line":626,"column":74}},"type":"binary-expr","locations":[{"start":{"line":626,"column":48},"end":{"line"
[...]
column":23}},"141":{"start":{"line":412,"column":23},"end":{"line":416,"column":3}},"142":{"start":{"line":413,"column":4},"end":{"line":413,"column":29}},"143":{"start":{"line":414,"column":4},"end":{"line":414,"column":23}},"144":{"start":{"line":415,"column":4},"end":{"line":415,"column":54}},"145":{"start":{"line":418,"column":27},"end":{"line":420,"column":3}},"146":{"start":{"line":419,"column":4},"end":{"line":419,"column":38}},"147":{"start":{"line":419,"column":28},"end":{"line":419,"column":36}},"148":{"start":{"line":422,"column":31},"end":{"line":424,"column":3}},"149":{"start":{"line":423,"column":4},"end":{"line":423,"column":51}},"150":{"start":{"line":423,"column":28},"end":{"line":423,"column":49}},"151":{"start":{"line":426,"column":27},"end":{"line":430,"column":3}},"152":{"start":{"line":427,"column":4},"end":{"line":427,"column":29}},"153":{"start":{"line":428,"column":4},"end":{"line":428,"column":23}},"154":{"start":{"line":429,"column":4},"end":{"line":429,"column":54}},"155":{"start":{"line":432,"column":33},"end":{"line":461,"column":4}},"156":{"start":{"line":463,"column":2},"end":{"line":467,"column":4}},"157":{"start":{"line":111,"column":13},"end":{"line":111,"column":69}}},"fnMap":{"0":{"name":"(anonymous_9)","decl":{"start":{"line":103,"column":23},"end":{"line":103,"column":26}},"loc":{"start":{"line":103,"column":28},"end":{"line":109,"column":1}}},"1":{"name":"(anonymous_10)","decl":{"start":{"line":111,"column":69},"end":{"line":111,"column":70}},"loc":{"start":{"line":111,"column":86},"end":{"line":468,"column":1}}},"2":{"name":"(anonymous_11)","decl":{"start":{"line":162,"column":12},"end":{"line":162,"column":15}},"loc":{"start":{"line":162,"column":17},"end":{"line":319,"column":3}}},"3":{"name":"(anonymous_12)","decl":{"start":{"line":170,"column":28},"end":{"line":170,"column":31}},"loc":{"start":{"line":170,"column":33},"end":{"line":172,"column":5}}},"4":{"name":"(anonymous_13)","decl":{"start":{"line":174,"column":31},"end":{"line":174,"column":34}},"loc":{"start":{"line":174,"column":36},"end":{"line":176,"column":5}}},"5":{"name":"(anonymous_14)","decl":{"start":{"line":179,"column":30},"end":{"line":179,"column":31}},"loc":{"start":{"line":179,"column":51},"end":{"line":199,"column":5}}},"6":{"name":"(anonymous_15)","decl":{"start":{"line":182,"column":47},"end":{"line":182,"column":48}},"loc":{"start":{"line":182,"column":52},"end":{"line":182,"column":58}}},"7":{"name":"(anonymous_16)","decl":{"start":{"line":183,"column":54},"end":{"line":183,"column":55}},"loc":{"start":{"line":183,"column":60},"end":{"line":192,"column":8}}},"8":{"name":"(anonymous_17)","decl":{"start":{"line":187,"column":31},"end":{"line":187,"column":32}},"loc":{"start":{"line":187,"column":47},"end":{"line":187,"column":96}}},"9":{"name":"(anonymous_18)","decl":{"start":{"line":195,"column":42},"end":{"line":195,"column":43}},"loc":{"start":{"line":195,"column":47},"end":{"line":195,"column":68}}},"10":{"name":"(anonymous_19)","decl":{"start":{"line":202,"column":36},"end":{"line":202,"column":37}},"loc":{"start":{"line":202,"column":57},"end":{"line":222,"column":5}}},"11":{"name":"(anonymous_20)","decl":{"start":{"line":205,"column":47},"end":{"line":205,"column":48}},"loc":{"start":{"line":205,"column":52},"end":{"line":205,"column":58}}},"12":{"name":"(anonymous_21)","decl":{"start":{"line":206,"column":54},"end":{"line":206,"column":55}},"loc":{"start":{"line":206,"column":60},"end":{"line":215,"column":8}}},"13":{"name":"(anonymous_22)","decl":{"start":{"line":210,"column":31},"end":{"line":210,"column":32}},"loc":{"start":{"line":210,"column":47},"end":{"line":210,"column":96}}},"14":{"name":"(anonymous_23)","decl":{"start":{"line":218,"column":42},"end":{"line":218,"column":43}},"loc":{"start":{"line":218,"column":47},"end":{"line":218,"column":68}}},"15":{"name":"(anonymous_24)","decl":{"start":{"line":225,"column":40},"end":{"line":225,"column":41}},"loc":{"start":{"line":225,"column":55},"end":{"line":229,"column":5}}},"16":{"name":"(anonymous_25)","decl":{"start":{"line":232,"column":38},"end":{"line":232,"column":39}},"loc":{"start":{"line":232,"column":56},"end":{"line":235,"column":5}}},"17":{"name":"(anonymous_26)","decl":{"start":{"line":238,"column":38},"end":{"line":238,"column":41}},"loc":{"start":{"line":238,"column":43},"end":{"line":241,"column":5}}},"18":{"name":"(anonymous_27)","decl":{"start":{"line":244,"column":36},"end":{"line":244,"column":37}},"loc":{"start":{"line":244,"column":54},"end":{"line":247,"column":5}}},"19":{"name":"(anonymous_28)","decl":{"start":{"line":250,"column":33},"end":{"line":250,"column":34}},"loc":{"start":{"line":250,"column":57},"end":{"line":254,"column":5}}},"20":{"name":"(anonymous_29)","decl":{"start":{"line":256,"column":31},"end":{"line":256,"column":32}},"loc":{"start":{"line":256,"column":94},"end":{"line":260,"column":5}}},"21":{"name":"(anonymous_30)","decl":{"start":{"line":263,"column":32},"end":{"line":263,"column":33}},"loc":{"start":{"line":263,"column":83},"end":{"line":265,"column":5}}},"22":{"name":"(anonymous_31)","decl":{"start":{"line":268,"column":34},"end":{"line":268,"column":35}},"loc":{"start":{"line":268,"column":48},"end":{"line":271,"column":5}}},"23":{"name":"(anonymous_32)","decl":{"start":{"line":274,"column":40},"end":{"line":274,"column":43}},"loc":{"start":{"line":274,"column":45},"end":{"line":288,"column":5}}},"24":{"name":"(anonymous_33)","decl":{"start":{"line":277,"column":19},"end":{"line":277,"column":23}},"loc":{"start":{"line":277,"column":28},"end":{"line":282,"column":8}}},"25":{"name":"(anonymous_34)","decl":{"start":{"line":290,"column":38},"end":{"line":290,"column":39}},"loc":{"start":{"line":290,"column":56},"end":{"line":292,"column":5}}},"26":{"name":"(anonymous_35)","decl":{"start":{"line":295,"column":37},"end":{"line":295,"column":38}},"loc":{"start":{"line":295,"column":51},"end":{"line":310,"column":5}}},"27":{"name":"(anonymous_36)","decl":{"start":{"line":299,"column":19},"end":{"line":299,"column":23}},"loc":{"start":{"line":299,"column":28},"end":{"line":304,"column":8}}},"28":{"name":"(anonymous_37)","decl":{"start":{"line":312,"column":34},"end":{"line":312,"column":35}},"loc":{"start":{"line":312,"column":50},"end":{"line":314,"column":5}}},"29":{"name":"(anonymous_38)","decl":{"start":{"line":316,"column":11},"end":{"line":316,"column":14}},"loc":{"start":{"line":316,"column":16},"end":{"line":318,"column":5}}},"30":{"name":"(anonymous_39)","decl":{"start":{"line":321,"column":23},"end":{"line":321,"column":24}},"loc":{"start":{"line":321,"column":40},"end":{"line":324,"column":3}}},"31":{"name":"(anonymous_40)","decl":{"start":{"line":326,"column":23},"end":{"line":326,"column":24}},"loc":{"start":{"line":326,"column":44},"end":{"line":328,"column":3}}},"32":{"name":"(anonymous_41)","decl":{"start":{"line":330,"column":29},"end":{"line":330,"column":30}},"loc":{"start":{"line":330,"column":62},"end":{"line":332,"column":3}}},"33":{"name":"(anonymous_42)","decl":{"start":{"line":334,"column":29},"end":{"line":334,"column":30}},"loc":{"start":{"line":334,"column":148},"end":{"line":371,"column":3}}},"34":{"name":"(anonymous_43)","decl":{"start":{"line":336,"column":19},"end":{"line":336,"column":23}},"loc":{"start":{"line":336,"column":26},"end":{"line":348,"column":5}}},"35":{"name":"(anonymous_44)","decl":{"start":{"line":351,"column":17},"end":{"line":351,"column":21}},"loc":{"start":{"line":351,"column":24},"end":{"line":367,"column":5}}},"36":{"name":"(anonymous_45)","decl":{"start":{"line":356,"column":30},"end":{"line":356,"column":31}},"loc":{"start":{"line":356,"column":35},"end":{"line":365,"column":13}}},"37":{"name":"(anonymous_46)","decl":{"start":{"line":373,"column":32},"end":{"line":373,"column":35}},"loc":{"start":{"line":373,"column":37},"end":{"line":375,"column":3}}},"38":{"name":"(anonymous_47)","decl":{"start":{"line":377,"column":31},"end":{"line":377,"column":34}},"loc":{"start":{"line":377,"column":36},"end":{"line":379,"column":3}}},"39":{"name":"(anonymous_48)","decl":{"start":{"line":381,"column":21},"end":{"line":381,"column":24}},"loc":{"start":{"line":381,"column":26},"end":{"line":383,"column":3}}},"40":{"name":"(anonymous_49)","decl":{"start":{"line":385,"column":19},"end":{"line":385,"column":22}},"loc":{"start":{"line":385,"column":24},"end":{"line":387,"column":3}}},"41":{"name":"(anonymous_50)","decl":{"start":{"line":389,"column":25},"end":{"line":389,"column":28}},"loc":{"start":{"line":389,"column":30},"end":{"line":391,"column":3}}},"42":{"name":"(anonymous_51)","decl":{"start":{"line":393,"column":23},"end":{"line":393,"column":26}},"loc":{"start":{"line":393,"column":28},"end":{"line":395,"column":3}}},"43":{"name":"(anonymous_52)","decl":{"start":{"line":397,"column":23},"end":{"line":397,"column":26}},"loc":{"start":{"line":397,"column":28},"end":{"line":399,"column":3}}},"44":{"name":"(anonymous_53)","decl":{"start":{"line":401,"column":27},"end":{"line":401,"column":30}},"loc":{"start":{"line":401,"column":32},"end":{"line":404,"column":3}}},"45":{"name":"(anonymous_54)","decl":{"start":{"line":407,"column":24},"end":{"line":407,"column":27}},"loc":{"start":{"line":407,"column":29},"end":{"line":410,"column":3}}},"46":{"name":"(anonymous_55)","decl":{"start":{"line":412,"column":23},"end":{"line":412,"column":26}},"loc":{"start":{"line":412,"column":28},"end":{"line":416,"column":3}}},"47":{"name":"(anonymous_56)","decl":{"start":{"line":418,"column":27},"end":{"line":418,"column":30}},"loc":{"start":{"line":418,"column":32},"end":{"line":420,"column":3}}},"48":{"name":"(anonymous_57)","decl":{"start":{"line":419,"column":20},"end":{"line":419,"column":24}},"loc":{"start":{"line":419,"column":28},"end":{"line":419,"column":36}}},"49":{"name":"(anonymous_58)","decl":{"start":{"line":422,"column":31},"end":{"line":422,"column":34}},"loc":{"start":{"line":422,"column":36},"end":{"line":424,"column":3}}},"50":{"name":"(anonymous_59)","decl":{"start":{"line":423,"column":20},"end":{"line":423,"column":24}},"loc":{"start":{"line":423,"column":28},"end":{"line":423,"column":49}}},"51":{"name":"(anonymous_60)","decl":{"start":{"line":426,"column":27},"end":{"line":426,"column":30}},"loc":{"start":{"line":426,"column":32},"end":{"line":430,"column":3}}}},"branchMap":{"0":{"loc":{"start":{"line":105,"column":2},"end":{"line":107,"column":3}},"type":"if","locations":[{"start":{"line":105,"column":2},"end":{"line":107,"column":3}}]},"1":{"loc":{"start":{"line":164,"column":23},"end":{"line":164,"column":134}},"type":"binary-expr","locations":[{"start":{"line":164,"column":23},"end":{"line":164,"column":76}},{"start":{"line":164,"column":80},"end":{"line":164,"column":107}},{"start":{"line":164,"column":111},"end":{"line":164,"column":134}}]},"2":{"loc":{"start":{"line":182,"column":24},"end":{"line":182,"column":41}},"type":"binary-expr","locations":[{"start":{"line":182,"column":24},"end":{"line":182,"column":35}},{"start":{"line":182,"column":39},"end":{"line":182,"column":41}}]},"3":{"loc":{"start":{"line":183,"column":31},"end":{"line":183,"column":48}},"type":"binary-expr","locations":[{"start":{"line":183,"column":31},"end":{"line":183,"column":42}},{"start":{"line":183,"column":46},"end":{"line":183,"column":48}}]},"4":{"loc":{"start":{"line":186,"column":17},"end":{"line":186,"column":42}},"type":"binary-expr","locations":[{"start":{"line":186,"column":17},"end":{"line":186,"column":35}},{"start":{"line":186,"column":39},"end":{"line":186,"column":42}}]},"5":{"loc":{"start":{"line":187,"column":65},"end":{"line":187,"column":94}},"type":"binary-expr","locations":[{"start":{"line":187,"column":65},"end":{"line":187,"column":89}},{"start":{"line":187,"column":93},"end":{"line":187,"column":94}}]},"6":{"loc":{"start":{"line":188,"column":29},"end":{"line":188,"column":64}},"type":"binary-expr","locations":[{"start":{"line":188,"column":29},"end":{"line":188,"column":59}},{"start":{"line":188,"column":63},"end":{"line":188,"column":64}}]},"7":{"loc":{"start":{"line":189,"column":29},"end":{"line":189,"column":98}},"type":"binary-expr","locations":[{"start":{"line":189,"column":29},"end":{"line":189,"column":59}},{"start":{"line":189,"column":63},"end":{"line":189,"column":93}},{"start":{"line":189,"column":97},"end":{"line":189,"column":98}}]},"8":{"loc":{"start":{"line":190,"column":29},"end":{"line":190,"column":64}},"type":"binary-expr","locations":[{"start":{"line":190,"column":29},"end":{"line":190,"column":59}},{"start":{"line":190,"column":63},"end":{"line":190,"column":64}}]},"9":{"loc":{"start":{"line":196,"column":6},"end":{"line":198,"column":7}},"type":"if","locations":[{"start":{"line":196,"column":6},"end":{"line":198,"column":7}}]},"10":{"loc":{"start":{"line":205,"column":24},"end":{"line":205,"column":41}},"type":"binary-expr","locations":[{"start":{"line":205,"column":24},"end":{"line":205,"column":35}},{"start":{"line":205,"column":39},"end":{"line":205,"column":41}}]},"11":{"loc":{"start":{"line":206,"column":31},"end":{"line":206,"column":48}},"type":"binary-expr","locations":[{"start":{"line":206,"column":31},"end":{"line":206,"column":42}},{"start":{"line":206,"column":46},"end":{"line":206,"column":48}}]},"12":{"loc":{"start":{"line":209,"column":17},"end":{"line":209,"column":42}},"type":"binary-expr","locations":[{"start":{"line":209,"column":17},"end":{"line":209,"column":35}},{"start":{"line":209,"column":39},"end":{"line":209,"column":42}}]},"13":{"loc":{"start":{"line":210,"column":65},"end":{"line":210,"column":94}},"type":"binary-expr","locations":[{"start":{"line":210,"column":65},"end":{"line":210,"column":89}},{"start":{"line":210,"column":93},"end":{"line":210,"column":94}}]},"14":{"loc":{"start":{"line":211,"column":29},"end":{"line":211,"column":64}},"type":"binary-expr","locations":[{"start":{"line":211,"column":29},"end":{"line":211,"column":59}},{"start":{"line":211,"column":63},"end":{"line":211,"column":64}}]},"15":{"loc":{"start":{"line":212,"column":29},"end":{"line":212,"column":98}},"type":"binary-expr","locations":[{"start":{"line":212,"column":29},"end":{"line":212,"column":59}},{"start":{"line":212,"column":63},"end":{"line":212,"column":93}},{"start":{"line":212,"column":97},"end":{"line":212,"column":98}}]},"16":{"loc":{"start":{"line":213,"column":29},"end":{"line":213,"column":64}},"type":"binary-expr","locations":[{"start":{"line":213,"column":29},"end":{"line":213,"column":59}},{"start":{"line":213,"column":63},"end":{"line":213,"column":64}}]},"17":{"loc":{"start":{"line":219,"column":6},"end":{"line":221,"column":7}},"type":"if","locations":[{"start":{"line":219,"column":6},"end":{"line":221,"column":7}}]},"18":{"loc":{"start":{"line":269,"column":22},"end":{"line":269,"column":45}},"type":"binary-expr","locations":[{"start":{"line":269,"column":22},"end":{"line":269,"column":39}},{"start":{"line":269,"column":43},"end":{"line":269,"column":45}}]},"19":{"loc":{"start":{"line":337,"column":6},"end":{"line":337,"column":29}},"type":"if","locations":[{"start":{"line":337,"column":6},"end":{"line":337,"column":29}}]},"20":{"loc":{"start":{"line":342,"column":14},"end":{"line":342,"column":75}},"type":"cond-expr","locations":[{"start":{"line":342,"column":45},"end":{"line":342,"column":70}},{"start":{"line":342,"column":73},"end":{"line":342,"column":75}}]},"21":{"loc":{"start":{"line":343,"column":14},"end":{"line":343,"column":85}},"type":"cond-expr","locations":[{"start":{"line":343,"column":29},"end":{"line":343,"column":80}},{"start":{"line":343,"column":83},"end":{"line":343,"column":85}}]},"22":{"loc":{"start":{"line":344,"column":14},"end":{"line":344,"column":111}},"type":"cond-expr","locations":[{"start":{"line":344,"column":57},"end":{"line":344,"column":106}},{"start":{"line":344,"column":109},"end":{"line":344,"column":111}}]},"23":{"loc":{"start":{"line":345,"column":14},"end":{"line":345,"column":111}},"type":"cond-expr","locations":[{"start":{"line":345,"column":57},"end":{"line":345,"column":106}},{"start":{"line":345,"column":109},"end":{"line":345,"column":111}}]},"24":{"loc":{"start":{"line":353,"column":6},"end":{"line":353,"column":28}},"type":"if","locations":[{"start":{"line":353,"column":6},"end":{"line":353,"column":28}}]},"25":{"loc":{"start":{"line":356,"column":35},"end":{"line":365,"column":13}},"type":"cond-expr","locations":[{"start":{"line":356,"column":50},"end":{"line":365,"column":10}},{"start":{"line":365,"column":12},"end":{"line":365,"column":13}}]},"26":{"loc":{"start":{"line":360,"column":16},"end":{"line":360,"column":77}},"type":"cond-expr","locations":[{"start":{"line":360,"column":47},"end":{"line":360,"column":72}},{"start":{"line":360,"column":75},"end":{"line":360,"column":77}}]},"27":{"loc":{"start":{"line":361,"column":16},"end":{"line":361,"column":84}},"type":"cond-expr","locations":[{"start":{"line":361,"column":31},"end":{"line":361,"column":79}},{"start":{"line":361,"column":82},"end":{"line":361,"column":84}}]},"28":{"loc":{"start":{"line":362,"column":16},"end":{"line":362,"column":113}},"type":"cond-expr","locations":[{"start":{"line":362,"column":59},"end":{"line":362,"column":108}},{"start":{"line":362,"column":111},"end":{"line":362,"column":113}}]},"29":{"loc":{"start":{"line":363,"column":16},"end":{"line":363,"column":113}},"type":"cond-expr","locations":[{"start":{"line":363,"column":59},"end":{"line":363,"column":108}},{"start":{"line":363,"column":111},"end":{"line":363,"column":113}}]}},"s":{"0":1,"1":1,"2":1,"3":1,"4":7,"5":6,"6":2,"7":4,"8":1,"9":1,"10":4,"11":4,"12":4,"13":4,"14":4,"15":4,"16":4,"17":4,"18":4,"19":4,"20":4,"21":4,"22":2,"23":2,"24":2,"25":2,"26":2,"27":0,"28":2,"29":0,"30":2,"31":0,"32":0,"33":0,"34":0,"35":0,"36":0,"37":0,"38":0,"39":0,"40":0,"41":0,"42":2,"43":0,"44":0,"45":0,"46":0,"47":0,"48":0,"49":0,"50":0,"51":0,"52":0,"53":0,"54":2,"55":0,"56":0,"57":0,"58":2,"59":0,"60":0,"61":2,"62":0,"63":0,"64":2,"65":0,"66":2,"67":0,"68":0,"69":2,"70":0,"71":0,"72":2,"73":0,"74":2,"75":0,"76":0,"77":2,"78":0,"79":0,"80":0,"81":0,"82":0,"83":0,"84":0,"85":0,"86":2,"87":0,"88":2,"89":0,"90":0,"91":0,"92":0,"93":0,"94":0,"95":0,"96":0,"97":0,"98":2,"99":0,"100":2,"101":2,"102":4,"103":0,"104":0,"105":4,"106":0,"107":4,"108":0,"109":4,"110":0,"111":0,"112":0,"113":0,"114":0,"115":0,"116":0,"117":0,"118":0,"119":0,"120":0,"121":4,"122":0,"123":4,"124":0,"125":4,"126":0,"127":4,"128":0,"129":4,"130":0,"131":4,"132":0,"133":4,"134":0,"135":4,"136":0,"137":0,"138":4,"139":0,"140":0,"141":4,"142":0,"143":0,"144":0,"145":4,"146":0,"147":0,"148":4,"149":0,"150":0,"151":4,"152":0,"153":0,"154":0,"155":4,"156":4,"157":1},"f":{"0":7,"1":4,"2":2,"3":0,"4":0,"5":0,"6":0,"7":0,"8":0,"9":0,"10":0,"11":0,"12":0,"13":0,"14":0,"15":0,"16":0,"17":0,"18":0,"19":0,"20":0,"21":0,"22":0,"23":0,"24":0,"25":0,"26":0,"27":0,"28":0,"29":2,"30":0,"31":0,"32":0,"33":0,"34":0,"35":0,"36":0,"37":0,"38":0,"39":0,"40":0,"41":0,"42":0,"43":0,"44":0,"45":0,"46":0,"47":0,"48":0,"49":0,"50":0,"51":0},"b":{"0":[2],"1":[2,0,0],"2":[0,0],"3":[0,0],"4":[0,0],"5":[0,0],"6":[0,0],"7":[0,0,0],"8":[0,0],"9":[0],"10":[0,0],"11":[0,0],"12":[0,0],"13":[0,0],"14":[0,0],"15":[0,0,0],"16":[0,0],"17":[0],"18":[0,0],"19":[0],"20":[0,0],"21":[0,0],"22":[0,0],"23":[0,0],"24":[0],"25":[0,0],"26":[0,0],"27":[0,0],"28":[0,0],"29":[0,0]}}
,"/Users/bjoer/Documents/GitHub/APXO/src/lib/utils.ts": {"path":"/Users/bjoer/Documents/GitHub/APXO/src/lib/utils.ts","statementMap":{"0":{"start":{"line":4,"column":0},"end":{"line":4,"column":16}},"1":{"start":{"line":1,"column":0},"end":{"line":1,"column":44}},"2":{"start":{"line":2,"column":0},"end":{"line":2,"column":40}},"3":{"start":{"line":5,"column":2},"end":{"line":5,"column":null}}},"fnMap":{"0":{"name":"cn","decl":{"start":{"line":4,"column":16},"end":{"line":4,"column":18}},"loc":{"start":{"line":4,"column":42},"end":{"line":6,"column":1}}}},"branchMap":{},"s":{"0":1,"1":1,"2":1,"3":345},"f":{"0":345},"b":{}}
}
