TN:
SF:server/database.js
FN:48,(anonymous_0)
FNF:1
FNH:0
FNDA:0,(anonymous_0)
DA:5,0
DA:6,0
DA:8,0
DA:12,0
DA:40,0
DA:48,0
DA:49,0
DA:50,0
DA:51,0
DA:53,0
LF:10
LH:0
BRDA:5,0,0,0
BRDA:5,0,1,0
BRDA:12,1,0,0
BRDA:12,1,1,0
BRDA:13,2,0,0
BRDA:13,2,1,0
BRDA:14,3,0,0
BRDA:14,3,1,0
BRDA:15,4,0,0
BRDA:15,4,1,0
BRDA:16,5,0,0
BRDA:16,5,1,0
BRDA:17,6,0,0
BRDA:17,6,1,0
BRDA:19,7,0,0
BRDA:19,7,1,0
BRDA:22,8,0,0
BRDA:22,8,1,0
BRDA:40,9,0,0
BRDA:40,9,1,0
BRDA:42,10,0,0
BRDA:42,10,1,0
BRF:22
BRH:0
end_of_record
TN:
SF:server/gameService.js
FN:9,(anonymous_0)
FN:55,(anonymous_1)
FN:68,(anonymous_2)
FN:94,(anonymous_3)
FN:104,(anonymous_4)
FN:110,(anonymous_5)
FN:145,(anonymous_6)
FN:177,(anonymous_7)
FN:187,(anonymous_8)
FN:197,(anonymous_9)
FN:207,(anonymous_10)
FN:217,(anonymous_11)
FN:227,(anonymous_12)
FN:263,(anonymous_13)
FN:279,(anonymous_14)
FN:319,(anonymous_15)
FN:324,(anonymous_16)
FN:325,(anonymous_17)
FN:331,(anonymous_18)
FN:338,(anonymous_19)
FN:350,(anonymous_20)
FN:363,(anonymous_21)
FN:368,(anonymous_22)
FN:407,(anonymous_23)
FN:417,(anonymous_24)
FN:479,(anonymous_25)
FN:488,(anonymous_26)
FN:548,(anonymous_27)
FNF:28
FNH:0
FNDA:0,(anonymous_0)
FNDA:0,(anonymous_1)
FNDA:0,(anonymous_2)
FNDA:0,(anonymous_3)
FNDA:0,(anonymous_4)
FNDA:0,(anonymous_5)
FNDA:0,(anonymous_6)
FNDA:0,(anonymous_7)
FNDA:0,(anonymous_8)
FNDA:0,(anonymous_9)
FNDA:0,(anonymous_10)
FNDA:0,(anonymous_11)
FNDA:0,(anonymous_12)
FNDA:0,(anonymous_13)
FNDA:0,(anonymous_14)
FNDA:0,(anonymous_15)
FNDA:0,(anonymous_16)
FNDA:0,(anonymous_17)
FNDA:0,(anonymous_18)
FNDA:0,(anonymous_19)
FNDA:0,(anonymous_20)
FNDA:0,(anonymous_21)
FNDA:0,(anonymous_22)
FNDA:0,(anonymous_23)
FNDA:0,(anonymous_24)
FNDA:0,(anonymous_25)
FNDA:0,(anonymous_26)
FNDA:0,(anonymous_27)
DA:6,0
DA:10,0
DA:12,0
DA:17,0
DA:19,0
DA:48,0
DA:51,0
DA:56,0
DA:57,0
DA:69,0
DA:70,0
DA:71,0
DA:72,0
DA:75,0
DA:87,0
DA:89,0
DA:95,0
DA:96,0
DA:97,0
DA:99,0
DA:100,0
DA:101,0
DA:104,0
DA:110,0
DA:112,0
DA:115,0
DA:116,0
DA:117,0
DA:121,0
DA:122,0
DA:123,0
DA:124,0
DA:127,0
DA:133,0
DA:135,0
DA:145,0
DA:146,0
DA:161,0
DA:163,0
DA:164,0
DA:166,0
DA:178,0
DA:179,0
DA:180,0
DA:182,0
DA:183,0
DA:188,0
DA:189,0
DA:190,0
DA:192,0
DA:193,0
DA:198,0
DA:199,0
DA:200,0
DA:202,0
DA:203,0
DA:208,0
DA:209,0
DA:210,0
DA:212,0
DA:213,0
DA:218,0
DA:219,0
DA:222,0
DA:225,0
DA:226,0
DA:227,0
DA:228,0
DA:230,0
DA:231,0
DA:234,0
DA:249,0
DA:257,0
DA:259,0
DA:264,0
DA:265,0
DA:268,0
DA:278,0
DA:279,0
DA:280,0
DA:281,0
DA:282,0
DA:294,0
DA:295,0
DA:309,0
DA:310,0
DA:311,0
DA:312,0
DA:313,0
DA:316,0
DA:319,0
DA:324,0
DA:325,0
DA:327,0
DA:331,0
DA:339,0
DA:351,0
DA:353,0
DA:364,0
DA:365,0
DA:368,0
DA:369,0
DA:371,0
DA:383,0
DA:392,0
DA:408,0
DA:409,0
DA:410,0
DA:411,0
DA:413,0
DA:414,0
DA:417,0
DA:418,0
DA:419,0
DA:420,0
DA:424,0
DA:425,0
DA:426,0
DA:429,0
DA:430,0
DA:432,0
DA:434,0
DA:435,0
DA:437,0
DA:441,0
DA:444,0
DA:445,0
DA:451,0
DA:452,0
DA:456,0
DA:466,0
DA:471,0
DA:473,0
DA:475,0
DA:480,0
DA:481,0
DA:482,0
DA:483,0
DA:489,0
DA:491,0
DA:494,0
DA:524,0
DA:527,0
DA:530,0
DA:533,0
DA:535,0
DA:536,0
DA:542,0
DA:543,0
DA:549,0
DA:551,0
DA:554,0
DA:555,0
DA:585,0
DA:590,0
DA:593,0
DA:595,0
DA:596,0
DA:602,0
DA:603,0
LF:160
LH:0
BRDA:10,0,0,0
BRDA:10,0,1,0
BRDA:17,1,0,0
BRDA:17,1,1,0
BRDA:71,2,0,0
BRDA:71,2,1,0
BRDA:97,3,0,0
BRDA:97,3,1,0
BRDA:99,4,0,0
BRDA:99,4,1,0
BRDA:107,5,0,0
BRDA:107,5,1,0
BRDA:115,6,0,0
BRDA:115,6,1,0
BRDA:123,7,0,0
BRDA:123,7,1,0
BRDA:179,8,0,0
BRDA:179,8,1,0
BRDA:189,9,0,0
BRDA:189,9,1,0
BRDA:199,10,0,0
BRDA:199,10,1,0
BRDA:209,11,0,0
BRDA:209,11,1,0
BRDA:228,12,0,0
BRDA:228,12,1,0
BRDA:230,13,0,0
BRDA:230,13,1,0
BRDA:230,14,0,0
BRDA:230,14,1,0
BRDA:281,15,0,0
BRDA:281,15,1,0
BRDA:321,16,0,0
BRDA:321,16,1,0
BRDA:323,17,0,0
BRDA:323,17,1,0
BRDA:324,18,0,0
BRDA:324,18,1,0
BRDA:324,19,0,0
BRDA:324,19,1,0
BRDA:338,20,0,0
BRDA:363,21,0,0
BRDA:369,22,0,0
BRDA:369,22,1,0
BRDA:369,23,0,0
BRDA:369,23,1,0
BRDA:410,24,0,0
BRDA:410,24,1,0
BRDA:411,25,0,0
BRDA:411,25,1,0
BRDA:413,26,0,0
BRDA:413,26,1,0
BRDA:414,27,0,0
BRDA:414,27,1,0
BRDA:418,28,0,0
BRDA:418,28,1,0
BRDA:424,29,0,0
BRDA:424,29,1,0
BRDA:432,30,0,0
BRDA:432,30,1,0
BRDA:435,31,0,0
BRDA:435,31,1,0
BRDA:444,32,0,0
BRDA:444,32,1,0
BRDA:451,33,0,0
BRDA:451,33,1,0
BRDA:473,34,0,0
BRDA:473,34,1,0
BRDA:481,35,0,0
BRDA:481,35,1,0
BRF:70
BRH:0
end_of_record
TN:
SF:server/index.js
FNF:0
FNH:0
DA:1,0
LF:1
LH:0
BRF:0
BRH:0
end_of_record
TN:
SF:server/jest.config.js
FNF:0
FNH:0
DA:1,0
LF:1
LH:0
BRF:0
BRH:0
end_of_record
TN:
SF:server/models.js
FN:211,(anonymous_0)
FNF:1
FNH:0
FNDA:0,(anonymous_0)
DA:5,0
DA:46,0
DA:95,0
DA:164,0
DA:201,0
DA:202,0
DA:204,0
DA:205,0
DA:207,0
DA:208,0
DA:211,0
DA:212,0
DA:213,0
DA:214,0
DA:216,0
LF:15
LH:0
BRF:0
BRH:0
end_of_record
TN:
SF:server/server.js
FN:22,(anonymous_0)
FN:80,(anonymous_1)
FN:89,initializeServer
FN:101,(anonymous_3)
FN:119,startPoolingMarketUpdates
FN:129,(anonymous_5)
FN:148,stopPoolingMarketUpdates
FN:157,broadcastGameState
FN:168,(anonymous_8)
FN:211,(anonymous_9)
FN:221,(anonymous_10)
FN:265,(anonymous_11)
FN:286,(anonymous_12)
FN:302,(anonymous_13)
FN:316,(anonymous_14)
FN:338,(anonymous_15)
FN:353,(anonymous_16)
FN:373,(anonymous_17)
FN:385,(anonymous_18)
FN:400,(anonymous_19)
FN:418,(anonymous_20)
FN:436,(anonymous_21)
FN:451,(anonymous_22)
FN:478,(anonymous_23)
FN:505,(anonymous_24)
FN:516,(anonymous_25)
FN:525,(anonymous_26)
FN:548,runMonthlySimulation
FN:580,(anonymous_28)
FN:585,(anonymous_29)
FN:586,(anonymous_30)
FN:590,(anonymous_31)
FN:598,(anonymous_32)
FN:598,(anonymous_33)
FN:603,calculateMonthlyResults
FN:607,(anonymous_35)
FN:649,calculateRoundResults
FN:663,(anonymous_37)
FN:693,generateNormalRandom
FN:702,calculateMarketShares
FN:711,(anonymous_40)
FN:719,(anonymous_41)
FN:725,(anonymous_42)
FN:730,(anonymous_43)
FN:733,(anonymous_44)
FN:748,(anonymous_45)
FN:749,(anonymous_46)
FN:757,calculateAveragePrice
FN:769,(anonymous_48)
FN:782,calculateTeamCapacity
FN:784,(anonymous_50)
FN:788,calculateRevenue
FN:806,calculateCosts
FN:817,(anonymous_53)
FNF:54
FNH:0
FNDA:0,(anonymous_0)
FNDA:0,(anonymous_1)
FNDA:0,initializeServer
FNDA:0,(anonymous_3)
FNDA:0,startPoolingMarketUpdates
FNDA:0,(anonymous_5)
FNDA:0,stopPoolingMarketUpdates
FNDA:0,broadcastGameState
FNDA:0,(anonymous_8)
FNDA:0,(anonymous_9)
FNDA:0,(anonymous_10)
FNDA:0,(anonymous_11)
FNDA:0,(anonymous_12)
FNDA:0,(anonymous_13)
FNDA:0,(anonymous_14)
FNDA:0,(anonymous_15)
FNDA:0,(anonymous_16)
FNDA:0,(anonymous_17)
FNDA:0,(anonymous_18)
FNDA:0,(anonymous_19)
FNDA:0,(anonymous_20)
FNDA:0,(anonymous_21)
FNDA:0,(anonymous_22)
FNDA:0,(anonymous_23)
FNDA:0,(anonymous_24)
FNDA:0,(anonymous_25)
FNDA:0,(anonymous_26)
FNDA:0,runMonthlySimulation
FNDA:0,(anonymous_28)
FNDA:0,(anonymous_29)
FNDA:0,(anonymous_30)
FNDA:0,(anonymous_31)
FNDA:0,(anonymous_32)
FNDA:0,(anonymous_33)
FNDA:0,calculateMonthlyResults
FNDA:0,(anonymous_35)
FNDA:0,calculateRoundResults
FNDA:0,(anonymous_37)
FNDA:0,generateNormalRandom
FNDA:0,calculateMarketShares
FNDA:0,(anonymous_40)
FNDA:0,(anonymous_41)
FNDA:0,(anonymous_42)
FNDA:0,(anonymous_43)
FNDA:0,(anonymous_44)
FNDA:0,(anonymous_45)
FNDA:0,(anonymous_46)
FNDA:0,calculateAveragePrice
FNDA:0,(anonymous_48)
FNDA:0,calculateTeamCapacity
FNDA:0,(anonymous_50)
FNDA:0,calculateRevenue
FNDA:0,calculateCosts
FNDA:0,(anonymous_53)
DA:11,0
DA:12,0
DA:14,0
DA:17,0
DA:18,0
DA:21,0
DA:24,0
DA:26,0
DA:40,0
DA:42,0
DA:44,0
DA:47,0
DA:48,0
DA:49,0
DA:50,0
DA:51,0
DA:58,0
DA:59,0
DA:61,0
DA:62,0
DA:70,0
DA:74,0
DA:76,0
DA:77,0
DA:80,0
DA:81,0
DA:90,0
DA:92,0
DA:95,0
DA:97,0
DA:100,0
DA:101,0
DA:102,0
DA:103,0
DA:104,0
DA:108,0
DA:109,0
DA:114,0
DA:115,0
DA:116,0
DA:121,0
DA:122,0
DA:126,0
DA:129,0
DA:130,0
DA:131,0
DA:132,0
DA:133,0
DA:134,0
DA:137,0
DA:140,0
DA:144,0
DA:149,0
DA:150,0
DA:151,0
DA:152,0
DA:158,0
DA:159,0
DA:160,0
DA:163,0
DA:166,0
DA:167,0
DA:169,0
DA:171,0
DA:183,0
DA:203,0
DA:206,0
DA:211,0
DA:212,0
DA:214,0
DA:216,0
DA:217,0
DA:220,0
DA:222,0
DA:224,0
DA:236,0
DA:257,0
DA:260,0
DA:261,0
DA:265,0
DA:266,0
DA:267,0
DA:269,0
DA:277,0
DA:279,0
DA:281,0
DA:286,0
DA:287,0
DA:288,0
DA:291,0
DA:292,0
DA:294,0
DA:295,0
DA:297,0
DA:302,0
DA:303,0
DA:304,0
DA:305,0
DA:306,0
DA:307,0
DA:309,0
DA:310,0
DA:316,0
DA:317,0
DA:318,0
DA:319,0
DA:320,0
DA:323,0
DA:324,0
DA:325,0
DA:326,0
DA:327,0
DA:332,0
DA:333,0
DA:338,0
DA:339,0
DA:340,0
DA:341,0
DA:342,0
DA:343,0
DA:344,0
DA:346,0
DA:347,0
DA:353,0
DA:354,0
DA:355,0
DA:356,0
DA:359,0
DA:360,0
DA:361,0
DA:364,0
DA:365,0
DA:368,0
DA:369,0
DA:371,0
DA:372,0
DA:373,0
DA:376,0
DA:378,0
DA:379,0
DA:385,0
DA:386,0
DA:387,0
DA:388,0
DA:389,0
DA:390,0
DA:391,0
DA:393,0
DA:394,0
DA:400,0
DA:401,0
DA:402,0
DA:403,0
DA:404,0
DA:405,0
DA:406,0
DA:409,0
DA:411,0
DA:412,0
DA:418,0
DA:419,0
DA:420,0
DA:421,0
DA:422,0
DA:423,0
DA:424,0
DA:427,0
DA:429,0
DA:430,0
DA:436,0
DA:437,0
DA:438,0
DA:439,0
DA:440,0
DA:441,0
DA:442,0
DA:444,0
DA:445,0
DA:451,0
DA:452,0
DA:453,0
DA:454,0
DA:455,0
DA:458,0
DA:464,0
DA:466,0
DA:467,0
DA:469,0
DA:470,0
DA:473,0
DA:478,0
DA:479,0
DA:480,0
DA:481,0
DA:482,0
DA:485,0
DA:491,0
DA:493,0
DA:494,0
DA:496,0
DA:497,0
DA:500,0
DA:505,0
DA:506,0
DA:507,0
DA:508,0
DA:510,0
DA:511,0
DA:516,0
DA:517,0
DA:518,0
DA:519,0
DA:521,0
DA:525,0
DA:526,0
DA:528,0
DA:530,0
DA:533,0
DA:534,0
DA:535,0
DA:536,0
DA:540,0
DA:542,0
DA:549,0
DA:550,0
DA:551,0
DA:553,0
DA:554,0
DA:555,0
DA:557,0
DA:559,0
DA:560,0
DA:561,0
DA:564,0
DA:565,0
DA:566,0
DA:569,0
DA:571,0
DA:580,0
DA:584,0
DA:585,0
DA:586,0
DA:587,0
DA:590,0
DA:591,0
DA:593,0
DA:596,0
DA:598,0
DA:605,0
DA:607,0
DA:608,0
DA:609,0
DA:612,0
DA:613,0
DA:614,0
DA:615,0
DA:618,0
DA:619,0
DA:622,0
DA:625,0
DA:626,0
DA:627,0
DA:629,0
DA:630,0
DA:632,0
DA:650,0
DA:651,0
DA:654,0
DA:657,0
DA:658,0
DA:661,0
DA:663,0
DA:664,0
DA:665,0
DA:668,0
DA:669,0
DA:672,0
DA:675,0
DA:677,0
DA:694,0
DA:695,0
DA:696,0
DA:697,0
DA:698,0
DA:703,0
DA:705,0
DA:708,0
DA:709,0
DA:711,0
DA:712,0
DA:714,0
DA:715,0
DA:719,0
DA:720,0
DA:721,0
DA:725,0
DA:726,0
DA:730,0
DA:733,0
DA:734,0
DA:738,0
DA:739,0
DA:740,0
DA:743,0
DA:744,0
DA:748,0
DA:749,0
DA:750,0
DA:753,0
DA:758,0
DA:759,0
DA:760,0
DA:766,0
DA:767,0
DA:769,0
DA:770,0
DA:771,0
DA:772,0
DA:775,0
DA:777,0
DA:778,0
DA:783,0
DA:784,0
DA:789,0
DA:790,0
DA:793,0
DA:796,0
DA:797,0
DA:800,0
DA:802,0
DA:807,0
DA:808,0
DA:814,0
DA:817,0
DA:818,0
DA:819,0
DA:823,0
DA:824,0
DA:827,0
DA:830,0
DA:831,0
DA:834,0
DA:836,0
DA:839,0
DA:842,0
LF:345
LH:0
BRDA:11,0,0,0
BRDA:11,0,1,0
BRDA:24,1,0,0
BRDA:24,1,1,0
BRDA:42,2,0,0
BRDA:42,2,1,0
BRDA:47,3,0,0
BRDA:47,3,1,0
BRDA:50,4,0,0
BRDA:50,4,1,0
BRDA:58,5,0,0
BRDA:58,5,1,0
BRDA:83,6,0,0
BRDA:83,6,1,0
BRDA:100,7,0,0
BRDA:100,7,1,0
BRDA:103,8,0,0
BRDA:103,8,1,0
BRDA:104,9,0,0
BRDA:104,9,1,0
BRDA:121,10,0,0
BRDA:121,10,1,0
BRDA:132,11,0,0
BRDA:132,11,1,0
BRDA:132,12,0,0
BRDA:132,12,1,0
BRDA:149,13,0,0
BRDA:149,13,1,0
BRDA:169,14,0,0
BRDA:169,14,1,0
BRDA:194,15,0,0
BRDA:194,15,1,0
BRDA:222,16,0,0
BRDA:222,16,1,0
BRDA:247,17,0,0
BRDA:247,17,1,0
BRDA:287,18,0,0
BRDA:287,18,1,0
BRDA:287,19,0,0
BRDA:287,19,1,0
BRDA:303,20,0,0
BRDA:303,20,1,0
BRDA:319,21,0,0
BRDA:319,21,1,0
BRDA:323,22,0,0
BRDA:323,22,1,0
BRDA:325,23,0,0
BRDA:325,23,1,0
BRDA:325,24,0,0
BRDA:325,24,1,0
BRDA:339,25,0,0
BRDA:339,25,1,0
BRDA:354,26,0,0
BRDA:354,26,1,0
BRDA:359,27,0,0
BRDA:359,27,1,0
BRDA:359,28,0,0
BRDA:359,28,1,0
BRDA:386,29,0,0
BRDA:386,29,1,0
BRDA:401,30,0,0
BRDA:401,30,1,0
BRDA:419,31,0,0
BRDA:419,31,1,0
BRDA:437,32,0,0
BRDA:437,32,1,0
BRDA:452,33,0,0
BRDA:452,33,1,0
BRDA:479,34,0,0
BRDA:479,34,1,0
BRDA:533,35,0,0
BRDA:533,35,1,0
BRDA:551,36,0,0
BRDA:551,36,1,0
BRDA:553,37,0,0
BRDA:553,37,1,0
BRDA:554,38,0,0
BRDA:554,38,1,0
BRDA:564,39,0,0
BRDA:564,39,1,0
BRDA:587,40,0,0
BRDA:587,40,1,0
BRDA:591,41,0,0
BRDA:591,41,1,0
BRDA:608,42,0,0
BRDA:608,42,1,0
BRDA:612,43,0,0
BRDA:612,43,1,0
BRDA:613,44,0,0
BRDA:613,44,1,0
BRDA:619,45,0,0
BRDA:619,45,1,0
BRDA:625,46,0,0
BRDA:625,46,1,0
BRDA:626,47,0,0
BRDA:626,47,1,0
BRDA:650,48,0,0
BRDA:650,48,1,0
BRDA:651,49,0,0
BRDA:651,49,1,0
BRDA:664,50,0,0
BRDA:664,50,1,0
BRDA:693,51,0,0
BRDA:693,52,0,0
BRDA:705,53,0,0
BRDA:705,53,1,0
BRDA:708,54,0,0
BRDA:708,54,1,0
BRDA:738,55,0,0
BRDA:738,55,1,0
BRDA:759,56,0,0
BRDA:759,56,1,0
BRDA:770,57,0,0
BRDA:770,57,1,0
BRDA:775,58,0,0
BRDA:775,58,1,0
BRDA:775,59,0,0
BRDA:775,59,1,0
BRDA:778,60,0,0
BRDA:778,60,1,0
BRDA:783,61,0,0
BRDA:783,61,1,0
BRDA:784,62,0,0
BRDA:784,62,1,0
BRDA:789,63,0,0
BRDA:789,63,1,0
BRDA:790,64,0,0
BRDA:790,64,1,0
BRDA:807,65,0,0
BRDA:807,65,1,0
BRDA:818,66,0,0
BRDA:818,66,1,0
BRDA:839,67,0,0
BRDA:839,67,1,0
BRF:134
BRH:0
end_of_record
TN:
SF:src/App.tsx
FN:20,mulberry32
FN:21,(anonymous_11)
FN:29,rngWithSeed
FN:32,(anonymous_13)
FN:33,(anonymous_14)
FN:34,(anonymous_15)
FN:42,(anonymous_16)
FN:42,(anonymous_17)
FN:90,generateCustomers
FN:115,(anonymous_19)
FN:121,App
FN:144,(anonymous_21)
FN:144,(anonymous_22)
FN:145,(anonymous_23)
FN:145,(anonymous_24)
FN:151,(anonymous_25)
FN:152,(anonymous_26)
FN:152,(anonymous_27)
FN:154,(anonymous_28)
FN:159,(anonymous_29)
FN:162,(anonymous_30)
FN:163,(anonymous_31)
FN:166,(anonymous_32)
FN:168,(anonymous_33)
FN:168,(anonymous_34)
FN:172,(anonymous_35)
FN:174,handleDecisionChange
FN:175,(anonymous_37)
FN:175,(anonymous_38)
FN:178,handleBuyChange
FN:179,(anonymous_40)
FN:179,(anonymous_41)
FN:182,runSimulationOneRound
FN:183,(anonymous_43)
FN:186,(anonymous_44)
FN:186,(anonymous_45)
FN:187,(anonymous_46)
FN:187,(anonymous_47)
FN:188,(anonymous_48)
FN:192,(anonymous_49)
FN:195,(anonymous_50)
FN:203,(anonymous_51)
FN:228,(anonymous_52)
FN:240,handleRunRound
FN:243,(anonymous_54)
FN:244,(anonymous_55)
FN:247,handleReset
FN:253,handleTeamsRegistered
FN:259,handleStartRound
FN:265,handleEndRound
FN:269,handleTimeUp
FN:277,addFareClass
FN:280,(anonymous_62)
FN:283,(anonymous_63)
FN:284,(anonymous_64)
FN:286,(anonymous_65)
FN:293,(anonymous_66)
FN:294,(anonymous_67)
FN:298,(anonymous_68)
FN:302,(anonymous_69)
FN:336,(anonymous_70)
FN:340,(anonymous_71)
FN:340,(anonymous_72)
FN:354,(anonymous_73)
FN:359,(anonymous_74)
FN:365,(anonymous_75)
FN:370,(anonymous_76)
FN:376,(anonymous_77)
FN:381,(anonymous_78)
FN:400,(anonymous_79)
FN:402,(anonymous_80)
FN:402,(anonymous_81)
FN:402,(anonymous_82)
FN:403,(anonymous_83)
FN:403,(anonymous_84)
FN:403,(anonymous_85)
FN:404,(anonymous_86)
FN:404,(anonymous_87)
FN:404,(anonymous_88)
FN:406,(anonymous_89)
FN:406,(anonymous_90)
FN:406,(anonymous_91)
FN:417,(anonymous_92)
FN:438,(anonymous_93)
FN:445,(anonymous_94)
FN:450,(anonymous_95)
FN:462,(anonymous_96)
FN:467,(anonymous_97)
FN:478,(anonymous_98)
FN:479,(anonymous_99)
FN:480,(anonymous_100)
FN:481,(anonymous_101)
FN:501,(anonymous_102)
FN:503,(anonymous_103)
FNF:94
FNH:0
FNDA:0,mulberry32
FNDA:0,(anonymous_11)
FNDA:0,rngWithSeed
FNDA:0,(anonymous_13)
FNDA:0,(anonymous_14)
FNDA:0,(anonymous_15)
FNDA:0,(anonymous_16)
FNDA:0,(anonymous_17)
FNDA:0,generateCustomers
FNDA:0,(anonymous_19)
FNDA:0,App
FNDA:0,(anonymous_21)
FNDA:0,(anonymous_22)
FNDA:0,(anonymous_23)
FNDA:0,(anonymous_24)
FNDA:0,(anonymous_25)
FNDA:0,(anonymous_26)
FNDA:0,(anonymous_27)
FNDA:0,(anonymous_28)
FNDA:0,(anonymous_29)
FNDA:0,(anonymous_30)
FNDA:0,(anonymous_31)
FNDA:0,(anonymous_32)
FNDA:0,(anonymous_33)
FNDA:0,(anonymous_34)
FNDA:0,(anonymous_35)
FNDA:0,handleDecisionChange
FNDA:0,(anonymous_37)
FNDA:0,(anonymous_38)
FNDA:0,handleBuyChange
FNDA:0,(anonymous_40)
FNDA:0,(anonymous_41)
FNDA:0,runSimulationOneRound
FNDA:0,(anonymous_43)
FNDA:0,(anonymous_44)
FNDA:0,(anonymous_45)
FNDA:0,(anonymous_46)
FNDA:0,(anonymous_47)
FNDA:0,(anonymous_48)
FNDA:0,(anonymous_49)
FNDA:0,(anonymous_50)
FNDA:0,(anonymous_51)
FNDA:0,(anonymous_52)
FNDA:0,handleRunRound
FNDA:0,(anonymous_54)
FNDA:0,(anonymous_55)
FNDA:0,handleReset
FNDA:0,handleTeamsRegistered
FNDA:0,handleStartRound
FNDA:0,handleEndRound
FNDA:0,handleTimeUp
FNDA:0,addFareClass
FNDA:0,(anonymous_62)
FNDA:0,(anonymous_63)
FNDA:0,(anonymous_64)
FNDA:0,(anonymous_65)
FNDA:0,(anonymous_66)
FNDA:0,(anonymous_67)
FNDA:0,(anonymous_68)
FNDA:0,(anonymous_69)
FNDA:0,(anonymous_70)
FNDA:0,(anonymous_71)
FNDA:0,(anonymous_72)
FNDA:0,(anonymous_73)
FNDA:0,(anonymous_74)
FNDA:0,(anonymous_75)
FNDA:0,(anonymous_76)
FNDA:0,(anonymous_77)
FNDA:0,(anonymous_78)
FNDA:0,(anonymous_79)
FNDA:0,(anonymous_80)
FNDA:0,(anonymous_81)
FNDA:0,(anonymous_82)
FNDA:0,(anonymous_83)
FNDA:0,(anonymous_84)
FNDA:0,(anonymous_85)
FNDA:0,(anonymous_86)
FNDA:0,(anonymous_87)
FNDA:0,(anonymous_88)
FNDA:0,(anonymous_89)
FNDA:0,(anonymous_90)
FNDA:0,(anonymous_91)
FNDA:0,(anonymous_92)
FNDA:0,(anonymous_93)
FNDA:0,(anonymous_94)
FNDA:0,(anonymous_95)
FNDA:0,(anonymous_96)
FNDA:0,(anonymous_97)
FNDA:0,(anonymous_98)
FNDA:0,(anonymous_99)
FNDA:0,(anonymous_100)
FNDA:0,(anonymous_101)
FNDA:0,(anonymous_102)
FNDA:0,(anonymous_103)
DA:1,0
DA:2,0
DA:3,0
DA:4,0
DA:5,0
DA:6,0
DA:7,0
DA:8,0
DA:9,0
DA:10,0
DA:11,0
DA:12,0
DA:13,0
DA:14,0
DA:15,0
DA:21,0
DA:22,0
DA:23,0
DA:24,0
DA:25,0
DA:30,0
DA:31,0
DA:32,0
DA:33,0
DA:36,0
DA:37,0
DA:38,0
DA:39,0
DA:40,0
DA:42,0
DA:43,0
DA:44,0
DA:45,0
DA:46,0
DA:47,0
DA:79,0
DA:85,0
DA:98,0
DA:99,0
DA:100,0
DA:101,0
DA:102,0
DA:104,0
DA:105,0
DA:106,0
DA:109,0
DA:112,0
DA:113,0
DA:115,0
DA:121,0
DA:122,0
DA:124,0
DA:125,0
DA:126,0
DA:127,0
DA:128,0
DA:129,0
DA:130,0
DA:131,0
DA:132,0
DA:133,0
DA:134,0
DA:137,0
DA:138,0
DA:139,0
DA:140,0
DA:141,0
DA:144,0
DA:145,0
DA:148,0
DA:151,0
DA:152,0
DA:154,0
DA:159,0
DA:160,0
DA:161,0
DA:162,0
DA:163,0
DA:166,0
DA:167,0
DA:168,0
DA:169,0
DA:172,0
DA:175,0
DA:179,0
DA:183,0
DA:186,0
DA:187,0
DA:188,0
DA:189,0
DA:192,0
DA:194,0
DA:195,0
DA:197,0
DA:198,0
DA:200,0
DA:203,0
DA:204,0
DA:205,0
DA:206,0
DA:207,0
DA:208,0
DA:209,0
DA:210,0
DA:216,0
DA:217,0
DA:218,0
DA:219,0
DA:220,0
DA:221,0
DA:222,0
DA:228,0
DA:237,0
DA:241,0
DA:242,0
DA:243,0
DA:244,0
DA:248,0
DA:249,0
DA:250,0
DA:254,0
DA:255,0
DA:256,0
DA:260,0
DA:261,0
DA:262,0
DA:266,0
DA:270,0
DA:272,0
DA:273,0
DA:278,0
DA:279,0
DA:280,0
DA:283,0
DA:284,0
DA:285,0
DA:286,0
DA:287,0
DA:289,0
DA:293,0
DA:294,0
DA:298,0
DA:301,0
DA:302,0
DA:305,0
DA:306,0
DA:309,0
DA:336,0
DA:340,0
DA:354,0
DA:359,0
DA:365,0
DA:370,0
DA:376,0
DA:381,0
DA:401,0
DA:402,0
DA:403,0
DA:404,0
DA:406,0
DA:418,0
DA:439,0
DA:445,0
DA:450,0
DA:463,0
DA:467,0
DA:478,0
DA:479,0
DA:480,0
DA:481,0
DA:501,0
DA:504,0
LF:172
LH:0
BRDA:34,0,0,0
BRDA:34,1,0,0
BRDA:42,2,0,0
BRDA:42,3,0,0
BRDA:101,4,0,0
BRDA:101,4,1,0
BRDA:102,5,0,0
BRDA:102,5,1,0
BRDA:153,6,0,0
BRDA:153,6,1,0
BRDA:154,7,0,0
BRDA:154,7,1,0
BRDA:160,8,0,0
BRDA:161,9,0,0
BRDA:175,10,0,0
BRDA:175,10,1,0
BRDA:179,11,0,0
BRDA:179,11,1,0
BRDA:186,12,0,0
BRDA:186,12,1,0
BRDA:186,13,0,0
BRDA:186,13,1,0
BRDA:187,14,0,0
BRDA:187,14,1,0
BRDA:189,15,0,0
BRDA:189,15,1,0
BRDA:189,16,0,0
BRDA:189,16,1,0
BRDA:192,17,0,0
BRDA:192,17,1,0
BRDA:195,18,0,0
BRDA:195,18,1,0
BRDA:200,19,0,0
BRDA:200,19,1,0
BRDA:206,20,0,0
BRDA:207,21,0,0
BRDA:219,22,0,0
BRDA:220,23,0,0
BRDA:241,24,0,0
BRDA:272,25,0,0
BRDA:279,26,0,0
BRDA:279,26,1,0
BRDA:287,27,0,0
BRDA:287,27,1,0
BRDA:296,28,0,0
BRDA:296,28,1,0
BRDA:297,29,0,0
BRDA:297,29,1,0
BRDA:301,30,0,0
BRDA:305,31,0,0
BRDA:305,32,0,0
BRDA:305,32,1,0
BRDA:340,33,0,0
BRDA:340,33,1,0
BRDA:341,34,0,0
BRDA:341,34,1,0
BRDA:381,35,0,0
BRDA:381,35,1,0
BRDA:402,36,0,0
BRDA:402,36,1,0
BRDA:403,37,0,0
BRDA:403,37,1,0
BRDA:404,38,0,0
BRDA:404,38,1,0
BRDA:440,39,0,0
BRDA:440,39,1,0
BRDA:445,40,0,0
BRDA:445,40,1,0
BRDA:450,41,0,0
BRDA:450,41,1,0
BRDA:467,42,0,0
BRDA:467,42,1,0
BRDA:476,43,0,0
BRDA:476,43,1,0
BRDA:478,44,0,0
BRDA:478,44,1,0
BRDA:479,45,0,0
BRDA:479,45,1,0
BRDA:480,46,0,0
BRDA:480,46,1,0
BRDA:481,47,0,0
BRDA:481,47,1,0
BRDA:493,48,0,0
BRDA:493,48,1,0
BRDA:501,49,0,0
BRDA:501,49,1,0
BRDA:504,50,0,0
BRDA:504,50,1,0
BRF:88
BRH:0
end_of_record
TN:
SF:src/components/AchievementSystem.tsx
FN:35,AchievementSystem
FN:40,(anonymous_10)
FN:115,(anonymous_11)
FN:118,(anonymous_12)
FN:123,(anonymous_13)
FN:128,(anonymous_14)
FN:129,(anonymous_15)
FN:135,(anonymous_16)
FN:136,(anonymous_17)
FN:142,(anonymous_18)
FN:143,(anonymous_19)
FN:145,(anonymous_20)
FN:151,(anonymous_21)
FN:153,(anonymous_22)
FN:159,(anonymous_23)
FN:161,(anonymous_24)
FN:170,(anonymous_25)
FN:172,(anonymous_26)
FN:183,(anonymous_27)
FN:189,(anonymous_28)
FN:194,(anonymous_29)
FN:196,(anonymous_30)
FN:201,(anonymous_31)
FN:208,(anonymous_32)
FN:218,(anonymous_33)
FN:233,(anonymous_34)
FN:254,(anonymous_35)
FNF:27
FNH:0
FNDA:0,AchievementSystem
FNDA:0,(anonymous_10)
FNDA:0,(anonymous_11)
FNDA:0,(anonymous_12)
FNDA:0,(anonymous_13)
FNDA:0,(anonymous_14)
FNDA:0,(anonymous_15)
FNDA:0,(anonymous_16)
FNDA:0,(anonymous_17)
FNDA:0,(anonymous_18)
FNDA:0,(anonymous_19)
FNDA:0,(anonymous_20)
FNDA:0,(anonymous_21)
FNDA:0,(anonymous_22)
FNDA:0,(anonymous_23)
FNDA:0,(anonymous_24)
FNDA:0,(anonymous_25)
FNDA:0,(anonymous_26)
FNDA:0,(anonymous_27)
FNDA:0,(anonymous_28)
FNDA:0,(anonymous_29)
FNDA:0,(anonymous_30)
FNDA:0,(anonymous_31)
FNDA:0,(anonymous_32)
FNDA:0,(anonymous_33)
FNDA:0,(anonymous_34)
FNDA:0,(anonymous_35)
DA:1,0
DA:2,0
DA:3,0
DA:4,0
DA:24,0
DA:35,0
DA:36,0
DA:37,0
DA:40,0
DA:41,0
DA:111,0
DA:115,0
DA:116,0
DA:118,0
DA:119,0
DA:121,0
DA:123,0
DA:124,0
DA:125,0
DA:128,0
DA:129,0
DA:130,0
DA:131,0
DA:135,0
DA:136,0
DA:137,0
DA:138,0
DA:142,0
DA:143,0
DA:145,0
DA:146,0
DA:147,0
DA:151,0
DA:153,0
DA:154,0
DA:155,0
DA:159,0
DA:160,0
DA:161,0
DA:162,0
DA:163,0
DA:164,0
DA:165,0
DA:170,0
DA:171,0
DA:172,0
DA:173,0
DA:174,0
DA:175,0
DA:176,0
DA:180,0
DA:181,0
DA:182,0
DA:183,0
DA:184,0
DA:189,0
DA:190,0
DA:192,0
DA:193,0
DA:194,0
DA:195,0
DA:196,0
DA:197,0
DA:198,0
DA:199,0
DA:200,0
DA:201,0
DA:203,0
DA:208,0
DA:209,0
DA:210,0
DA:211,0
DA:212,0
DA:213,0
DA:214,0
DA:218,0
DA:219,0
DA:221,0
DA:233,0
DA:255,0
LF:80
LH:0
BRDA:116,0,0,0
BRDA:116,1,0,0
BRDA:116,1,1,0
BRDA:121,2,0,0
BRDA:128,3,0,0
BRDA:128,4,0,0
BRDA:128,4,1,0
BRDA:135,5,0,0
BRDA:135,6,0,0
BRDA:135,6,1,0
BRDA:143,7,0,0
BRDA:143,8,0,0
BRDA:143,8,1,0
BRDA:143,8,2,0
BRDA:151,9,0,0
BRDA:151,10,0,0
BRDA:151,10,1,0
BRDA:151,10,2,0
BRDA:160,11,0,0
BRDA:160,12,0,0
BRDA:160,12,1,0
BRDA:163,13,0,0
BRDA:171,14,0,0
BRDA:171,15,0,0
BRDA:171,15,1,0
BRDA:174,16,0,0
BRDA:180,17,0,0
BRDA:190,18,0,0
BRDA:190,19,0,0
BRDA:190,19,1,0
BRDA:193,20,0,0
BRDA:197,21,0,0
BRDA:209,22,0,0
BRDA:209,22,1,0
BRDA:209,22,2,0
BRDA:209,22,3,0
BRDA:209,22,4,0
BRDA:224,23,0,0
BRDA:224,23,1,0
BRDA:258,24,0,0
BRDA:258,24,1,0
BRDA:265,25,0,0
BRDA:265,25,1,0
BRDA:272,26,0,0
BRDA:272,26,1,0
BRDA:281,27,0,0
BRDA:281,27,1,0
BRDA:281,27,2,0
BRF:48
BRH:0
end_of_record
TN:
SF:src/components/AdminLogin.tsx
FN:9,(anonymous_9)
FN:15,(anonymous_10)
FN:23,(anonymous_11)
FN:55,(anonymous_12)
FN:82,(anonymous_13)
FNF:5
FNH:0
FNDA:0,(anonymous_9)
FNDA:0,(anonymous_10)
FNDA:0,(anonymous_11)
FNDA:0,(anonymous_12)
FNDA:0,(anonymous_13)
DA:1,0
DA:2,0
DA:3,0
DA:4,0
DA:5,0
DA:6,0
DA:7,0
DA:9,0
DA:10,0
DA:11,0
DA:12,0
DA:13,0
DA:15,0
DA:16,0
DA:17,0
DA:18,0
DA:19,0
DA:20,0
DA:21,0
DA:23,0
DA:30,0
DA:55,0
DA:82,0
LF:23
LH:0
BRDA:17,0,0,0
BRDA:60,1,0,0
BRDA:60,1,1,0
BRDA:68,2,0,0
BRDA:68,2,1,0
BRF:5
BRH:0
end_of_record
TN:
SF:src/components/AdminPanel.tsx
FN:57,AdminPanel
FN:69,(anonymous_1)
FN:80,(anonymous_2)
FN:88,(anonymous_3)
FN:98,(anonymous_4)
FN:107,(anonymous_5)
FN:141,(anonymous_6)
FN:152,(anonymous_7)
FN:163,(anonymous_8)
FN:174,(anonymous_9)
FN:185,(anonymous_10)
FN:196,(anonymous_11)
FN:207,(anonymous_12)
FN:218,(anonymous_13)
FN:232,(anonymous_14)
FN:267,(anonymous_15)
FN:288,(anonymous_16)
FN:390,(anonymous_17)
FNF:18
FNH:0
FNDA:0,AdminPanel
FNDA:0,(anonymous_1)
FNDA:0,(anonymous_2)
FNDA:0,(anonymous_3)
FNDA:0,(anonymous_4)
FNDA:0,(anonymous_5)
FNDA:0,(anonymous_6)
FNDA:0,(anonymous_7)
FNDA:0,(anonymous_8)
FNDA:0,(anonymous_9)
FNDA:0,(anonymous_10)
FNDA:0,(anonymous_11)
FNDA:0,(anonymous_12)
FNDA:0,(anonymous_13)
FNDA:0,(anonymous_14)
FNDA:0,(anonymous_15)
FNDA:0,(anonymous_16)
FNDA:0,(anonymous_17)
DA:1,0
DA:2,0
DA:3,0
DA:4,0
DA:5,0
DA:6,0
DA:7,0
DA:8,0
DA:9,0
DA:10,0
DA:57,0
DA:66,0
DA:69,0
DA:70,0
DA:71,0
DA:75,0
DA:76,0
DA:80,0
DA:88,0
DA:95,0
DA:98,0
DA:107,0
DA:141,0
DA:152,0
DA:163,0
DA:174,0
DA:185,0
DA:196,0
DA:207,0
DA:218,0
DA:233,0
DA:234,0
DA:235,0
DA:268,0
DA:269,0
DA:289,0
DA:290,0
DA:391,0
LF:38
LH:0
BRDA:70,0,0,0
BRDA:70,1,0,0
BRDA:70,1,1,0
BRDA:75,2,0,0
BRDA:75,3,0,0
BRDA:75,3,1,0
BRDA:82,4,0,0
BRDA:82,4,1,0
BRDA:83,5,0,0
BRDA:83,5,1,0
BRDA:84,6,0,0
BRDA:84,6,1,0
BRDA:85,7,0,0
BRDA:85,7,1,0
BRDA:91,8,0,0
BRDA:91,8,1,0
BRDA:92,9,0,0
BRDA:92,9,1,0
BRDA:209,10,0,0
BRDA:209,10,1,0
BRDA:209,11,0,0
BRDA:209,11,1,0
BRDA:220,12,0,0
BRDA:220,12,1,0
BRDA:230,13,0,0
BRDA:230,13,1,0
BRDA:230,14,0,0
BRDA:230,14,1,0
BRDA:234,15,0,0
BRDA:234,15,1,0
BRDA:234,16,0,0
BRDA:234,16,1,0
BRDA:268,17,0,0
BRDA:289,18,0,0
BRDA:324,19,0,0
BRDA:324,19,1,0
BRDA:354,20,0,0
BRDA:354,20,1,0
BRDA:383,21,0,0
BRDA:383,21,1,0
BRDA:394,22,0,0
BRDA:394,22,1,0
BRDA:395,23,0,0
BRDA:395,23,1,0
BRDA:396,24,0,0
BRDA:396,24,1,0
BRDA:404,25,0,0
BRDA:404,25,1,0
BRDA:405,26,0,0
BRDA:405,26,1,0
BRF:50
BRH:0
end_of_record
TN:
SF:src/components/AnalyticsPanel.tsx
FN:33,AnalyticsPanel
FN:42,(anonymous_1)
FN:50,(anonymous_2)
FN:52,(anonymous_3)
FN:53,(anonymous_4)
FN:59,(anonymous_5)
FN:66,(anonymous_6)
FN:68,(anonymous_7)
FN:69,(anonymous_8)
FN:73,(anonymous_9)
FN:92,(anonymous_10)
FN:229,(anonymous_11)
FN:287,(anonymous_12)
FN:294,(anonymous_13)
FN:327,(anonymous_14)
FN:380,(anonymous_15)
FNF:16
FNH:0
FNDA:0,AnalyticsPanel
FNDA:0,(anonymous_1)
FNDA:0,(anonymous_2)
FNDA:0,(anonymous_3)
FNDA:0,(anonymous_4)
FNDA:0,(anonymous_5)
FNDA:0,(anonymous_6)
FNDA:0,(anonymous_7)
FNDA:0,(anonymous_8)
FNDA:0,(anonymous_9)
FNDA:0,(anonymous_10)
FNDA:0,(anonymous_11)
FNDA:0,(anonymous_12)
FNDA:0,(anonymous_13)
FNDA:0,(anonymous_14)
FNDA:0,(anonymous_15)
DA:1,0
DA:2,0
DA:3,0
DA:4,0
DA:5,0
DA:20,0
DA:31,0
DA:33,0
DA:42,0
DA:43,0
DA:44,0
DA:47,0
DA:50,0
DA:53,0
DA:54,0
DA:55,0
DA:59,0
DA:66,0
DA:68,0
DA:69,0
DA:73,0
DA:81,0
DA:92,0
DA:230,0
DA:288,0
DA:295,0
DA:328,0
DA:381,0
LF:28
LH:0
BRDA:43,0,0,0
BRDA:43,1,0,0
BRDA:43,1,1,0
BRDA:47,2,0,0
BRDA:53,3,0,0
BRDA:53,3,1,0
BRDA:75,4,0,0
BRDA:75,4,1,0
BRDA:76,5,0,0
BRDA:76,5,1,0
BRDA:77,6,0,0
BRDA:77,6,1,0
BRDA:288,7,0,0
BRDA:288,7,1,0
BRF:14
BRH:0
end_of_record
TN:
SF:src/components/LiveCompetition.tsx
FN:11,LiveCompetition
FN:15,(anonymous_1)
FN:18,(anonymous_2)
FN:22,(anonymous_3)
FN:27,(anonymous_4)
FN:29,(anonymous_5)
FN:31,(anonymous_6)
FN:37,(anonymous_7)
FN:43,(anonymous_8)
FN:51,(anonymous_9)
FN:55,(anonymous_10)
FN:58,(anonymous_11)
FN:71,(anonymous_12)
FN:77,(anonymous_13)
FN:78,(anonymous_14)
FN:120,(anonymous_15)
FNF:16
FNH:0
FNDA:0,LiveCompetition
FNDA:0,(anonymous_1)
FNDA:0,(anonymous_2)
FNDA:0,(anonymous_3)
FNDA:0,(anonymous_4)
FNDA:0,(anonymous_5)
FNDA:0,(anonymous_6)
FNDA:0,(anonymous_7)
FNDA:0,(anonymous_8)
FNDA:0,(anonymous_9)
FNDA:0,(anonymous_10)
FNDA:0,(anonymous_11)
FNDA:0,(anonymous_12)
FNDA:0,(anonymous_13)
FNDA:0,(anonymous_14)
FNDA:0,(anonymous_15)
DA:1,0
DA:2,0
DA:3,0
DA:11,0
DA:12,0
DA:13,0
DA:15,0
DA:16,0
DA:18,0
DA:19,0
DA:20,0
DA:22,0
DA:23,0
DA:26,0
DA:27,0
DA:29,0
DA:31,0
DA:34,0
DA:37,0
DA:38,0
DA:41,0
DA:43,0
DA:44,0
DA:45,0
DA:47,0
DA:50,0
DA:51,0
DA:55,0
DA:58,0
DA:59,0
DA:61,0
DA:63,0
DA:65,0
DA:67,0
DA:71,0
DA:72,0
DA:73,0
DA:74,0
DA:77,0
DA:78,0
DA:80,0
DA:82,0
DA:121,0
LF:43
LH:0
BRDA:16,0,0,0
BRDA:16,1,0,0
BRDA:16,1,1,0
BRDA:38,2,0,0
BRDA:44,3,0,0
BRDA:59,4,0,0
BRDA:59,4,1,0
BRDA:59,4,2,0
BRDA:59,4,3,0
BRDA:72,5,0,0
BRDA:73,6,0,0
BRDA:78,7,0,0
BRDA:78,7,1,0
BRDA:80,8,0,0
BRDA:80,9,0,0
BRDA:80,9,1,0
BRDA:104,10,0,0
BRDA:104,10,1,0
BRDA:105,11,0,0
BRDA:105,11,1,0
BRDA:107,12,0,0
BRDA:107,12,1,0
BRDA:108,13,0,0
BRDA:108,13,1,0
BRDA:134,14,0,0
BRDA:134,14,1,0
BRDA:135,15,0,0
BRDA:135,15,1,0
BRDA:146,16,0,0
BRDA:146,16,1,0
BRDA:151,17,0,0
BRDA:151,17,1,0
BRDA:156,18,0,0
BRDA:156,18,1,0
BRDA:161,19,0,0
BRDA:161,19,1,0
BRDA:161,19,2,0
BRDA:166,20,0,0
BRDA:166,20,1,0
BRF:39
BRH:0
end_of_record
TN:
SF:src/components/MotivationalMessages.tsx
FN:11,MotivationalMessages
FN:15,(anonymous_1)
FN:18,(anonymous_2)
FN:29,(anonymous_3)
FN:99,(anonymous_4)
FN:113,(anonymous_5)
FN:117,(anonymous_6)
FN:130,(anonymous_7)
FNF:8
FNH:0
FNDA:0,MotivationalMessages
FNDA:0,(anonymous_1)
FNDA:0,(anonymous_2)
FNDA:0,(anonymous_3)
FNDA:0,(anonymous_4)
FNDA:0,(anonymous_5)
FNDA:0,(anonymous_6)
FNDA:0,(anonymous_7)
DA:1,0
DA:2,0
DA:3,0
DA:11,0
DA:12,0
DA:13,0
DA:15,0
DA:16,0
DA:18,0
DA:19,0
DA:20,0
DA:22,0
DA:25,0
DA:26,0
DA:27,0
DA:29,0
DA:30,0
DA:33,0
DA:34,0
DA:36,0
DA:38,0
DA:39,0
DA:46,0
DA:47,0
DA:48,0
DA:55,0
DA:57,0
DA:63,0
DA:67,0
DA:68,0
DA:69,0
DA:70,0
DA:71,0
DA:72,0
DA:77,0
DA:78,0
DA:85,0
DA:87,0
DA:94,0
DA:99,0
DA:100,0
DA:101,0
DA:104,0
DA:105,0
DA:106,0
DA:109,0
DA:110,0
DA:113,0
DA:114,0
DA:117,0
DA:118,0
DA:120,0
DA:122,0
DA:124,0
DA:126,0
DA:130,0
DA:131,0
DA:133,0
DA:135,0
DA:137,0
DA:139,0
DA:143,0
DA:145,0
LF:63
LH:0
BRDA:16,0,0,0
BRDA:16,1,0,0
BRDA:16,1,1,0
BRDA:22,2,0,0
BRDA:26,3,0,0
BRDA:26,3,1,0
BRDA:36,4,0,0
BRDA:36,4,1,0
BRDA:38,5,0,0
BRDA:38,5,1,0
BRDA:47,6,0,0
BRDA:47,6,1,0
BRDA:67,7,0,0
BRDA:67,7,1,0
BRDA:69,8,0,0
BRDA:69,8,1,0
BRDA:71,9,0,0
BRDA:77,10,0,0
BRDA:77,10,1,0
BRDA:99,11,0,0
BRDA:104,12,0,0
BRDA:118,13,0,0
BRDA:118,13,1,0
BRDA:118,13,2,0
BRDA:118,13,3,0
BRDA:131,14,0,0
BRDA:131,14,1,0
BRDA:131,14,2,0
BRDA:131,14,3,0
BRDA:143,15,0,0
BRF:30
BRH:0
end_of_record
TN:
SF:src/components/MultiUserApp.tsx
FN:25,(anonymous_10)
FN:26,(anonymous_11)
FN:30,(anonymous_12)
FN:66,(anonymous_13)
FN:75,(anonymous_14)
FN:80,(anonymous_15)
FN:85,(anonymous_16)
FN:90,(anonymous_17)
FN:94,(anonymous_18)
FN:97,(anonymous_19)
FN:102,(anonymous_20)
FN:109,(anonymous_21)
FN:117,(anonymous_22)
FN:130,(anonymous_23)
FN:156,(anonymous_24)
FN:174,(anonymous_25)
FN:193,(anonymous_26)
FN:195,(anonymous_27)
FN:197,(anonymous_28)
FN:199,(anonymous_29)
FN:201,(anonymous_30)
FN:203,(anonymous_31)
FN:205,(anonymous_32)
FN:207,(anonymous_33)
FN:209,(anonymous_34)
FN:211,(anonymous_35)
FN:213,(anonymous_36)
FN:244,(anonymous_37)
FN:324,(anonymous_38)
FN:342,(anonymous_39)
FN:364,(anonymous_40)
FN:393,(anonymous_41)
FN:404,(anonymous_42)
FN:415,(anonymous_43)
FN:421,(anonymous_44)
FN:423,(anonymous_45)
FN:425,(anonymous_46)
FN:427,(anonymous_47)
FN:429,(anonymous_48)
FN:431,(anonymous_49)
FN:433,(anonymous_50)
FN:435,(anonymous_51)
FN:437,(anonymous_52)
FN:439,(anonymous_53)
FN:441,(anonymous_54)
FN:467,(anonymous_55)
FN:493,(anonymous_56)
FN:505,(anonymous_57)
FN:559,(anonymous_58)
FN:582,(anonymous_59)
FN:599,(anonymous_60)
FN:611,(anonymous_61)
FN:666,(anonymous_62)
FN:696,(anonymous_63)
FN:702,(anonymous_64)
FN:753,(anonymous_65)
FNF:56
FNH:0
FNDA:0,(anonymous_10)
FNDA:0,(anonymous_11)
FNDA:0,(anonymous_12)
FNDA:0,(anonymous_13)
FNDA:0,(anonymous_14)
FNDA:0,(anonymous_15)
FNDA:0,(anonymous_16)
FNDA:0,(anonymous_17)
FNDA:0,(anonymous_18)
FNDA:0,(anonymous_19)
FNDA:0,(anonymous_20)
FNDA:0,(anonymous_21)
FNDA:0,(anonymous_22)
FNDA:0,(anonymous_23)
FNDA:0,(anonymous_24)
FNDA:0,(anonymous_25)
FNDA:0,(anonymous_26)
FNDA:0,(anonymous_27)
FNDA:0,(anonymous_28)
FNDA:0,(anonymous_29)
FNDA:0,(anonymous_30)
FNDA:0,(anonymous_31)
FNDA:0,(anonymous_32)
FNDA:0,(anonymous_33)
FNDA:0,(anonymous_34)
FNDA:0,(anonymous_35)
FNDA:0,(anonymous_36)
FNDA:0,(anonymous_37)
FNDA:0,(anonymous_38)
FNDA:0,(anonymous_39)
FNDA:0,(anonymous_40)
FNDA:0,(anonymous_41)
FNDA:0,(anonymous_42)
FNDA:0,(anonymous_43)
FNDA:0,(anonymous_44)
FNDA:0,(anonymous_45)
FNDA:0,(anonymous_46)
FNDA:0,(anonymous_47)
FNDA:0,(anonymous_48)
FNDA:0,(anonymous_49)
FNDA:0,(anonymous_50)
FNDA:0,(anonymous_51)
FNDA:0,(anonymous_52)
FNDA:0,(anonymous_53)
FNDA:0,(anonymous_54)
FNDA:0,(anonymous_55)
FNDA:0,(anonymous_56)
FNDA:0,(anonymous_57)
FNDA:0,(anonymous_58)
FNDA:0,(anonymous_59)
FNDA:0,(anonymous_60)
FNDA:0,(anonymous_61)
FNDA:0,(anonymous_62)
FNDA:0,(anonymous_63)
FNDA:0,(anonymous_64)
FNDA:0,(anonymous_65)
DA:1,0
DA:2,0
DA:3,0
DA:4,0
DA:5,0
DA:6,0
DA:7,0
DA:8,0
DA:9,0
DA:10,0
DA:11,0
DA:12,0
DA:13,0
DA:14,0
DA:15,0
DA:16,0
DA:17,0
DA:18,0
DA:20,0
DA:22,0
DA:25,0
DA:26,0
DA:27,0
DA:30,0
DA:56,0
DA:58,0
DA:59,0
DA:60,0
DA:61,0
DA:62,0
DA:63,0
DA:66,0
DA:67,0
DA:68,0
DA:69,0
DA:70,0
DA:74,0
DA:75,0
DA:76,0
DA:80,0
DA:81,0
DA:85,0
DA:86,0
DA:90,0
DA:91,0
DA:92,0
DA:94,0
DA:95,0
DA:97,0
DA:102,0
DA:103,0
DA:104,0
DA:109,0
DA:110,0
DA:111,0
DA:116,0
DA:117,0
DA:118,0
DA:124,0
DA:125,0
DA:130,0
DA:150,0
DA:151,0
DA:156,0
DA:168,0
DA:169,0
DA:174,0
DA:187,0
DA:188,0
DA:189,0
DA:195,0
DA:197,0
DA:199,0
DA:201,0
DA:203,0
DA:205,0
DA:207,0
DA:209,0
DA:211,0
DA:244,0
DA:325,0
DA:326,0
DA:342,0
DA:365,0
DA:385,0
DA:386,0
DA:387,0
DA:393,0
DA:404,0
DA:423,0
DA:425,0
DA:427,0
DA:429,0
DA:431,0
DA:433,0
DA:435,0
DA:437,0
DA:439,0
DA:468,0
DA:469,0
DA:494,0
DA:495,0
DA:496,0
DA:506,0
DA:507,0
DA:560,0
DA:561,0
DA:562,0
DA:583,0
DA:584,0
DA:585,0
DA:600,0
DA:601,0
DA:602,0
DA:611,0
DA:667,0
DA:696,0
DA:702,0
DA:754,0
DA:755,0
DA:790,0
DA:793,0
LF:122
LH:0
BRDA:67,0,0,0
BRDA:67,0,1,0
BRDA:67,1,0,0
BRDA:67,1,1,0
BRDA:69,2,0,0
BRDA:69,3,0,0
BRDA:69,3,1,0
BRDA:92,4,0,0
BRDA:92,5,0,0
BRDA:92,5,1,0
BRDA:92,5,2,0
BRDA:103,6,0,0
BRDA:110,7,0,0
BRDA:110,8,0,0
BRDA:110,8,1,0
BRDA:116,9,0,0
BRDA:124,10,0,0
BRDA:150,11,0,0
BRDA:150,12,0,0
BRDA:150,12,1,0
BRDA:168,13,0,0
BRDA:168,14,0,0
BRDA:168,14,1,0
BRDA:187,15,0,0
BRDA:208,16,0,0
BRDA:208,16,1,0
BRDA:210,17,0,0
BRDA:210,17,1,0
BRDA:218,18,0,0
BRDA:218,18,1,0
BRDA:258,19,0,0
BRDA:258,19,1,0
BRDA:258,20,0,0
BRDA:258,20,1,0
BRDA:261,21,0,0
BRDA:261,21,1,0
BRDA:261,22,0,0
BRDA:261,22,1,0
BRDA:266,23,0,0
BRDA:266,23,1,0
BRDA:266,24,0,0
BRDA:266,24,1,0
BRDA:278,25,0,0
BRDA:278,25,1,0
BRDA:288,26,0,0
BRDA:288,26,1,0
BRDA:352,27,0,0
BRDA:352,27,1,0
BRDA:385,28,0,0
BRDA:391,29,0,0
BRDA:391,29,1,0
BRDA:400,30,0,0
BRDA:400,30,1,0
BRDA:436,31,0,0
BRDA:436,31,1,0
BRDA:438,32,0,0
BRDA:438,32,1,0
BRDA:446,33,0,0
BRDA:446,33,1,0
BRDA:465,34,0,0
BRDA:465,34,1,0
BRDA:479,35,0,0
BRDA:479,35,1,0
BRDA:479,35,2,0
BRDA:479,35,3,0
BRDA:491,36,0,0
BRDA:491,36,1,0
BRDA:495,37,0,0
BRDA:495,37,1,0
BRDA:530,38,0,0
BRDA:530,38,1,0
BRDA:557,39,0,0
BRDA:557,39,1,0
BRDA:557,40,0,0
BRDA:557,40,1,0
BRDA:561,41,0,0
BRDA:561,41,1,0
BRDA:564,42,0,0
BRDA:564,42,1,0
BRDA:569,43,0,0
BRDA:569,43,1,0
BRDA:572,44,0,0
BRDA:572,44,1,0
BRDA:580,45,0,0
BRDA:580,45,1,0
BRDA:580,46,0,0
BRDA:580,46,1,0
BRDA:584,47,0,0
BRDA:584,47,1,0
BRDA:597,48,0,0
BRDA:597,48,1,0
BRDA:597,49,0,0
BRDA:597,49,1,0
BRDA:601,50,0,0
BRDA:601,50,1,0
BRDA:619,51,0,0
BRDA:619,51,1,0
BRDA:619,52,0,0
BRDA:619,52,1,0
BRDA:631,53,0,0
BRDA:631,53,1,0
BRDA:631,53,2,0
BRDA:662,54,0,0
BRDA:662,54,1,0
BRDA:662,54,2,0
BRDA:673,55,0,0
BRDA:673,55,1,0
BRDA:674,56,0,0
BRDA:674,56,1,0
BRDA:680,57,0,0
BRDA:680,57,1,0
BRDA:680,58,0,0
BRDA:680,58,1,0
BRDA:680,59,0,0
BRDA:680,59,1,0
BRDA:680,60,0,0
BRDA:680,60,1,0
BRDA:687,61,0,0
BRDA:687,61,1,0
BRDA:696,62,0,0
BRDA:696,62,1,0
BRDA:702,63,0,0
BRDA:702,63,1,0
BRDA:714,64,0,0
BRDA:714,64,1,0
BRDA:715,65,0,0
BRDA:715,65,1,0
BRDA:721,66,0,0
BRDA:721,66,1,0
BRDA:722,67,0,0
BRDA:722,67,1,0
BRDA:728,68,0,0
BRDA:728,68,1,0
BRDA:735,69,0,0
BRDA:735,69,1,0
BRDA:736,70,0,0
BRDA:736,70,1,0
BRDA:741,71,0,0
BRDA:741,71,1,0
BRDA:764,72,0,0
BRDA:764,72,1,0
BRF:141
BRH:0
end_of_record
TN:
SF:src/components/MultiUserTeamRegistration.tsx
FN:9,(anonymous_9)
FN:13,(anonymous_10)
FN:46,(anonymous_11)
FN:72,(anonymous_12)
FNF:4
FNH:0
FNDA:0,(anonymous_9)
FNDA:0,(anonymous_10)
FNDA:0,(anonymous_11)
FNDA:0,(anonymous_12)
DA:1,0
DA:2,0
DA:3,0
DA:4,0
DA:5,0
DA:6,0
DA:7,0
DA:9,0
DA:10,0
DA:11,0
DA:13,0
DA:14,0
DA:15,0
DA:16,0
DA:17,0
DA:21,0
DA:46,0
DA:73,0
LF:18
LH:0
BRDA:15,0,0,0
BRDA:50,1,0,0
BRDA:50,1,1,0
BRDA:68,2,0,0
BRDA:68,2,1,0
BRF:5
BRH:0
end_of_record
TN:
SF:src/components/RoundTimer.tsx
FN:12,RoundTimer
FN:16,(anonymous_10)
FN:21,(anonymous_11)
FN:24,(anonymous_12)
FN:25,(anonymous_13)
FN:36,(anonymous_14)
FN:46,(anonymous_15)
FN:53,(anonymous_16)
FN:60,(anonymous_17)
FN:67,(anonymous_18)
FNF:10
FNH:0
FNDA:0,RoundTimer
FNDA:0,(anonymous_10)
FNDA:0,(anonymous_11)
FNDA:0,(anonymous_12)
FNDA:0,(anonymous_13)
FNDA:0,(anonymous_14)
FNDA:0,(anonymous_15)
FNDA:0,(anonymous_16)
FNDA:0,(anonymous_17)
FNDA:0,(anonymous_18)
DA:1,0
DA:2,0
DA:3,0
DA:12,0
DA:13,0
DA:14,0
DA:16,0
DA:17,0
DA:18,0
DA:21,0
DA:22,0
DA:24,0
DA:25,0
DA:26,0
DA:27,0
DA:28,0
DA:30,0
DA:31,0
DA:32,0
DA:36,0
DA:39,0
DA:40,0
DA:42,0
DA:43,0
DA:44,0
DA:46,0
DA:47,0
DA:48,0
DA:49,0
DA:50,0
DA:53,0
DA:54,0
DA:55,0
DA:56,0
DA:57,0
DA:60,0
DA:61,0
DA:62,0
DA:63,0
DA:64,0
DA:67,0
DA:68,0
DA:69,0
DA:70,0
DA:73,0
DA:74,0
DA:76,0
DA:77,0
DA:80,0
DA:83,0
LF:50
LH:0
BRDA:22,0,0,0
BRDA:26,1,0,0
BRDA:47,2,0,0
BRDA:48,3,0,0
BRDA:49,4,0,0
BRDA:54,5,0,0
BRDA:55,6,0,0
BRDA:56,7,0,0
BRDA:61,8,0,0
BRDA:62,9,0,0
BRDA:63,10,0,0
BRDA:68,11,0,0
BRDA:69,12,0,0
BRDA:70,13,0,0
BRDA:73,14,0,0
BRDA:76,15,0,0
BRDA:109,16,0,0
BRDA:109,16,1,0
BRF:18
BRH:0
end_of_record
TN:
SF:src/components/SoundEffects.tsx
FN:8,SoundEffects
FN:11,(anonymous_1)
FN:13,(anonymous_2)
FN:23,(anonymous_3)
FN:29,(anonymous_4)
FN:108,(anonymous_5)
FN:109,(anonymous_6)
FNF:7
FNH:0
FNDA:0,SoundEffects
FNDA:0,(anonymous_1)
FNDA:0,(anonymous_2)
FNDA:0,(anonymous_3)
FNDA:0,(anonymous_4)
FNDA:0,(anonymous_5)
FNDA:0,(anonymous_6)
DA:1,0
DA:8,0
DA:9,0
DA:11,0
DA:13,0
DA:14,0
DA:15,0
DA:20,0
DA:21,0
DA:23,0
DA:24,0
DA:25,0
DA:29,0
DA:30,0
DA:32,0
DA:35,0
DA:36,0
DA:38,0
DA:39,0
DA:41,0
DA:44,0
DA:47,0
DA:48,0
DA:49,0
DA:50,0
DA:51,0
DA:52,0
DA:53,0
DA:54,0
DA:58,0
DA:59,0
DA:60,0
DA:61,0
DA:62,0
DA:63,0
DA:67,0
DA:68,0
DA:69,0
DA:70,0
DA:71,0
DA:72,0
DA:73,0
DA:77,0
DA:78,0
DA:79,0
DA:80,0
DA:81,0
DA:82,0
DA:86,0
DA:87,0
DA:88,0
DA:89,0
DA:90,0
DA:91,0
DA:95,0
DA:96,0
DA:97,0
DA:98,0
DA:99,0
DA:100,0
DA:104,0
DA:108,0
DA:109,0
DA:111,0
DA:113,0
DA:114,0
DA:116,0
DA:117,0
DA:119,0
DA:121,0
DA:123,0
DA:124,0
DA:125,0
DA:126,0
DA:127,0
DA:128,0
DA:129,0
DA:130,0
DA:133,0
DA:134,0
DA:135,0
DA:136,0
DA:137,0
DA:138,0
DA:141,0
DA:142,0
DA:143,0
DA:144,0
DA:145,0
DA:146,0
DA:147,0
DA:150,0
DA:151,0
DA:152,0
DA:153,0
DA:154,0
DA:157,0
DA:158,0
DA:159,0
DA:160,0
DA:161,0
DA:162,0
DA:165,0
DA:166,0
DA:167,0
DA:168,0
DA:169,0
DA:173,0
LF:108
LH:0
BRDA:8,0,0,0
BRDA:14,1,0,0
BRDA:15,2,0,0
BRDA:15,2,1,0
BRDA:30,3,0,0
BRDA:30,4,0,0
BRDA:30,4,1,0
BRDA:44,5,0,0
BRDA:44,5,1,0
BRDA:44,5,2,0
BRDA:44,5,3,0
BRDA:44,5,4,0
BRDA:44,5,5,0
BRDA:109,6,0,0
BRDA:111,7,0,0
BRDA:111,7,1,0
BRDA:121,8,0,0
BRDA:121,8,1,0
BRDA:121,8,2,0
BRDA:121,8,3,0
BRDA:121,8,4,0
BRDA:121,8,5,0
BRF:22
BRH:0
end_of_record
TN:
SF:src/components/StreakCounter.tsx
FN:10,StreakCounter
FN:15,(anonymous_1)
FN:18,(anonymous_2)
FN:45,(anonymous_3)
FN:52,(anonymous_4)
FNF:5
FNH:0
FNDA:0,StreakCounter
FNDA:0,(anonymous_1)
FNDA:0,(anonymous_2)
FNDA:0,(anonymous_3)
FNDA:0,(anonymous_4)
DA:1,0
DA:2,0
DA:3,0
DA:10,0
DA:11,0
DA:12,0
DA:13,0
DA:15,0
DA:16,0
DA:18,0
DA:19,0
DA:20,0
DA:21,0
DA:24,0
DA:25,0
DA:26,0
DA:27,0
DA:28,0
DA:31,0
DA:32,0
DA:35,0
DA:37,0
DA:38,0
DA:41,0
DA:42,0
DA:45,0
DA:46,0
DA:47,0
DA:48,0
DA:49,0
DA:52,0
DA:53,0
DA:54,0
DA:55,0
DA:56,0
DA:59,0
DA:61,0
LF:37
LH:0
BRDA:16,0,0,0
BRDA:16,1,0,0
BRDA:16,1,1,0
BRDA:25,2,0,0
BRDA:25,2,1,0
BRDA:27,3,0,0
BRDA:46,4,0,0
BRDA:47,5,0,0
BRDA:48,6,0,0
BRDA:53,7,0,0
BRDA:54,8,0,0
BRDA:55,9,0,0
BRDA:59,10,0,0
BRDA:76,11,0,0
BRDA:76,11,1,0
BRDA:99,12,0,0
BRDA:99,12,1,0
BRDA:102,13,0,0
BRDA:102,13,1,0
BRDA:103,14,0,0
BRDA:103,14,1,0
BRF:21
BRH:0
end_of_record
TN:
SF:src/components/TeamRegistration.tsx
FN:11,TeamRegistration
FN:14,(anonymous_10)
FN:20,(anonymous_11)
FN:21,(anonymous_12)
FN:27,(anonymous_13)
FN:31,(anonymous_14)
FN:33,(anonymous_15)
FN:45,(anonymous_16)
FN:50,(anonymous_17)
FN:54,(anonymous_18)
FN:64,(anonymous_19)
FNF:11
FNH:11
FNDA:19,TeamRegistration
FNDA:7,(anonymous_10)
FNDA:2,(anonymous_11)
FNDA:8,(anonymous_12)
FNDA:2,(anonymous_13)
FNDA:2,(anonymous_14)
FNDA:9,(anonymous_15)
FNDA:77,(anonymous_16)
FNDA:7,(anonymous_17)
FNDA:2,(anonymous_18)
FNDA:77,(anonymous_19)
DA:1,1
DA:2,1
DA:3,1
DA:4,1
DA:5,1
DA:11,1
DA:12,19
DA:14,19
DA:15,7
DA:16,7
DA:17,7
DA:20,19
DA:21,8
DA:22,2
DA:23,2
DA:27,19
DA:28,2
DA:31,19
DA:32,2
DA:33,9
DA:37,19
DA:46,77
DA:50,7
DA:54,2
DA:64,77
LF:25
LH:25
BRDA:22,0,0,2
BRDA:32,1,0,2
BRDA:53,2,0,77
BRDA:53,2,1,77
BRF:4
BRH:4
end_of_record
TN:
SF:src/components/Tutorial.tsx
FN:10,Tutorial
FNF:1
FNH:0
FNDA:0,Tutorial
DA:1,0
DA:2,0
DA:3,0
DA:4,0
DA:10,0
DA:11,0
LF:6
LH:0
BRF:0
BRH:0
end_of_record
TN:
SF:src/components/TutorialTour.tsx
FN:98,TutorialTour
FN:107,(anonymous_10)
FN:121,(anonymous_11)
FN:129,(anonymous_12)
FN:135,(anonymous_13)
FN:238,getTargetPosition
FN:257,getCardPosition
FNF:7
FNH:0
FNDA:0,TutorialTour
FNDA:0,(anonymous_10)
FNDA:0,(anonymous_11)
FNDA:0,(anonymous_12)
FNDA:0,(anonymous_13)
FNDA:0,getTargetPosition
FNDA:0,getCardPosition
DA:1,0
DA:2,0
DA:3,0
DA:4,0
DA:23,0
DA:98,0
DA:105,0
DA:107,0
DA:108,0
DA:109,0
DA:111,0
DA:115,0
DA:117,0
DA:118,0
DA:119,0
DA:121,0
DA:122,0
DA:123,0
DA:125,0
DA:129,0
DA:130,0
DA:131,0
DA:135,0
DA:136,0
DA:139,0
DA:239,0
DA:240,0
DA:241,0
DA:242,0
DA:243,0
DA:251,0
DA:253,0
DA:258,0
DA:260,0
DA:261,0
DA:264,0
DA:265,0
DA:266,0
DA:267,0
DA:268,0
DA:269,0
DA:270,0
DA:272,0
DA:274,0
DA:280,0
DA:286,0
DA:292,0
DA:298,0
DA:302,0
DA:306,0
LF:50
LH:0
BRDA:108,0,0,0
BRDA:108,0,1,0
BRDA:115,1,0,0
BRDA:115,2,0,0
BRDA:115,2,1,0
BRDA:122,3,0,0
BRDA:122,3,1,0
BRDA:130,4,0,0
BRDA:145,5,0,0
BRDA:145,5,1,0
BRDA:190,6,0,0
BRDA:190,6,1,0
BRDA:217,7,0,0
BRDA:217,7,1,0
BRDA:218,8,0,0
BRDA:218,8,1,0
BRDA:241,9,0,0
BRDA:260,10,0,0
BRDA:264,11,0,0
BRDA:267,12,0,0
BRDA:272,13,0,0
BRDA:272,13,1,0
BRDA:272,13,2,0
BRDA:272,13,3,0
BRDA:272,13,4,0
BRF:25
BRH:0
end_of_record
TN:
SF:src/components/ui/badge.tsx
FN:30,Badge
FNF:1
FNH:0
FNDA:0,Badge
DA:1,0
DA:2,0
DA:4,0
DA:6,0
DA:31,0
DA:36,0
LF:6
LH:0
BRF:0
BRH:0
end_of_record
TN:
SF:src/components/ui/button.tsx
FN:44,(anonymous_9)
FNF:1
FNH:1
FNDA:115,(anonymous_9)
DA:1,1
DA:2,1
DA:3,1
DA:5,1
DA:7,1
DA:43,1
DA:45,115
DA:46,115
DA:55,1
DA:57,1
LF:10
LH:10
BRDA:44,0,0,115
BRDA:45,1,0,0
BRDA:45,1,1,115
BRF:3
BRH:2
end_of_record
TN:
SF:src/components/ui/card.tsx
FN:8,(anonymous_9)
FN:23,(anonymous_10)
FN:35,(anonymous_11)
FN:47,(anonymous_12)
FN:59,(anonymous_13)
FN:67,(anonymous_14)
FNF:6
FNH:4
FNDA:19,(anonymous_9)
FNDA:19,(anonymous_10)
FNDA:19,(anonymous_11)
FNDA:0,(anonymous_12)
FNDA:19,(anonymous_13)
FNDA:0,(anonymous_14)
DA:1,1
DA:3,1
DA:5,1
DA:9,19
DA:18,1
DA:20,1
DA:24,19
DA:30,1
DA:32,1
DA:36,19
DA:42,1
DA:44,1
DA:48,0
DA:54,1
DA:56,1
DA:60,19
DA:62,1
DA:64,1
DA:68,0
DA:74,1
DA:76,1
LF:21
LH:19
BRF:0
BRH:0
end_of_record
TN:
SF:src/components/ui/input.tsx
FN:6,(anonymous_9)
FNF:1
FNH:1
FNDA:77,(anonymous_9)
DA:1,1
DA:3,1
DA:5,1
DA:7,77
DA:20,1
DA:22,1
LF:6
LH:6
BRF:0
BRH:0
end_of_record
TN:
SF:src/components/ui/label.tsx
FN:15,(anonymous_9)
FNF:1
FNH:1
FNDA:77,(anonymous_9)
DA:1,1
DA:2,1
DA:3,1
DA:5,1
DA:7,1
DA:11,1
DA:16,77
DA:22,1
DA:24,1
LF:9
LH:9
BRF:0
BRH:0
end_of_record
TN:
SF:src/components/ui/slider.tsx
FN:11,(anonymous_9)
FNF:1
FNH:0
FNDA:0,(anonymous_9)
DA:3,0
DA:4,0
DA:6,0
DA:8,0
DA:12,0
DA:26,0
DA:28,0
LF:7
LH:0
BRF:0
BRH:0
end_of_record
TN:
SF:src/components/ui/switch.tsx
FN:11,(anonymous_9)
FNF:1
FNH:0
FNDA:0,(anonymous_9)
DA:3,0
DA:4,0
DA:6,0
DA:8,0
DA:12,0
DA:27,0
DA:29,0
LF:7
LH:0
BRF:0
BRH:0
end_of_record
TN:
SF:src/components/ui/tabs.tsx
FN:11,(anonymous_9)
FN:26,(anonymous_10)
FN:41,(anonymous_11)
FNF:3
FNH:0
FNDA:0,(anonymous_9)
FNDA:0,(anonymous_10)
FNDA:0,(anonymous_11)
DA:1,0
DA:2,0
DA:4,0
DA:6,0
DA:8,0
DA:12,0
DA:21,0
DA:23,0
DA:27,0
DA:36,0
DA:38,0
DA:42,0
DA:51,0
DA:53,0
LF:14
LH:0
BRF:0
BRH:0
end_of_record
TN:
SF:src/contexts/GameContext.tsx
FN:103,(anonymous_9)
FN:111,(anonymous_10)
FN:162,(anonymous_11)
FN:170,(anonymous_12)
FN:174,(anonymous_13)
FN:179,(anonymous_14)
FN:182,(anonymous_15)
FN:183,(anonymous_16)
FN:187,(anonymous_17)
FN:195,(anonymous_18)
FN:202,(anonymous_19)
FN:205,(anonymous_20)
FN:206,(anonymous_21)
FN:210,(anonymous_22)
FN:218,(anonymous_23)
FN:225,(anonymous_24)
FN:232,(anonymous_25)
FN:238,(anonymous_26)
FN:244,(anonymous_27)
FN:250,(anonymous_28)
FN:256,(anonymous_29)
FN:263,(anonymous_30)
FN:268,(anonymous_31)
FN:274,(anonymous_32)
FN:277,(anonymous_33)
FN:290,(anonymous_34)
FN:295,(anonymous_35)
FN:299,(anonymous_36)
FN:312,(anonymous_37)
FN:316,(anonymous_38)
FN:321,(anonymous_39)
FN:326,(anonymous_40)
FN:330,(anonymous_41)
FN:334,(anonymous_42)
FN:336,(anonymous_43)
FN:351,(anonymous_44)
FN:356,(anonymous_45)
FN:373,(anonymous_46)
FN:377,(anonymous_47)
FN:381,(anonymous_48)
FN:385,(anonymous_49)
FN:389,(anonymous_50)
FN:393,(anonymous_51)
FN:397,(anonymous_52)
FN:401,(anonymous_53)
FN:407,(anonymous_54)
FN:412,(anonymous_55)
FN:418,(anonymous_56)
FN:419,(anonymous_57)
FN:422,(anonymous_58)
FN:423,(anonymous_59)
FN:426,(anonymous_60)
FNF:52
FNH:4
FNDA:7,(anonymous_9)
FNDA:4,(anonymous_10)
FNDA:2,(anonymous_11)
FNDA:0,(anonymous_12)
FNDA:0,(anonymous_13)
FNDA:0,(anonymous_14)
FNDA:0,(anonymous_15)
FNDA:0,(anonymous_16)
FNDA:0,(anonymous_17)
FNDA:0,(anonymous_18)
FNDA:0,(anonymous_19)
FNDA:0,(anonymous_20)
FNDA:0,(anonymous_21)
FNDA:0,(anonymous_22)
FNDA:0,(anonymous_23)
FNDA:0,(anonymous_24)
FNDA:0,(anonymous_25)
FNDA:0,(anonymous_26)
FNDA:0,(anonymous_27)
FNDA:0,(anonymous_28)
FNDA:0,(anonymous_29)
FNDA:0,(anonymous_30)
FNDA:0,(anonymous_31)
FNDA:0,(anonymous_32)
FNDA:0,(anonymous_33)
FNDA:0,(anonymous_34)
FNDA:0,(anonymous_35)
FNDA:0,(anonymous_36)
FNDA:0,(anonymous_37)
FNDA:2,(anonymous_38)
FNDA:0,(anonymous_39)
FNDA:0,(anonymous_40)
FNDA:0,(anonymous_41)
FNDA:0,(anonymous_42)
FNDA:0,(anonymous_43)
FNDA:0,(anonymous_44)
FNDA:0,(anonymous_45)
FNDA:0,(anonymous_46)
FNDA:0,(anonymous_47)
FNDA:0,(anonymous_48)
FNDA:0,(anonymous_49)
FNDA:0,(anonymous_50)
FNDA:0,(anonymous_51)
FNDA:0,(anonymous_52)
FNDA:0,(anonymous_53)
FNDA:0,(anonymous_54)
FNDA:0,(anonymous_55)
FNDA:0,(anonymous_56)
FNDA:0,(anonymous_57)
FNDA:0,(anonymous_58)
FNDA:0,(anonymous_59)
FNDA:0,(anonymous_60)
DA:1,1
DA:2,1
DA:101,1
DA:103,1
DA:104,7
DA:105,6
DA:106,2
DA:108,4
DA:111,1
DA:112,4
DA:113,4
DA:150,4
DA:151,4
DA:152,4
DA:153,4
DA:154,4
DA:155,4
DA:156,4
DA:159,4
DA:160,4
DA:162,4
DA:164,2
DA:165,2
DA:166,2
DA:168,2
DA:170,2
DA:171,0
DA:174,2
DA:175,0
DA:179,2
DA:180,0
DA:182,0
DA:183,0
DA:187,0
DA:193,0
DA:195,0
DA:196,0
DA:197,0
DA:202,2
DA:203,0
DA:205,0
DA:206,0
DA:210,0
DA:216,0
DA:218,0
DA:219,0
DA:220,0
DA:225,2
DA:226,0
DA:227,0
DA:228,0
DA:232,2
DA:233,0
DA:234,0
DA:238,2
DA:239,0
DA:240,0
DA:244,2
DA:245,0
DA:250,2
DA:251,0
DA:252,0
DA:256,2
DA:257,0
DA:258,0
DA:263,2
DA:264,0
DA:268,2
DA:269,0
DA:270,0
DA:274,2
DA:275,0
DA:277,0
DA:283,0
DA:284,0
DA:285,0
DA:286,0
DA:287,0
DA:290,2
DA:291,0
DA:295,2
DA:296,0
DA:297,0
DA:299,0
DA:305,0
DA:306,0
DA:307,0
DA:308,0
DA:309,0
DA:312,2
DA:313,0
DA:316,2
DA:317,2
DA:321,4
DA:322,0
DA:323,0
DA:326,4
DA:327,0
DA:330,4
DA:331,0
DA:334,4
DA:336,0
DA:337,0
DA:338,0
DA:351,0
DA:352,0
DA:353,0
DA:354,0
DA:356,0
DA:370,0
DA:373,4
DA:374,0
DA:377,4
DA:378,0
DA:381,4
DA:382,0
DA:385,4
DA:386,0
DA:389,4
DA:390,0
DA:393,4
DA:394,0
DA:397,4
DA:398,0
DA:401,4
DA:402,0
DA:403,0
DA:407,4
DA:408,0
DA:409,0
DA:412,4
DA:413,0
DA:414,0
DA:415,0
DA:418,4
DA:419,0
DA:422,4
DA:423,0
DA:426,4
DA:427,0
DA:428,0
DA:429,0
DA:432,4
DA:463,4
LF:144
LH:62
BRDA:105,0,0,2
BRDA:164,1,0,2
BRDA:164,1,1,0
BRDA:164,1,2,0
BRDA:182,2,0,0
BRDA:182,2,1,0
BRDA:183,3,0,0
BRDA:183,3,1,0
BRDA:186,4,0,0
BRDA:186,4,1,0
BRDA:187,5,0,0
BRDA:187,5,1,0
BRDA:188,6,0,0
BRDA:188,6,1,0
BRDA:189,7,0,0
BRDA:189,7,1,0
BRDA:189,7,2,0
BRDA:190,8,0,0
BRDA:190,8,1,0
BRDA:196,9,0,0
BRDA:205,10,0,0
BRDA:205,10,1,0
BRDA:206,11,0,0
BRDA:206,11,1,0
BRDA:209,12,0,0
BRDA:209,12,1,0
BRDA:210,13,0,0
BRDA:210,13,1,0
BRDA:211,14,0,0
BRDA:211,14,1,0
BRDA:212,15,0,0
BRDA:212,15,1,0
BRDA:212,15,2,0
BRDA:213,16,0,0
BRDA:213,16,1,0
BRDA:219,17,0,0
BRDA:269,18,0,0
BRDA:269,18,1,0
BRDA:337,19,0,0
BRDA:342,20,0,0
BRDA:342,20,1,0
BRDA:343,21,0,0
BRDA:343,21,1,0
BRDA:344,22,0,0
BRDA:344,22,1,0
BRDA:345,23,0,0
BRDA:345,23,1,0
BRDA:353,24,0,0
BRDA:356,25,0,0
BRDA:356,25,1,0
BRDA:360,26,0,0
BRDA:360,26,1,0
BRDA:361,27,0,0
BRDA:361,27,1,0
BRDA:362,28,0,0
BRDA:362,28,1,0
BRDA:363,29,0,0
BRDA:363,29,1,0
BRF:58
BRH:2
end_of_record
TN:
SF:src/lib/utils.ts
FN:4,cn
FNF:1
FNH:1
FNDA:345,cn
DA:1,1
DA:2,1
DA:4,1
DA:5,345
LF:4
LH:4
BRF:0
BRH:0
end_of_record
